Flow report for RABBIT_DDS_less
Thu Aug 12 20:10:50 2010
Quartus II Version 10.0 Build 218 06/27/2010 SJ Full Version


---------------------
; Table of Contents ;
---------------------
  1. Legal Notice
  2. Flow Summary
  3. Flow Settings
  4. Flow Non-Default Global Settings
  5. Flow Elapsed Time
  6. Flow OS Summary
  7. Flow Log



----------------
; Legal Notice ;
----------------
Copyright (C) 1991-2010 Altera Corporation
Your use of Altera Corporation's design tools, logic functions 
and other software and tools, and its AMPP partner logic 
functions, and any output files from any of the foregoing 
(including device programming or simulation files), and any 
associated documentation or information are expressly subject 
to the terms and conditions of the Altera Program License 
Subscription Agreement, Altera MegaCore Function License 
Agreement, or other applicable license agreement, including, 
without limitation, that your use is for the sole purpose of 
programming logic devices manufactured by Altera and sold by 
Altera or its authorized distributors.  Please refer to the 
applicable agreement for further details.



+--------------------------------------------------------------------------------+
; Flow Summary                                                                   ;
+------------------------------------+-------------------------------------------+
; Flow Status                        ; Successful - Thu Aug 12 20:10:50 2010     ;
; Quartus II Version                 ; 10.0 Build 218 06/27/2010 SJ Full Version ;
; Revision Name                      ; RABBIT_DDS_less                           ;
; Top-level Entity Name              ; RABBIT_DDS_less                           ;
; Family                             ; Cyclone II                                ;
; Device                             ; EP2C35F672C6                              ;
; Timing Models                      ; Final                                     ;
; Met timing requirements            ; Yes                                       ;
; Total logic elements               ; 15,327 / 33,216 ( 46 % )                  ;
;     Total combinational functions  ; 15,326 / 33,216 ( 46 % )                  ;
;     Dedicated logic registers      ; 5,628 / 33,216 ( 17 % )                   ;
; Total registers                    ; 5628                                      ;
; Total pins                         ; 23 / 475 ( 5 % )                          ;
; Total virtual pins                 ; 0                                         ;
; Total memory bits                  ; 0 / 483,840 ( 0 % )                       ;
; Embedded Multiplier 9-bit elements ; 0 / 70 ( 0 % )                            ;
; Total PLLs                         ; 0 / 4 ( 0 % )                             ;
+------------------------------------+-------------------------------------------+


+-----------------------------------------+
; Flow Settings                           ;
+-------------------+---------------------+
; Option            ; Setting             ;
+-------------------+---------------------+
; Start date & time ; 08/12/2010 20:06:00 ;
; Main task         ; Compilation         ;
; Revision Name     ; RABBIT_DDS_less     ;
+-------------------+---------------------+


+-----------------------------------------------------------------------------------------------------------------------------------------------------+
; Flow Non-Default Global Settings                                                                                                                    ;
+-----------------------------------------------+----------------------------------------------------------+---------------+-------------+------------+
; Assignment Name                               ; Value                                                    ; Default Value ; Entity Name ; Section Id ;
+-----------------------------------------------+----------------------------------------------------------+---------------+-------------+------------+
; ALLOW_ANY_RAM_SIZE_FOR_RECOGNITION            ; On                                                       ; Off           ; --          ; --         ;
; ALLOW_ANY_ROM_SIZE_FOR_RECOGNITION            ; On                                                       ; Off           ; --          ; --         ;
; ALLOW_ANY_SHIFT_REGISTER_SIZE_FOR_RECOGNITION ; On                                                       ; Off           ; --          ; --         ;
; COMPILER_SIGNATURE_ID                         ; 152095119046.128165795703928                             ; --            ; --          ; --         ;
; MAX_CORE_JUNCTION_TEMP                        ; 85                                                       ; --            ; --          ; --         ;
; MIN_CORE_JUNCTION_TEMP                        ; 0                                                        ; --            ; --          ; --         ;
; MISC_FILE                                     ; C:/altera/71/quartus/RABBIT_DDS_less/RABBIT_DDS_less.dpf ; --            ; --          ; --         ;
; PARTITION_COLOR                               ; 16764057                                                 ; --            ; --          ; Top        ;
; PARTITION_FITTER_PRESERVATION_LEVEL           ; PLACEMENT_AND_ROUTING                                    ; --            ; --          ; Top        ;
; PARTITION_NETLIST_TYPE                        ; SOURCE                                                   ; --            ; --          ; Top        ;
; POWER_BOARD_THERMAL_MODEL                     ; None (CONSERVATIVE)                                      ; --            ; --          ; --         ;
; POWER_PRESET_COOLING_SOLUTION                 ; 23 MM HEAT SINK WITH 200 LFPM AIRFLOW                    ; --            ; --          ; --         ;
+-----------------------------------------------+----------------------------------------------------------+---------------+-------------+------------+


+-----------------------------------------------------------------------------------------------------------------------------+
; Flow Elapsed Time                                                                                                           ;
+-------------------------+--------------+-------------------------+---------------------+------------------------------------+
; Module Name             ; Elapsed Time ; Average Processors Used ; Peak Virtual Memory ; Total CPU Time (on all processors) ;
+-------------------------+--------------+-------------------------+---------------------+------------------------------------+
; Analysis & Synthesis    ; 00:02:40     ; 1.0                     ; 254 MB              ; 00:02:39                           ;
; Fitter                  ; 00:01:43     ; 1.3                     ; 366 MB              ; 00:01:55                           ;
; Assembler               ; 00:00:07     ; 1.0                     ; 277 MB              ; 00:00:06                           ;
; Classic Timing Analyzer ; 00:00:05     ; 1.0                     ; 243 MB              ; 00:00:04                           ;
; Total                   ; 00:04:35     ; --                      ; --                  ; 00:04:44                           ;
+-------------------------+--------------+-------------------------+---------------------+------------------------------------+


+---------------------------------------------------------------------------------------+
; Flow OS Summary                                                                       ;
+-------------------------+------------------+------------+------------+----------------+
; Module Name             ; Machine Hostname ; OS Name    ; OS Version ; Processor type ;
+-------------------------+------------------+------------+------------+----------------+
; Analysis & Synthesis    ; Iris             ; Windows XP ; 5.1        ; i1586          ;
; Fitter                  ; Iris             ; Windows XP ; 5.1        ; i1586          ;
; Assembler               ; Iris             ; Windows XP ; 5.1        ; i1586          ;
; Classic Timing Analyzer ; Iris             ; Windows XP ; 5.1        ; i1586          ;
+-------------------------+------------------+------------+------------+----------------+


------------
; Flow Log ;
------------
quartus_map --read_settings_files=on --write_settings_files=off RABBIT_DDS_less -c RABBIT_DDS_less
quartus_fit --read_settings_files=off --write_settings_files=off RABBIT_DDS_less -c RABBIT_DDS_less
quartus_asm --read_settings_files=off --write_settings_files=off RABBIT_DDS_less -c RABBIT_DDS_less
quartus_tan --read_settings_files=off --write_settings_files=off RABBIT_DDS_less -c RABBIT_DDS_less --timing_analysis_only



