Analysis & Synthesis report for Rabbit_2_FPGA_2_DDS
Tue Jul 20 15:54:19 2010
Quartus II Version 7.1 Build 178 06/25/2007 Service Pack 1 SJ Full Version


---------------------
; Table of Contents ;
---------------------
  1. Legal Notice
  2. Analysis & Synthesis Summary
  3. Analysis & Synthesis Settings
  4. Analysis & Synthesis Source Files Read
  5. Analysis & Synthesis Resource Usage Summary
  6. Analysis & Synthesis Resource Utilization by Entity
  7. Logic Cells Representing Combinational Loops
  8. Registers Removed During Synthesis
  9. General Register Statistics
 10. Multiplexer Restructuring Statistics (Restructuring Performed)
 11. Parameter Settings for User Entity Instance: out_2_DDS:outing_2_DDS
 12. Analysis & Synthesis Messages



----------------
; Legal Notice ;
----------------
Copyright (C) 1991-2007 Altera Corporation
Your use of Altera Corporation's design tools, logic functions 
and other software and tools, and its AMPP partner logic 
functions, and any output files from any of the foregoing 
(including device programming or simulation files), and any 
associated documentation or information are expressly subject 
to the terms and conditions of the Altera Program License 
Subscription Agreement, Altera MegaCore Function License 
Agreement, or other applicable license agreement, including, 
without limitation, that your use is for the sole purpose of 
programming logic devices manufactured by Altera and sold by 
Altera or its authorized distributors.  Please refer to the 
applicable agreement for further details.



+------------------------------------------------------------------------------------+
; Analysis & Synthesis Summary                                                       ;
+------------------------------------+-----------------------------------------------+
; Analysis & Synthesis Status        ; Successful - Tue Jul 20 15:54:19 2010         ;
; Quartus II Version                 ; 7.1 Build 178 06/25/2007 SP 1 SJ Full Version ;
; Revision Name                      ; Rabbit_2_FPGA_2_DDS                           ;
; Top-level Entity Name              ; Rabbit_2_FPGA_2_DDS                           ;
; Family                             ; Cyclone II                                    ;
; Total logic elements               ; 698                                           ;
;     Total combinational functions  ; 698                                           ;
;     Dedicated logic registers      ; 513                                           ;
; Total registers                    ; 513                                           ;
; Total pins                         ; 15                                            ;
; Total virtual pins                 ; 0                                             ;
; Total memory bits                  ; 0                                             ;
; Embedded Multiplier 9-bit elements ; 0                                             ;
; Total PLLs                         ; 0                                             ;
+------------------------------------+-----------------------------------------------+


+----------------------------------------------------------------------------------------------------------------------------+
; Analysis & Synthesis Settings                                                                                              ;
+--------------------------------------------------------------------------------+---------------------+---------------------+
; Option                                                                         ; Setting             ; Default Value       ;
+--------------------------------------------------------------------------------+---------------------+---------------------+
; Device                                                                         ; EP2C35F672C6        ;                     ;
; Top-level entity name                                                          ; Rabbit_2_FPGA_2_DDS ; Rabbit_2_FPGA_2_DDS ;
; Family name                                                                    ; Cyclone II          ; Stratix II          ;
; Restructure Multiplexers                                                       ; Auto                ; Auto                ;
; Create Debugging Nodes for IP Cores                                            ; Off                 ; Off                 ;
; Preserve fewer node names                                                      ; On                  ; On                  ;
; Disable OpenCore Plus hardware evaluation                                      ; Off                 ; Off                 ;
; Verilog Version                                                                ; Verilog_2001        ; Verilog_2001        ;
; VHDL Version                                                                   ; VHDL93              ; VHDL93              ;
; State Machine Processing                                                       ; Auto                ; Auto                ;
; Safe State Machine                                                             ; Off                 ; Off                 ;
; Extract Verilog State Machines                                                 ; On                  ; On                  ;
; Extract VHDL State Machines                                                    ; On                  ; On                  ;
; Ignore Verilog initial constructs                                              ; Off                 ; Off                 ;
; Add Pass-Through Logic to Inferred RAMs                                        ; On                  ; On                  ;
; DSP Block Balancing                                                            ; Auto                ; Auto                ;
; NOT Gate Push-Back                                                             ; On                  ; On                  ;
; Power-Up Don't Care                                                            ; On                  ; On                  ;
; Remove Redundant Logic Cells                                                   ; Off                 ; Off                 ;
; Remove Duplicate Registers                                                     ; On                  ; On                  ;
; Ignore CARRY Buffers                                                           ; Off                 ; Off                 ;
; Ignore CASCADE Buffers                                                         ; Off                 ; Off                 ;
; Ignore GLOBAL Buffers                                                          ; Off                 ; Off                 ;
; Ignore ROW GLOBAL Buffers                                                      ; Off                 ; Off                 ;
; Ignore LCELL Buffers                                                           ; Off                 ; Off                 ;
; Ignore SOFT Buffers                                                            ; On                  ; On                  ;
; Limit AHDL Integers to 32 Bits                                                 ; Off                 ; Off                 ;
; Optimization Technique -- Cyclone II/Cyclone III                               ; Balanced            ; Balanced            ;
; Carry Chain Length -- Stratix/Stratix GX/Cyclone/MAX II/Cyclone II/Cyclone III ; 70                  ; 70                  ;
; Auto Carry Chains                                                              ; On                  ; On                  ;
; Auto Open-Drain Pins                                                           ; On                  ; On                  ;
; Perform WYSIWYG Primitive Resynthesis                                          ; Off                 ; Off                 ;
; Perform gate-level register retiming                                           ; Off                 ; Off                 ;
; Allow register retiming to trade off Tsu/Tco with Fmax                         ; On                  ; On                  ;
; Auto ROM Replacement                                                           ; On                  ; On                  ;
; Auto RAM Replacement                                                           ; On                  ; On                  ;
; Auto Shift Register Replacement                                                ; Auto                ; Auto                ;
; Auto Clock Enable Replacement                                                  ; On                  ; On                  ;
; Allow Synchronous Control Signals                                              ; On                  ; On                  ;
; Force Use of Synchronous Clear Signals                                         ; Off                 ; Off                 ;
; Auto RAM to Logic Cell Conversion                                              ; Off                 ; Off                 ;
; Auto Resource Sharing                                                          ; Off                 ; Off                 ;
; Allow Any RAM Size For Recognition                                             ; Off                 ; Off                 ;
; Allow Any ROM Size For Recognition                                             ; Off                 ; Off                 ;
; Allow Any Shift Register Size For Recognition                                  ; Off                 ; Off                 ;
; Ignore translate_off and synthesis_off directives                              ; Off                 ; Off                 ;
; Show Parameter Settings Tables in Synthesis Report                             ; On                  ; On                  ;
; Ignore Maximum Fan-Out Assignments                                             ; Off                 ; Off                 ;
; Retiming Meta-Stability Register Sequence Length                               ; 2                   ; 2                   ;
; PowerPlay Power Optimization                                                   ; Normal compilation  ; Normal compilation  ;
; HDL message level                                                              ; Level2              ; Level2              ;
; Suppress Register Optimization Related Messages                                ; Off                 ; Off                 ;
; Number of Removed Registers Reported in Synthesis Report                       ; 100                 ; 100                 ;
; Clock MUX Protection                                                           ; On                  ; On                  ;
; Use smart compilation                                                          ; Off                 ; Off                 ;
+--------------------------------------------------------------------------------+---------------------+---------------------+


+----------------------------------------------------------------------------------------------------------------------------------------------+
; Analysis & Synthesis Source Files Read                                                                                                       ;
+----------------------------------+-----------------+------------------------+----------------------------------------------------------------+
; File Name with User-Entered Path ; Used in Netlist ; File Type              ; File Name with Absolute Path                                   ;
+----------------------------------+-----------------+------------------------+----------------------------------------------------------------+
; Rabbit_2_FPGA_2_DDS.v            ; yes             ; User Verilog HDL File  ; C:/altera/71/quartus/Rabbit_2_FPGA_2_DDS/Rabbit_2_FPGA_2_DDS.v ;
; out_2_DDS.v                      ; yes             ; User Verilog HDL File  ; C:/altera/71/quartus/Rabbit_2_FPGA_2_DDS/out_2_DDS.v           ;
; reader.v                         ; yes             ; User Verilog HDL File  ; C:/altera/71/quartus/Rabbit_2_FPGA_2_DDS/reader.v              ;
+----------------------------------+-----------------+------------------------+----------------------------------------------------------------+


+---------------------------------------------------------+
; Analysis & Synthesis Resource Usage Summary             ;
+---------------------------------------------+-----------+
; Resource                                    ; Usage     ;
+---------------------------------------------+-----------+
; Estimated Total logic elements              ; 698       ;
;                                             ;           ;
; Total combinational functions               ; 698       ;
; Logic element usage by number of LUT inputs ;           ;
;     -- 4 input functions                    ; 424       ;
;     -- 3 input functions                    ; 112       ;
;     -- <=2 input functions                  ; 162       ;
;                                             ;           ;
; Logic elements by mode                      ;           ;
;     -- normal mode                          ; 504       ;
;     -- arithmetic mode                      ; 194       ;
;                                             ;           ;
; Total registers                             ; 513       ;
;     -- Dedicated logic registers            ; 513       ;
;     -- I/O registers                        ; 0         ;
;                                             ;           ;
; I/O pins                                    ; 15        ;
; Maximum fan-out node                        ; SCLK_PE_3 ;
; Maximum fan-out                             ; 399       ;
; Total fan-out                               ; 3817      ;
; Average fan-out                             ; 3.11      ;
+---------------------------------------------+-----------+


+------------------------------------------------------------------------------------------------------------------------------------------------------------------------------------------------------+
; Analysis & Synthesis Resource Utilization by Entity                                                                                                                                                  ;
+-----------------------------+-------------------+--------------+-------------+--------------+---------+-----------+------+--------------+---------------------------------------------+--------------+
; Compilation Hierarchy Node  ; LC Combinationals ; LC Registers ; Memory Bits ; DSP Elements ; DSP 9x9 ; DSP 18x18 ; Pins ; Virtual Pins ; Full Hierarchy Name                         ; Library Name ;
+-----------------------------+-------------------+--------------+-------------+--------------+---------+-----------+------+--------------+---------------------------------------------+--------------+
; |Rabbit_2_FPGA_2_DDS        ; 698 (0)           ; 513 (0)      ; 0           ; 0            ; 0       ; 0         ; 15   ; 0            ; |Rabbit_2_FPGA_2_DDS                        ; work         ;
;    |out_2_DDS:outing_2_DDS| ; 400 (400)         ; 114 (114)    ; 0           ; 0            ; 0       ; 0         ; 0    ; 0            ; |Rabbit_2_FPGA_2_DDS|out_2_DDS:outing_2_DDS ; work         ;
;    |reader:reading|         ; 298 (298)         ; 399 (399)    ; 0           ; 0            ; 0       ; 0         ; 0    ; 0            ; |Rabbit_2_FPGA_2_DDS|reader:reading         ; work         ;
+-----------------------------+-------------------+--------------+-------------+--------------+---------+-----------+------+--------------+---------------------------------------------+--------------+
Note: For table entries with two numbers listed, the numbers in parentheses indicate the number of resources of the given type used by the specific entity alone. The numbers listed outside of parentheses indicate the total resources of the given type used by the specific entity and all of its sub-entities in the hierarchy.


+------------------------------------------------------------+
; Logic Cells Representing Combinational Loops               ;
+--------------------------------------------------------+---+
; Logic Cell Name                                        ;   ;
+--------------------------------------------------------+---+
; rtl~0                                                  ;   ;
; Number of logic cells representing combinational loops ; 1 ;
+--------------------------------------------------------+---+
Note: All cells listed above may not be present at the end of synthesis due to various synthesis optimizations.


+---------------------------------------------------------------------------------+
; Registers Removed During Synthesis                                              ;
+----------------------------------------+----------------------------------------+
; Register name                          ; Reason for Removal                     ;
+----------------------------------------+----------------------------------------+
; outing_2_DDS/DR_HOLD_0                 ; Stuck at GND due to stuck port data_in ;
; outing_2_DDS/OSK_0                     ; Stuck at GND due to stuck port data_in ;
; outing_2_DDS/CSB_0                     ; Stuck at GND due to stuck port data_in ;
; outing_2_DDS/sweep_end_flag            ; Merged with outing_2_DDS/init_end_flag ;
; reading/N[0]                           ; Merged with reading/M[0]               ;
; reading/N[1]                           ; Merged with reading/M[1]               ;
; reading/N[2]                           ; Merged with reading/M[2]               ;
; reading/N[3]                           ; Merged with reading/M[3]               ;
; reading/N[4]                           ; Merged with reading/M[4]               ;
; reading/N[5]                           ; Merged with reading/M[5]               ;
; reading/N[6]                           ; Merged with reading/M[6]               ;
; reading/N[7]                           ; Merged with reading/M[7]               ;
; reading/N[8]                           ; Merged with reading/M[8]               ;
; reading/N[9]                           ; Merged with reading/M[9]               ;
; reading/N[10]                          ; Merged with reading/M[10]              ;
; reading/N[11]                          ; Merged with reading/M[11]              ;
; reading/N[12]                          ; Merged with reading/M[12]              ;
; reading/N[13]                          ; Merged with reading/M[13]              ;
; reading/N[14]                          ; Merged with reading/M[14]              ;
; reading/N[15]                          ; Merged with reading/M[15]              ;
; reading/N[16]                          ; Merged with reading/M[16]              ;
; reading/N[17]                          ; Merged with reading/M[17]              ;
; reading/N[18]                          ; Merged with reading/M[18]              ;
; reading/N[19]                          ; Merged with reading/M[19]              ;
; reading/N[20]                          ; Merged with reading/M[20]              ;
; reading/N[21]                          ; Merged with reading/M[21]              ;
; reading/N[22]                          ; Merged with reading/M[22]              ;
; reading/N[23]                          ; Merged with reading/M[23]              ;
; reading/N[24]                          ; Merged with reading/M[24]              ;
; reading/N[25]                          ; Merged with reading/M[25]              ;
; reading/N[26]                          ; Merged with reading/M[26]              ;
; reading/N[27]                          ; Merged with reading/M[27]              ;
; reading/N[28]                          ; Merged with reading/M[28]              ;
; reading/N[29]                          ; Merged with reading/M[29]              ;
; reading/N[30]                          ; Merged with reading/M[30]              ;
; reading/N[31]                          ; Merged with reading/M[31]              ;
; outing_2_DDS/N[9..31]                  ; Lost fanout                            ;
; Total Number of Removed Registers = 59 ;                                        ;
+----------------------------------------+----------------------------------------+


+------------------------------------------------------+
; General Register Statistics                          ;
+----------------------------------------------+-------+
; Statistic                                    ; Value ;
+----------------------------------------------+-------+
; Total registers                              ; 513   ;
; Number of registers using Synchronous Clear  ; 137   ;
; Number of registers using Synchronous Load   ; 4     ;
; Number of registers using Asynchronous Clear ; 0     ;
; Number of registers using Asynchronous Load  ; 0     ;
; Number of registers using Clock Enable       ; 290   ;
; Number of registers using Preset             ; 0     ;
+----------------------------------------------+-------+


+-----------------------------------------------------------------------------------------------------------------------------------------------------------------+
; Multiplexer Restructuring Statistics (Restructuring Performed)                                                                                                  ;
+--------------------+-----------+---------------+----------------------+------------------------+------------+---------------------------------------------------+
; Multiplexer Inputs ; Bus Width ; Baseline Area ; Area if Restructured ; Saving if Restructured ; Registered ; Example Multiplexer Output                        ;
+--------------------+-----------+---------------+----------------------+------------------------+------------+---------------------------------------------------+
; 4:1                ; 32 bits   ; 64 LEs        ; 32 LEs               ; 32 LEs                 ; Yes        ; |Rabbit_2_FPGA_2_DDS|out_2_DDS:outing_2_DDS|M[16] ;
; 4:1                ; 32 bits   ; 64 LEs        ; 32 LEs               ; 32 LEs                 ; Yes        ; |Rabbit_2_FPGA_2_DDS|out_2_DDS:outing_2_DDS|L[11] ;
; 7:1                ; 32 bits   ; 128 LEs       ; 32 LEs               ; 96 LEs                 ; Yes        ; |Rabbit_2_FPGA_2_DDS|out_2_DDS:outing_2_DDS|N[30] ;
+--------------------+-----------+---------------+----------------------+------------------------+------------+---------------------------------------------------+


+-----------------------------------------------------------------------------------------------------------------------------------------------------------------------------------------------------------------------------------------------------------------------------+
; Parameter Settings for User Entity Instance: out_2_DDS:outing_2_DDS                                                                                                                                                                                                         ;
+----------------+------------------------------------------------------------------------------------------------------------------------------------------------------------------------------------------------------------------------------------------+-----------------+
; Parameter Name ; Value                                                                                                                                                                                                                                    ; Type            ;
+----------------+------------------------------------------------------------------------------------------------------------------------------------------------------------------------------------------------------------------------------------------+-----------------+
; INIT_REG       ; 0000101100000000000000000000000000000000000000000000000000000000000000000000000000000000000000000100000000000000000000010000000001001000000000000010000000000010001101010011111111000001110010000000001100000000000000000000000000000000 ; Unsigned Binary ;
+----------------+------------------------------------------------------------------------------------------------------------------------------------------------------------------------------------------------------------------------------------------+-----------------+
Note: In order to hide this table in the UI and the text report file, please set the "Show Parameter Settings Tables in Synthesis Report" option in "Analysis and Synthesis Settings -> More Settings" to "Off".


+-------------------------------+
; Analysis & Synthesis Messages ;
+-------------------------------+
Info: *******************************************************************
Info: Running Quartus II Analysis & Synthesis
    Info: Version 7.1 Build 178 06/25/2007 Service Pack 1 SJ Full Version
    Info: Processing started: Tue Jul 20 15:54:08 2010
Info: Command: quartus_map --read_settings_files=on --write_settings_files=off Rabbit_2_FPGA_2_DDS -c Rabbit_2_FPGA_2_DDS
Info: Found 1 design units, including 1 entities, in source file Rabbit_2_FPGA_2_DDS.v
    Info: Found entity 1: Rabbit_2_FPGA_2_DDS
Info: Found 1 design units, including 1 entities, in source file out_2_DDS.v
    Info: Found entity 1: out_2_DDS
Info: Found 1 design units, including 1 entities, in source file reader.v
    Info: Found entity 1: reader
Info: Elaborating entity "Rabbit_2_FPGA_2_DDS" for the top level hierarchy
Info: Elaborating entity "out_2_DDS" for hierarchy "out_2_DDS:outing_2_DDS"
Info: Elaborating entity "reader" for hierarchy "reader:reading"
Warning: Reduced register "out_2_DDS:outing_2_DDS|DR_HOLD_0" with stuck data_in port to stuck value GND
Warning: Reduced register "out_2_DDS:outing_2_DDS|OSK_0" with stuck data_in port to stuck value GND
Warning: Reduced register "out_2_DDS:outing_2_DDS|CSB_0" with stuck data_in port to stuck value GND
Info: Duplicate registers merged to single register
    Info: Duplicate register "out_2_DDS:outing_2_DDS|sweep_end_flag" merged to single register "out_2_DDS:outing_2_DDS|init_end_flag"
Info: Duplicate registers merged to single register
    Info: Duplicate register "reader:reading|N[0]" merged to single register "reader:reading|M[0]"
    Info: Duplicate register "reader:reading|N[1]" merged to single register "reader:reading|M[1]"
    Info: Duplicate register "reader:reading|N[2]" merged to single register "reader:reading|M[2]"
    Info: Duplicate register "reader:reading|N[3]" merged to single register "reader:reading|M[3]"
    Info: Duplicate register "reader:reading|N[4]" merged to single register "reader:reading|M[4]"
    Info: Duplicate register "reader:reading|N[5]" merged to single register "reader:reading|M[5]"
    Info: Duplicate register "reader:reading|N[6]" merged to single register "reader:reading|M[6]"
    Info: Duplicate register "reader:reading|N[7]" merged to single register "reader:reading|M[7]"
    Info: Duplicate register "reader:reading|N[8]" merged to single register "reader:reading|M[8]"
    Info: Duplicate register "reader:reading|N[9]" merged to single register "reader:reading|M[9]"
    Info: Duplicate register "reader:reading|N[10]" merged to single register "reader:reading|M[10]"
    Info: Duplicate register "reader:reading|N[11]" merged to single register "reader:reading|M[11]"
    Info: Duplicate register "reader:reading|N[12]" merged to single register "reader:reading|M[12]"
    Info: Duplicate register "reader:reading|N[13]" merged to single register "reader:reading|M[13]"
    Info: Duplicate register "reader:reading|N[14]" merged to single register "reader:reading|M[14]"
    Info: Duplicate register "reader:reading|N[15]" merged to single register "reader:reading|M[15]"
    Info: Duplicate register "reader:reading|N[16]" merged to single register "reader:reading|M[16]"
    Info: Duplicate register "reader:reading|N[17]" merged to single register "reader:reading|M[17]"
    Info: Duplicate register "reader:reading|N[18]" merged to single register "reader:reading|M[18]"
    Info: Duplicate register "reader:reading|N[19]" merged to single register "reader:reading|M[19]"
Info: Duplicate registers merged to single register
    Info: Duplicate register "reader:reading|N[20]" merged to single register "reader:reading|M[20]"
    Info: Duplicate register "reader:reading|N[21]" merged to single register "reader:reading|M[21]"
    Info: Duplicate register "reader:reading|N[22]" merged to single register "reader:reading|M[22]"
    Info: Duplicate register "reader:reading|N[23]" merged to single register "reader:reading|M[23]"
    Info: Duplicate register "reader:reading|N[24]" merged to single register "reader:reading|M[24]"
    Info: Duplicate register "reader:reading|N[25]" merged to single register "reader:reading|M[25]"
    Info: Duplicate register "reader:reading|N[26]" merged to single register "reader:reading|M[26]"
    Info: Duplicate register "reader:reading|N[27]" merged to single register "reader:reading|M[27]"
    Info: Duplicate register "reader:reading|N[28]" merged to single register "reader:reading|M[28]"
    Info: Duplicate register "reader:reading|N[29]" merged to single register "reader:reading|M[29]"
    Info: Duplicate register "reader:reading|N[30]" merged to single register "reader:reading|M[30]"
    Info: Duplicate register "reader:reading|N[31]" merged to single register "reader:reading|M[31]"
Warning: Output pins are stuck at VCC or GND
    Warning: Pin "CSB" stuck at GND
    Warning: Pin "DR_HOLD" stuck at GND
    Warning: Pin "OSK" stuck at GND
Info: 23 registers lost all their fanouts during netlist optimizations. The first 23 are displayed below.
    Info: Register "outing_2_DDS/N[9]" lost all its fanouts during netlist optimizations.
    Info: Register "outing_2_DDS/N[10]" lost all its fanouts during netlist optimizations.
    Info: Register "outing_2_DDS/N[11]" lost all its fanouts during netlist optimizations.
    Info: Register "outing_2_DDS/N[12]" lost all its fanouts during netlist optimizations.
    Info: Register "outing_2_DDS/N[13]" lost all its fanouts during netlist optimizations.
    Info: Register "outing_2_DDS/N[14]" lost all its fanouts during netlist optimizations.
    Info: Register "outing_2_DDS/N[15]" lost all its fanouts during netlist optimizations.
    Info: Register "outing_2_DDS/N[16]" lost all its fanouts during netlist optimizations.
    Info: Register "outing_2_DDS/N[17]" lost all its fanouts during netlist optimizations.
    Info: Register "outing_2_DDS/N[18]" lost all its fanouts during netlist optimizations.
    Info: Register "outing_2_DDS/N[19]" lost all its fanouts during netlist optimizations.
    Info: Register "outing_2_DDS/N[20]" lost all its fanouts during netlist optimizations.
    Info: Register "outing_2_DDS/N[21]" lost all its fanouts during netlist optimizations.
    Info: Register "outing_2_DDS/N[22]" lost all its fanouts during netlist optimizations.
    Info: Register "outing_2_DDS/N[23]" lost all its fanouts during netlist optimizations.
    Info: Register "outing_2_DDS/N[24]" lost all its fanouts during netlist optimizations.
    Info: Register "outing_2_DDS/N[25]" lost all its fanouts during netlist optimizations.
    Info: Register "outing_2_DDS/N[26]" lost all its fanouts during netlist optimizations.
    Info: Register "outing_2_DDS/N[27]" lost all its fanouts during netlist optimizations.
    Info: Register "outing_2_DDS/N[28]" lost all its fanouts during netlist optimizations.
    Info: Register "outing_2_DDS/N[29]" lost all its fanouts during netlist optimizations.
    Info: Register "outing_2_DDS/N[30]" lost all its fanouts during netlist optimizations.
    Info: Register "outing_2_DDS/N[31]" lost all its fanouts during netlist optimizations.
Info: Implemented 899 device resources after synthesis - the final resource count might be different
    Info: Implemented 6 input pins
    Info: Implemented 9 output pins
    Info: Implemented 884 logic cells
Info: Quartus II Analysis & Synthesis was successful. 0 errors, 7 warnings
    Info: Allocated 146 megabytes of memory during processing
    Info: Processing ended: Tue Jul 20 15:54:19 2010
    Info: Elapsed time: 00:00:11


