Classic Timing Analyzer report for LOLO
Mon Aug 09 20:14:36 2010
Quartus II Version 7.1 Build 178 06/25/2007 Service Pack 1 SJ Full Version


---------------------
; Table of Contents ;
---------------------
  1. Legal Notice
  2. Timing Analyzer Summary
  3. Timing Analyzer Settings
  4. Clock Settings Summary
  5. Clock Setup: 'tenMHz_ext'
  6. tsu
  7. tco
  8. th
  9. Timing Analyzer Messages



----------------
; Legal Notice ;
----------------
Copyright (C) 1991-2007 Altera Corporation
Your use of Altera Corporation's design tools, logic functions 
and other software and tools, and its AMPP partner logic 
functions, and any output files from any of the foregoing 
(including device programming or simulation files), and any 
associated documentation or information are expressly subject 
to the terms and conditions of the Altera Program License 
Subscription Agreement, Altera MegaCore Function License 
Agreement, or other applicable license agreement, including, 
without limitation, that your use is for the sole purpose of 
programming logic devices manufactured by Altera and sold by 
Altera or its authorized distributors.  Please refer to the 
applicable agreement for further details.



+-------------------------------------------------------------------------------------------------------------------------------------------------------------------------+
; Timing Analyzer Summary                                                                                                                                                 ;
+------------------------------+-------+---------------+----------------------------------+----------------+---------------------+------------+------------+--------------+
; Type                         ; Slack ; Required Time ; Actual Time                      ; From           ; To                  ; From Clock ; To Clock   ; Failed Paths ;
+------------------------------+-------+---------------+----------------------------------+----------------+---------------------+------------+------------+--------------+
; Worst-case tsu               ; N/A   ; None          ; 4.507 ns                         ; key_0_init     ; init_key_flag~reg0  ; --         ; tenMHz_ext ; 0            ;
; Worst-case tco               ; N/A   ; None          ; 9.670 ns                         ; IO_UPDATE~reg0 ; IO_UPDATE           ; tenMHz_ext ; --         ; 0            ;
; Worst-case th                ; N/A   ; None          ; -3.111 ns                        ; key_3_sweep    ; sweep_key_flag~reg0 ; --         ; tenMHz_ext ; 0            ;
; Clock Setup: 'tenMHz_ext'    ; N/A   ; None          ; 131.93 MHz ( period = 7.580 ns ) ; T[18]          ; M[17]               ; tenMHz_ext ; tenMHz_ext ; 0            ;
; Total number of failed paths ;       ;               ;                                  ;                ;                     ;            ;            ; 0            ;
+------------------------------+-------+---------------+----------------------------------+----------------+---------------------+------------+------------+--------------+


+------------------------------------------------------------------------------------------------------+
; Timing Analyzer Settings                                                                             ;
+-------------------------------------------------------+--------------------+------+----+-------------+
; Option                                                ; Setting            ; From ; To ; Entity Name ;
+-------------------------------------------------------+--------------------+------+----+-------------+
; Device Name                                           ; EP2C35F672C6       ;      ;    ;             ;
; Timing Models                                         ; Final              ;      ;    ;             ;
; Default hold multicycle                               ; Same as Multicycle ;      ;    ;             ;
; Cut paths between unrelated clock domains             ; On                 ;      ;    ;             ;
; Cut off read during write signal paths                ; On                 ;      ;    ;             ;
; Cut off feedback from I/O pins                        ; On                 ;      ;    ;             ;
; Report Combined Fast/Slow Timing                      ; Off                ;      ;    ;             ;
; Ignore Clock Settings                                 ; Off                ;      ;    ;             ;
; Analyze latches as synchronous elements               ; On                 ;      ;    ;             ;
; Enable Recovery/Removal analysis                      ; Off                ;      ;    ;             ;
; Enable Clock Latency                                  ; Off                ;      ;    ;             ;
; Number of source nodes to report per destination node ; 10                 ;      ;    ;             ;
; Number of destination nodes to report                 ; 10                 ;      ;    ;             ;
; Number of paths to report                             ; 200                ;      ;    ;             ;
; Report Minimum Timing Checks                          ; Off                ;      ;    ;             ;
; Use Fast Timing Models                                ; Off                ;      ;    ;             ;
; Report IO Paths Separately                            ; Off                ;      ;    ;             ;
+-------------------------------------------------------+--------------------+------+----+-------------+


+------------------------------------------------------------------------------------------------------------------------------------------------------------------------------------+
; Clock Settings Summary                                                                                                                                                             ;
+-----------------+--------------------+----------+------------------+---------------+--------------+----------+-----------------------+---------------------+--------+--------------+
; Clock Node Name ; Clock Setting Name ; Type     ; Fmax Requirement ; Early Latency ; Late Latency ; Based on ; Multiply Base Fmax by ; Divide Base Fmax by ; Offset ; Phase offset ;
+-----------------+--------------------+----------+------------------+---------------+--------------+----------+-----------------------+---------------------+--------+--------------+
; tenMHz_ext      ;                    ; User Pin ; None             ; 0.000 ns      ; 0.000 ns     ; --       ; N/A                   ; N/A                 ; N/A    ;              ;
+-----------------+--------------------+----------+------------------+---------------+--------------+----------+-----------------------+---------------------+--------+--------------+


+--------------------------------------------------------------------------------------------------------------------------------------------------------------------------------------------------------------------------------------------------------------------------------------------------------------+
; Clock Setup: 'tenMHz_ext'                                                                                                                                                                                                                                                                                    ;
+-----------------------------------------+-----------------------------------------------------+-------+----------------------------------------------------------------------------------------+------------+------------+-----------------------------+---------------------------+-------------------------+
; Slack                                   ; Actual fmax (period)                                ; From  ; To                                                                                     ; From Clock ; To Clock   ; Required Setup Relationship ; Required Longest P2P Time ; Actual Longest P2P Time ;
+-----------------------------------------+-----------------------------------------------------+-------+----------------------------------------------------------------------------------------+------------+------------+-----------------------------+---------------------------+-------------------------+
; N/A                                     ; 131.93 MHz ( period = 7.580 ns )                    ; T[18] ; M[31]                                                                                  ; tenMHz_ext ; tenMHz_ext ; None                        ; None                      ; 7.370 ns                ;
; N/A                                     ; 131.93 MHz ( period = 7.580 ns )                    ; T[18] ; M[29]                                                                                  ; tenMHz_ext ; tenMHz_ext ; None                        ; None                      ; 7.370 ns                ;
; N/A                                     ; 131.93 MHz ( period = 7.580 ns )                    ; T[18] ; M[28]                                                                                  ; tenMHz_ext ; tenMHz_ext ; None                        ; None                      ; 7.370 ns                ;
; N/A                                     ; 131.93 MHz ( period = 7.580 ns )                    ; T[18] ; M[30]                                                                                  ; tenMHz_ext ; tenMHz_ext ; None                        ; None                      ; 7.370 ns                ;
; N/A                                     ; 131.93 MHz ( period = 7.580 ns )                    ; T[18] ; M[18]                                                                                  ; tenMHz_ext ; tenMHz_ext ; None                        ; None                      ; 7.370 ns                ;
; N/A                                     ; 131.93 MHz ( period = 7.580 ns )                    ; T[18] ; M[19]                                                                                  ; tenMHz_ext ; tenMHz_ext ; None                        ; None                      ; 7.370 ns                ;
; N/A                                     ; 131.93 MHz ( period = 7.580 ns )                    ; T[18] ; M[26]                                                                                  ; tenMHz_ext ; tenMHz_ext ; None                        ; None                      ; 7.370 ns                ;
; N/A                                     ; 131.93 MHz ( period = 7.580 ns )                    ; T[18] ; M[24]                                                                                  ; tenMHz_ext ; tenMHz_ext ; None                        ; None                      ; 7.370 ns                ;
; N/A                                     ; 131.93 MHz ( period = 7.580 ns )                    ; T[18] ; M[25]                                                                                  ; tenMHz_ext ; tenMHz_ext ; None                        ; None                      ; 7.370 ns                ;
; N/A                                     ; 131.93 MHz ( period = 7.580 ns )                    ; T[18] ; M[27]                                                                                  ; tenMHz_ext ; tenMHz_ext ; None                        ; None                      ; 7.370 ns                ;
; N/A                                     ; 131.93 MHz ( period = 7.580 ns )                    ; T[18] ; M[21]                                                                                  ; tenMHz_ext ; tenMHz_ext ; None                        ; None                      ; 7.370 ns                ;
; N/A                                     ; 131.93 MHz ( period = 7.580 ns )                    ; T[18] ; M[20]                                                                                  ; tenMHz_ext ; tenMHz_ext ; None                        ; None                      ; 7.370 ns                ;
; N/A                                     ; 131.93 MHz ( period = 7.580 ns )                    ; T[18] ; M[23]                                                                                  ; tenMHz_ext ; tenMHz_ext ; None                        ; None                      ; 7.370 ns                ;
; N/A                                     ; 131.93 MHz ( period = 7.580 ns )                    ; T[18] ; M[22]                                                                                  ; tenMHz_ext ; tenMHz_ext ; None                        ; None                      ; 7.370 ns                ;
; N/A                                     ; 131.93 MHz ( period = 7.580 ns )                    ; T[18] ; M[16]                                                                                  ; tenMHz_ext ; tenMHz_ext ; None                        ; None                      ; 7.370 ns                ;
; N/A                                     ; 131.93 MHz ( period = 7.580 ns )                    ; T[18] ; M[17]                                                                                  ; tenMHz_ext ; tenMHz_ext ; None                        ; None                      ; 7.370 ns                ;
; N/A                                     ; 132.12 MHz ( period = 7.569 ns )                    ; T[18] ; M[0]                                                                                   ; tenMHz_ext ; tenMHz_ext ; None                        ; None                      ; 7.361 ns                ;
; N/A                                     ; 132.12 MHz ( period = 7.569 ns )                    ; T[18] ; M[10]                                                                                  ; tenMHz_ext ; tenMHz_ext ; None                        ; None                      ; 7.361 ns                ;
; N/A                                     ; 132.12 MHz ( period = 7.569 ns )                    ; T[18] ; M[8]                                                                                   ; tenMHz_ext ; tenMHz_ext ; None                        ; None                      ; 7.361 ns                ;
; N/A                                     ; 132.12 MHz ( period = 7.569 ns )                    ; T[18] ; M[9]                                                                                   ; tenMHz_ext ; tenMHz_ext ; None                        ; None                      ; 7.361 ns                ;
; N/A                                     ; 132.12 MHz ( period = 7.569 ns )                    ; T[18] ; M[11]                                                                                  ; tenMHz_ext ; tenMHz_ext ; None                        ; None                      ; 7.361 ns                ;
; N/A                                     ; 132.12 MHz ( period = 7.569 ns )                    ; T[18] ; M[6]                                                                                   ; tenMHz_ext ; tenMHz_ext ; None                        ; None                      ; 7.361 ns                ;
; N/A                                     ; 132.12 MHz ( period = 7.569 ns )                    ; T[18] ; M[4]                                                                                   ; tenMHz_ext ; tenMHz_ext ; None                        ; None                      ; 7.361 ns                ;
; N/A                                     ; 132.12 MHz ( period = 7.569 ns )                    ; T[18] ; M[7]                                                                                   ; tenMHz_ext ; tenMHz_ext ; None                        ; None                      ; 7.361 ns                ;
; N/A                                     ; 132.12 MHz ( period = 7.569 ns )                    ; T[18] ; M[5]                                                                                   ; tenMHz_ext ; tenMHz_ext ; None                        ; None                      ; 7.361 ns                ;
; N/A                                     ; 132.12 MHz ( period = 7.569 ns )                    ; T[18] ; M[2]                                                                                   ; tenMHz_ext ; tenMHz_ext ; None                        ; None                      ; 7.361 ns                ;
; N/A                                     ; 132.12 MHz ( period = 7.569 ns )                    ; T[18] ; M[1]                                                                                   ; tenMHz_ext ; tenMHz_ext ; None                        ; None                      ; 7.361 ns                ;
; N/A                                     ; 132.12 MHz ( period = 7.569 ns )                    ; T[18] ; M[3]                                                                                   ; tenMHz_ext ; tenMHz_ext ; None                        ; None                      ; 7.361 ns                ;
; N/A                                     ; 132.12 MHz ( period = 7.569 ns )                    ; T[18] ; M[13]                                                                                  ; tenMHz_ext ; tenMHz_ext ; None                        ; None                      ; 7.361 ns                ;
; N/A                                     ; 132.12 MHz ( period = 7.569 ns )                    ; T[18] ; M[12]                                                                                  ; tenMHz_ext ; tenMHz_ext ; None                        ; None                      ; 7.361 ns                ;
; N/A                                     ; 132.12 MHz ( period = 7.569 ns )                    ; T[18] ; M[14]                                                                                  ; tenMHz_ext ; tenMHz_ext ; None                        ; None                      ; 7.361 ns                ;
; N/A                                     ; 132.12 MHz ( period = 7.569 ns )                    ; T[18] ; M[15]                                                                                  ; tenMHz_ext ; tenMHz_ext ; None                        ; None                      ; 7.361 ns                ;
; N/A                                     ; 132.64 MHz ( period = 7.539 ns )                    ; B[26] ; altsyncram:WideOr1_rtl_0|altsyncram_peu:auto_generated|ram_block1a0~porta_address_reg4 ; tenMHz_ext ; tenMHz_ext ; None                        ; None                      ; 7.324 ns                ;
; N/A                                     ; 133.19 MHz ( period = 7.508 ns )                    ; M[20] ; altsyncram:WideOr1_rtl_0|altsyncram_peu:auto_generated|ram_block1a0~porta_address_reg6 ; tenMHz_ext ; tenMHz_ext ; None                        ; None                      ; 7.268 ns                ;
; N/A                                     ; 133.64 MHz ( period = 7.483 ns )                    ; T[17] ; M[31]                                                                                  ; tenMHz_ext ; tenMHz_ext ; None                        ; None                      ; 7.273 ns                ;
; N/A                                     ; 133.64 MHz ( period = 7.483 ns )                    ; T[17] ; M[29]                                                                                  ; tenMHz_ext ; tenMHz_ext ; None                        ; None                      ; 7.273 ns                ;
; N/A                                     ; 133.64 MHz ( period = 7.483 ns )                    ; T[17] ; M[28]                                                                                  ; tenMHz_ext ; tenMHz_ext ; None                        ; None                      ; 7.273 ns                ;
; N/A                                     ; 133.64 MHz ( period = 7.483 ns )                    ; T[17] ; M[30]                                                                                  ; tenMHz_ext ; tenMHz_ext ; None                        ; None                      ; 7.273 ns                ;
; N/A                                     ; 133.64 MHz ( period = 7.483 ns )                    ; T[17] ; M[18]                                                                                  ; tenMHz_ext ; tenMHz_ext ; None                        ; None                      ; 7.273 ns                ;
; N/A                                     ; 133.64 MHz ( period = 7.483 ns )                    ; T[17] ; M[19]                                                                                  ; tenMHz_ext ; tenMHz_ext ; None                        ; None                      ; 7.273 ns                ;
; N/A                                     ; 133.64 MHz ( period = 7.483 ns )                    ; T[17] ; M[26]                                                                                  ; tenMHz_ext ; tenMHz_ext ; None                        ; None                      ; 7.273 ns                ;
; N/A                                     ; 133.64 MHz ( period = 7.483 ns )                    ; T[17] ; M[24]                                                                                  ; tenMHz_ext ; tenMHz_ext ; None                        ; None                      ; 7.273 ns                ;
; N/A                                     ; 133.64 MHz ( period = 7.483 ns )                    ; T[17] ; M[25]                                                                                  ; tenMHz_ext ; tenMHz_ext ; None                        ; None                      ; 7.273 ns                ;
; N/A                                     ; 133.64 MHz ( period = 7.483 ns )                    ; T[17] ; M[27]                                                                                  ; tenMHz_ext ; tenMHz_ext ; None                        ; None                      ; 7.273 ns                ;
; N/A                                     ; 133.64 MHz ( period = 7.483 ns )                    ; T[17] ; M[21]                                                                                  ; tenMHz_ext ; tenMHz_ext ; None                        ; None                      ; 7.273 ns                ;
; N/A                                     ; 133.64 MHz ( period = 7.483 ns )                    ; T[17] ; M[20]                                                                                  ; tenMHz_ext ; tenMHz_ext ; None                        ; None                      ; 7.273 ns                ;
; N/A                                     ; 133.64 MHz ( period = 7.483 ns )                    ; T[17] ; M[23]                                                                                  ; tenMHz_ext ; tenMHz_ext ; None                        ; None                      ; 7.273 ns                ;
; N/A                                     ; 133.64 MHz ( period = 7.483 ns )                    ; T[17] ; M[22]                                                                                  ; tenMHz_ext ; tenMHz_ext ; None                        ; None                      ; 7.273 ns                ;
; N/A                                     ; 133.64 MHz ( period = 7.483 ns )                    ; T[17] ; M[16]                                                                                  ; tenMHz_ext ; tenMHz_ext ; None                        ; None                      ; 7.273 ns                ;
; N/A                                     ; 133.64 MHz ( period = 7.483 ns )                    ; T[17] ; M[17]                                                                                  ; tenMHz_ext ; tenMHz_ext ; None                        ; None                      ; 7.273 ns                ;
; N/A                                     ; 133.67 MHz ( period = 7.481 ns )                    ; M[2]  ; altsyncram:WideOr1_rtl_0|altsyncram_peu:auto_generated|ram_block1a0~porta_address_reg6 ; tenMHz_ext ; tenMHz_ext ; None                        ; None                      ; 7.239 ns                ;
; N/A                                     ; 133.83 MHz ( period = 7.472 ns )                    ; T[17] ; M[0]                                                                                   ; tenMHz_ext ; tenMHz_ext ; None                        ; None                      ; 7.264 ns                ;
; N/A                                     ; 133.83 MHz ( period = 7.472 ns )                    ; T[17] ; M[10]                                                                                  ; tenMHz_ext ; tenMHz_ext ; None                        ; None                      ; 7.264 ns                ;
; N/A                                     ; 133.83 MHz ( period = 7.472 ns )                    ; T[17] ; M[8]                                                                                   ; tenMHz_ext ; tenMHz_ext ; None                        ; None                      ; 7.264 ns                ;
; N/A                                     ; 133.83 MHz ( period = 7.472 ns )                    ; T[17] ; M[9]                                                                                   ; tenMHz_ext ; tenMHz_ext ; None                        ; None                      ; 7.264 ns                ;
; N/A                                     ; 133.83 MHz ( period = 7.472 ns )                    ; T[17] ; M[11]                                                                                  ; tenMHz_ext ; tenMHz_ext ; None                        ; None                      ; 7.264 ns                ;
; N/A                                     ; 133.83 MHz ( period = 7.472 ns )                    ; T[17] ; M[6]                                                                                   ; tenMHz_ext ; tenMHz_ext ; None                        ; None                      ; 7.264 ns                ;
; N/A                                     ; 133.83 MHz ( period = 7.472 ns )                    ; T[17] ; M[4]                                                                                   ; tenMHz_ext ; tenMHz_ext ; None                        ; None                      ; 7.264 ns                ;
; N/A                                     ; 133.83 MHz ( period = 7.472 ns )                    ; T[17] ; M[7]                                                                                   ; tenMHz_ext ; tenMHz_ext ; None                        ; None                      ; 7.264 ns                ;
; N/A                                     ; 133.83 MHz ( period = 7.472 ns )                    ; T[17] ; M[5]                                                                                   ; tenMHz_ext ; tenMHz_ext ; None                        ; None                      ; 7.264 ns                ;
; N/A                                     ; 133.83 MHz ( period = 7.472 ns )                    ; T[17] ; M[2]                                                                                   ; tenMHz_ext ; tenMHz_ext ; None                        ; None                      ; 7.264 ns                ;
; N/A                                     ; 133.83 MHz ( period = 7.472 ns )                    ; T[17] ; M[1]                                                                                   ; tenMHz_ext ; tenMHz_ext ; None                        ; None                      ; 7.264 ns                ;
; N/A                                     ; 133.83 MHz ( period = 7.472 ns )                    ; T[17] ; M[3]                                                                                   ; tenMHz_ext ; tenMHz_ext ; None                        ; None                      ; 7.264 ns                ;
; N/A                                     ; 133.83 MHz ( period = 7.472 ns )                    ; T[17] ; M[13]                                                                                  ; tenMHz_ext ; tenMHz_ext ; None                        ; None                      ; 7.264 ns                ;
; N/A                                     ; 133.83 MHz ( period = 7.472 ns )                    ; T[17] ; M[12]                                                                                  ; tenMHz_ext ; tenMHz_ext ; None                        ; None                      ; 7.264 ns                ;
; N/A                                     ; 133.83 MHz ( period = 7.472 ns )                    ; T[17] ; M[14]                                                                                  ; tenMHz_ext ; tenMHz_ext ; None                        ; None                      ; 7.264 ns                ;
; N/A                                     ; 133.83 MHz ( period = 7.472 ns )                    ; T[17] ; M[15]                                                                                  ; tenMHz_ext ; tenMHz_ext ; None                        ; None                      ; 7.264 ns                ;
; N/A                                     ; 134.54 MHz ( period = 7.433 ns )                    ; M[6]  ; altsyncram:WideOr1_rtl_0|altsyncram_peu:auto_generated|ram_block1a0~porta_address_reg6 ; tenMHz_ext ; tenMHz_ext ; None                        ; None                      ; 7.191 ns                ;
; N/A                                     ; 134.64 MHz ( period = 7.427 ns )                    ; B[15] ; altsyncram:WideOr1_rtl_0|altsyncram_peu:auto_generated|ram_block1a0~porta_address_reg4 ; tenMHz_ext ; tenMHz_ext ; None                        ; None                      ; 7.219 ns                ;
; N/A                                     ; 134.75 MHz ( period = 7.421 ns )                    ; M[4]  ; altsyncram:WideOr1_rtl_0|altsyncram_peu:auto_generated|ram_block1a0~porta_address_reg6 ; tenMHz_ext ; tenMHz_ext ; None                        ; None                      ; 7.179 ns                ;
; N/A                                     ; 134.77 MHz ( period = 7.420 ns )                    ; B[25] ; altsyncram:WideOr1_rtl_0|altsyncram_peu:auto_generated|ram_block1a0~porta_address_reg4 ; tenMHz_ext ; tenMHz_ext ; None                        ; None                      ; 7.205 ns                ;
; N/A                                     ; 135.14 MHz ( period = 7.400 ns )                    ; B[22] ; altsyncram:WideOr1_rtl_0|altsyncram_peu:auto_generated|ram_block1a0~porta_address_reg4 ; tenMHz_ext ; tenMHz_ext ; None                        ; None                      ; 7.185 ns                ;
; N/A                                     ; 135.57 MHz ( period = 7.376 ns )                    ; B[7]  ; altsyncram:WideOr1_rtl_0|altsyncram_peu:auto_generated|ram_block1a0~porta_address_reg4 ; tenMHz_ext ; tenMHz_ext ; None                        ; None                      ; 7.168 ns                ;
; N/A                                     ; 135.59 MHz ( period = 7.375 ns )                    ; M[9]  ; altsyncram:WideOr1_rtl_0|altsyncram_peu:auto_generated|ram_block1a0~porta_address_reg6 ; tenMHz_ext ; tenMHz_ext ; None                        ; None                      ; 7.133 ns                ;
; N/A                                     ; 135.65 MHz ( period = 7.372 ns )                    ; M[10] ; altsyncram:WideOr1_rtl_0|altsyncram_peu:auto_generated|ram_block1a0~porta_address_reg6 ; tenMHz_ext ; tenMHz_ext ; None                        ; None                      ; 7.130 ns                ;
; N/A                                     ; 135.96 MHz ( period = 7.355 ns )                    ; M[23] ; altsyncram:WideOr1_rtl_0|altsyncram_peu:auto_generated|ram_block1a0~porta_address_reg6 ; tenMHz_ext ; tenMHz_ext ; None                        ; None                      ; 7.115 ns                ;
; N/A                                     ; 136.31 MHz ( period = 7.336 ns )                    ; T[23] ; M[31]                                                                                  ; tenMHz_ext ; tenMHz_ext ; None                        ; None                      ; 7.126 ns                ;
; N/A                                     ; 136.31 MHz ( period = 7.336 ns )                    ; T[23] ; M[29]                                                                                  ; tenMHz_ext ; tenMHz_ext ; None                        ; None                      ; 7.126 ns                ;
; N/A                                     ; 136.31 MHz ( period = 7.336 ns )                    ; T[23] ; M[28]                                                                                  ; tenMHz_ext ; tenMHz_ext ; None                        ; None                      ; 7.126 ns                ;
; N/A                                     ; 136.31 MHz ( period = 7.336 ns )                    ; T[23] ; M[30]                                                                                  ; tenMHz_ext ; tenMHz_ext ; None                        ; None                      ; 7.126 ns                ;
; N/A                                     ; 136.31 MHz ( period = 7.336 ns )                    ; T[23] ; M[18]                                                                                  ; tenMHz_ext ; tenMHz_ext ; None                        ; None                      ; 7.126 ns                ;
; N/A                                     ; 136.31 MHz ( period = 7.336 ns )                    ; T[23] ; M[19]                                                                                  ; tenMHz_ext ; tenMHz_ext ; None                        ; None                      ; 7.126 ns                ;
; N/A                                     ; 136.31 MHz ( period = 7.336 ns )                    ; T[23] ; M[26]                                                                                  ; tenMHz_ext ; tenMHz_ext ; None                        ; None                      ; 7.126 ns                ;
; N/A                                     ; 136.31 MHz ( period = 7.336 ns )                    ; T[23] ; M[24]                                                                                  ; tenMHz_ext ; tenMHz_ext ; None                        ; None                      ; 7.126 ns                ;
; N/A                                     ; 136.31 MHz ( period = 7.336 ns )                    ; T[23] ; M[25]                                                                                  ; tenMHz_ext ; tenMHz_ext ; None                        ; None                      ; 7.126 ns                ;
; N/A                                     ; 136.31 MHz ( period = 7.336 ns )                    ; T[23] ; M[27]                                                                                  ; tenMHz_ext ; tenMHz_ext ; None                        ; None                      ; 7.126 ns                ;
; N/A                                     ; 136.31 MHz ( period = 7.336 ns )                    ; T[23] ; M[21]                                                                                  ; tenMHz_ext ; tenMHz_ext ; None                        ; None                      ; 7.126 ns                ;
; N/A                                     ; 136.31 MHz ( period = 7.336 ns )                    ; T[23] ; M[20]                                                                                  ; tenMHz_ext ; tenMHz_ext ; None                        ; None                      ; 7.126 ns                ;
; N/A                                     ; 136.31 MHz ( period = 7.336 ns )                    ; T[23] ; M[23]                                                                                  ; tenMHz_ext ; tenMHz_ext ; None                        ; None                      ; 7.126 ns                ;
; N/A                                     ; 136.31 MHz ( period = 7.336 ns )                    ; T[23] ; M[22]                                                                                  ; tenMHz_ext ; tenMHz_ext ; None                        ; None                      ; 7.126 ns                ;
; N/A                                     ; 136.31 MHz ( period = 7.336 ns )                    ; T[23] ; M[16]                                                                                  ; tenMHz_ext ; tenMHz_ext ; None                        ; None                      ; 7.126 ns                ;
; N/A                                     ; 136.31 MHz ( period = 7.336 ns )                    ; T[23] ; M[17]                                                                                  ; tenMHz_ext ; tenMHz_ext ; None                        ; None                      ; 7.126 ns                ;
; N/A                                     ; 136.31 MHz ( period = 7.336 ns )                    ; B[14] ; altsyncram:WideOr1_rtl_0|altsyncram_peu:auto_generated|ram_block1a0~porta_address_reg4 ; tenMHz_ext ; tenMHz_ext ; None                        ; None                      ; 7.128 ns                ;
; N/A                                     ; 136.33 MHz ( period = 7.335 ns )                    ; B[17] ; altsyncram:WideOr1_rtl_0|altsyncram_peu:auto_generated|ram_block1a0~porta_address_reg4 ; tenMHz_ext ; tenMHz_ext ; None                        ; None                      ; 7.120 ns                ;
; N/A                                     ; 136.35 MHz ( period = 7.334 ns )                    ; M[5]  ; altsyncram:WideOr1_rtl_0|altsyncram_peu:auto_generated|ram_block1a0~porta_address_reg6 ; tenMHz_ext ; tenMHz_ext ; None                        ; None                      ; 7.092 ns                ;
; N/A                                     ; 136.44 MHz ( period = 7.329 ns )                    ; M[8]  ; altsyncram:WideOr1_rtl_0|altsyncram_peu:auto_generated|ram_block1a0~porta_address_reg6 ; tenMHz_ext ; tenMHz_ext ; None                        ; None                      ; 7.087 ns                ;
; N/A                                     ; 136.52 MHz ( period = 7.325 ns )                    ; T[23] ; M[0]                                                                                   ; tenMHz_ext ; tenMHz_ext ; None                        ; None                      ; 7.117 ns                ;
; N/A                                     ; 136.52 MHz ( period = 7.325 ns )                    ; T[23] ; M[10]                                                                                  ; tenMHz_ext ; tenMHz_ext ; None                        ; None                      ; 7.117 ns                ;
; N/A                                     ; 136.52 MHz ( period = 7.325 ns )                    ; T[23] ; M[8]                                                                                   ; tenMHz_ext ; tenMHz_ext ; None                        ; None                      ; 7.117 ns                ;
; N/A                                     ; 136.52 MHz ( period = 7.325 ns )                    ; T[23] ; M[9]                                                                                   ; tenMHz_ext ; tenMHz_ext ; None                        ; None                      ; 7.117 ns                ;
; N/A                                     ; 136.52 MHz ( period = 7.325 ns )                    ; T[23] ; M[11]                                                                                  ; tenMHz_ext ; tenMHz_ext ; None                        ; None                      ; 7.117 ns                ;
; N/A                                     ; 136.52 MHz ( period = 7.325 ns )                    ; T[23] ; M[6]                                                                                   ; tenMHz_ext ; tenMHz_ext ; None                        ; None                      ; 7.117 ns                ;
; N/A                                     ; 136.52 MHz ( period = 7.325 ns )                    ; T[23] ; M[4]                                                                                   ; tenMHz_ext ; tenMHz_ext ; None                        ; None                      ; 7.117 ns                ;
; N/A                                     ; 136.52 MHz ( period = 7.325 ns )                    ; T[23] ; M[7]                                                                                   ; tenMHz_ext ; tenMHz_ext ; None                        ; None                      ; 7.117 ns                ;
; N/A                                     ; 136.52 MHz ( period = 7.325 ns )                    ; T[23] ; M[5]                                                                                   ; tenMHz_ext ; tenMHz_ext ; None                        ; None                      ; 7.117 ns                ;
; N/A                                     ; 136.52 MHz ( period = 7.325 ns )                    ; T[23] ; M[2]                                                                                   ; tenMHz_ext ; tenMHz_ext ; None                        ; None                      ; 7.117 ns                ;
; N/A                                     ; 136.52 MHz ( period = 7.325 ns )                    ; T[23] ; M[1]                                                                                   ; tenMHz_ext ; tenMHz_ext ; None                        ; None                      ; 7.117 ns                ;
; N/A                                     ; 136.52 MHz ( period = 7.325 ns )                    ; T[23] ; M[3]                                                                                   ; tenMHz_ext ; tenMHz_ext ; None                        ; None                      ; 7.117 ns                ;
; N/A                                     ; 136.52 MHz ( period = 7.325 ns )                    ; T[23] ; M[13]                                                                                  ; tenMHz_ext ; tenMHz_ext ; None                        ; None                      ; 7.117 ns                ;
; N/A                                     ; 136.52 MHz ( period = 7.325 ns )                    ; T[23] ; M[12]                                                                                  ; tenMHz_ext ; tenMHz_ext ; None                        ; None                      ; 7.117 ns                ;
; N/A                                     ; 136.52 MHz ( period = 7.325 ns )                    ; T[23] ; M[14]                                                                                  ; tenMHz_ext ; tenMHz_ext ; None                        ; None                      ; 7.117 ns                ;
; N/A                                     ; 136.52 MHz ( period = 7.325 ns )                    ; T[23] ; M[15]                                                                                  ; tenMHz_ext ; tenMHz_ext ; None                        ; None                      ; 7.117 ns                ;
; N/A                                     ; 136.61 MHz ( period = 7.320 ns )                    ; M[21] ; altsyncram:WideOr1_rtl_0|altsyncram_peu:auto_generated|ram_block1a0~porta_address_reg6 ; tenMHz_ext ; tenMHz_ext ; None                        ; None                      ; 7.080 ns                ;
; N/A                                     ; 136.69 MHz ( period = 7.316 ns )                    ; B[19] ; altsyncram:WideOr1_rtl_0|altsyncram_peu:auto_generated|ram_block1a0~porta_address_reg4 ; tenMHz_ext ; tenMHz_ext ; None                        ; None                      ; 7.101 ns                ;
; N/A                                     ; 136.95 MHz ( period = 7.302 ns )                    ; B[26] ; altsyncram:WideOr1_rtl_0|altsyncram_peu:auto_generated|ram_block1a0~porta_address_reg9 ; tenMHz_ext ; tenMHz_ext ; None                        ; None                      ; 7.087 ns                ;
; N/A                                     ; 137.06 MHz ( period = 7.296 ns )                    ; B[11] ; altsyncram:WideOr1_rtl_0|altsyncram_peu:auto_generated|ram_block1a0~porta_address_reg4 ; tenMHz_ext ; tenMHz_ext ; None                        ; None                      ; 7.088 ns                ;
; N/A                                     ; 137.23 MHz ( period = 7.287 ns )                    ; B[26] ; altsyncram:WideOr1_rtl_0|altsyncram_peu:auto_generated|ram_block1a0~porta_address_reg5 ; tenMHz_ext ; tenMHz_ext ; None                        ; None                      ; 7.072 ns                ;
; N/A                                     ; 137.23 MHz ( period = 7.287 ns )                    ; B[26] ; altsyncram:WideOr1_rtl_0|altsyncram_peu:auto_generated|ram_block1a0~porta_address_reg7 ; tenMHz_ext ; tenMHz_ext ; None                        ; None                      ; 7.072 ns                ;
; N/A                                     ; 137.25 MHz ( period = 7.286 ns )                    ; M[1]  ; altsyncram:WideOr1_rtl_0|altsyncram_peu:auto_generated|ram_block1a0~porta_address_reg6 ; tenMHz_ext ; tenMHz_ext ; None                        ; None                      ; 7.044 ns                ;
; N/A                                     ; 137.31 MHz ( period = 7.283 ns )                    ; T[10] ; M[31]                                                                                  ; tenMHz_ext ; tenMHz_ext ; None                        ; None                      ; 7.074 ns                ;
; N/A                                     ; 137.31 MHz ( period = 7.283 ns )                    ; T[10] ; M[29]                                                                                  ; tenMHz_ext ; tenMHz_ext ; None                        ; None                      ; 7.074 ns                ;
; N/A                                     ; 137.31 MHz ( period = 7.283 ns )                    ; T[10] ; M[28]                                                                                  ; tenMHz_ext ; tenMHz_ext ; None                        ; None                      ; 7.074 ns                ;
; N/A                                     ; 137.31 MHz ( period = 7.283 ns )                    ; T[10] ; M[30]                                                                                  ; tenMHz_ext ; tenMHz_ext ; None                        ; None                      ; 7.074 ns                ;
; N/A                                     ; 137.31 MHz ( period = 7.283 ns )                    ; T[10] ; M[18]                                                                                  ; tenMHz_ext ; tenMHz_ext ; None                        ; None                      ; 7.074 ns                ;
; N/A                                     ; 137.31 MHz ( period = 7.283 ns )                    ; T[10] ; M[19]                                                                                  ; tenMHz_ext ; tenMHz_ext ; None                        ; None                      ; 7.074 ns                ;
; N/A                                     ; 137.31 MHz ( period = 7.283 ns )                    ; T[10] ; M[26]                                                                                  ; tenMHz_ext ; tenMHz_ext ; None                        ; None                      ; 7.074 ns                ;
; N/A                                     ; 137.31 MHz ( period = 7.283 ns )                    ; T[10] ; M[24]                                                                                  ; tenMHz_ext ; tenMHz_ext ; None                        ; None                      ; 7.074 ns                ;
; N/A                                     ; 137.31 MHz ( period = 7.283 ns )                    ; T[10] ; M[25]                                                                                  ; tenMHz_ext ; tenMHz_ext ; None                        ; None                      ; 7.074 ns                ;
; N/A                                     ; 137.31 MHz ( period = 7.283 ns )                    ; T[10] ; M[27]                                                                                  ; tenMHz_ext ; tenMHz_ext ; None                        ; None                      ; 7.074 ns                ;
; N/A                                     ; 137.31 MHz ( period = 7.283 ns )                    ; T[10] ; M[21]                                                                                  ; tenMHz_ext ; tenMHz_ext ; None                        ; None                      ; 7.074 ns                ;
; N/A                                     ; 137.31 MHz ( period = 7.283 ns )                    ; T[10] ; M[20]                                                                                  ; tenMHz_ext ; tenMHz_ext ; None                        ; None                      ; 7.074 ns                ;
; N/A                                     ; 137.31 MHz ( period = 7.283 ns )                    ; T[10] ; M[23]                                                                                  ; tenMHz_ext ; tenMHz_ext ; None                        ; None                      ; 7.074 ns                ;
; N/A                                     ; 137.31 MHz ( period = 7.283 ns )                    ; T[10] ; M[22]                                                                                  ; tenMHz_ext ; tenMHz_ext ; None                        ; None                      ; 7.074 ns                ;
; N/A                                     ; 137.31 MHz ( period = 7.283 ns )                    ; T[10] ; M[16]                                                                                  ; tenMHz_ext ; tenMHz_ext ; None                        ; None                      ; 7.074 ns                ;
; N/A                                     ; 137.31 MHz ( period = 7.283 ns )                    ; T[10] ; M[17]                                                                                  ; tenMHz_ext ; tenMHz_ext ; None                        ; None                      ; 7.074 ns                ;
; N/A                                     ; 137.51 MHz ( period = 7.272 ns )                    ; T[10] ; M[0]                                                                                   ; tenMHz_ext ; tenMHz_ext ; None                        ; None                      ; 7.065 ns                ;
; N/A                                     ; 137.51 MHz ( period = 7.272 ns )                    ; T[10] ; M[10]                                                                                  ; tenMHz_ext ; tenMHz_ext ; None                        ; None                      ; 7.065 ns                ;
; N/A                                     ; 137.51 MHz ( period = 7.272 ns )                    ; T[10] ; M[8]                                                                                   ; tenMHz_ext ; tenMHz_ext ; None                        ; None                      ; 7.065 ns                ;
; N/A                                     ; 137.51 MHz ( period = 7.272 ns )                    ; T[10] ; M[9]                                                                                   ; tenMHz_ext ; tenMHz_ext ; None                        ; None                      ; 7.065 ns                ;
; N/A                                     ; 137.51 MHz ( period = 7.272 ns )                    ; T[10] ; M[11]                                                                                  ; tenMHz_ext ; tenMHz_ext ; None                        ; None                      ; 7.065 ns                ;
; N/A                                     ; 137.51 MHz ( period = 7.272 ns )                    ; T[10] ; M[6]                                                                                   ; tenMHz_ext ; tenMHz_ext ; None                        ; None                      ; 7.065 ns                ;
; N/A                                     ; 137.51 MHz ( period = 7.272 ns )                    ; T[10] ; M[4]                                                                                   ; tenMHz_ext ; tenMHz_ext ; None                        ; None                      ; 7.065 ns                ;
; N/A                                     ; 137.51 MHz ( period = 7.272 ns )                    ; T[10] ; M[7]                                                                                   ; tenMHz_ext ; tenMHz_ext ; None                        ; None                      ; 7.065 ns                ;
; N/A                                     ; 137.51 MHz ( period = 7.272 ns )                    ; T[10] ; M[5]                                                                                   ; tenMHz_ext ; tenMHz_ext ; None                        ; None                      ; 7.065 ns                ;
; N/A                                     ; 137.51 MHz ( period = 7.272 ns )                    ; T[10] ; M[2]                                                                                   ; tenMHz_ext ; tenMHz_ext ; None                        ; None                      ; 7.065 ns                ;
; N/A                                     ; 137.51 MHz ( period = 7.272 ns )                    ; T[10] ; M[1]                                                                                   ; tenMHz_ext ; tenMHz_ext ; None                        ; None                      ; 7.065 ns                ;
; N/A                                     ; 137.51 MHz ( period = 7.272 ns )                    ; T[10] ; M[3]                                                                                   ; tenMHz_ext ; tenMHz_ext ; None                        ; None                      ; 7.065 ns                ;
; N/A                                     ; 137.51 MHz ( period = 7.272 ns )                    ; T[10] ; M[13]                                                                                  ; tenMHz_ext ; tenMHz_ext ; None                        ; None                      ; 7.065 ns                ;
; N/A                                     ; 137.51 MHz ( period = 7.272 ns )                    ; T[10] ; M[12]                                                                                  ; tenMHz_ext ; tenMHz_ext ; None                        ; None                      ; 7.065 ns                ;
; N/A                                     ; 137.51 MHz ( period = 7.272 ns )                    ; T[10] ; M[14]                                                                                  ; tenMHz_ext ; tenMHz_ext ; None                        ; None                      ; 7.065 ns                ;
; N/A                                     ; 137.51 MHz ( period = 7.272 ns )                    ; T[10] ; M[15]                                                                                  ; tenMHz_ext ; tenMHz_ext ; None                        ; None                      ; 7.065 ns                ;
; N/A                                     ; 137.59 MHz ( period = 7.268 ns )                    ; B[26] ; altsyncram:WideOr1_rtl_0|altsyncram_peu:auto_generated|ram_block1a0~porta_address_reg6 ; tenMHz_ext ; tenMHz_ext ; None                        ; None                      ; 7.053 ns                ;
; N/A                                     ; 137.93 MHz ( period = 7.250 ns )                    ; B[16] ; altsyncram:WideOr1_rtl_0|altsyncram_peu:auto_generated|ram_block1a0~porta_address_reg4 ; tenMHz_ext ; tenMHz_ext ; None                        ; None                      ; 7.035 ns                ;
; N/A                                     ; 138.20 MHz ( period = 7.236 ns )                    ; M[7]  ; altsyncram:WideOr1_rtl_0|altsyncram_peu:auto_generated|ram_block1a0~porta_address_reg6 ; tenMHz_ext ; tenMHz_ext ; None                        ; None                      ; 6.994 ns                ;
; N/A                                     ; 138.29 MHz ( period = 7.231 ns )                    ; B[6]  ; altsyncram:WideOr1_rtl_0|altsyncram_peu:auto_generated|ram_block1a0~porta_address_reg4 ; tenMHz_ext ; tenMHz_ext ; None                        ; None                      ; 7.023 ns                ;
; N/A                                     ; 138.41 MHz ( period = 7.225 ns )                    ; T[28] ; M[31]                                                                                  ; tenMHz_ext ; tenMHz_ext ; None                        ; None                      ; 7.015 ns                ;
; N/A                                     ; 138.41 MHz ( period = 7.225 ns )                    ; T[28] ; M[29]                                                                                  ; tenMHz_ext ; tenMHz_ext ; None                        ; None                      ; 7.015 ns                ;
; N/A                                     ; 138.41 MHz ( period = 7.225 ns )                    ; T[28] ; M[28]                                                                                  ; tenMHz_ext ; tenMHz_ext ; None                        ; None                      ; 7.015 ns                ;
; N/A                                     ; 138.41 MHz ( period = 7.225 ns )                    ; T[28] ; M[30]                                                                                  ; tenMHz_ext ; tenMHz_ext ; None                        ; None                      ; 7.015 ns                ;
; N/A                                     ; 138.41 MHz ( period = 7.225 ns )                    ; T[28] ; M[18]                                                                                  ; tenMHz_ext ; tenMHz_ext ; None                        ; None                      ; 7.015 ns                ;
; N/A                                     ; 138.41 MHz ( period = 7.225 ns )                    ; T[28] ; M[19]                                                                                  ; tenMHz_ext ; tenMHz_ext ; None                        ; None                      ; 7.015 ns                ;
; N/A                                     ; 138.41 MHz ( period = 7.225 ns )                    ; T[28] ; M[26]                                                                                  ; tenMHz_ext ; tenMHz_ext ; None                        ; None                      ; 7.015 ns                ;
; N/A                                     ; 138.41 MHz ( period = 7.225 ns )                    ; T[28] ; M[24]                                                                                  ; tenMHz_ext ; tenMHz_ext ; None                        ; None                      ; 7.015 ns                ;
; N/A                                     ; 138.41 MHz ( period = 7.225 ns )                    ; T[28] ; M[25]                                                                                  ; tenMHz_ext ; tenMHz_ext ; None                        ; None                      ; 7.015 ns                ;
; N/A                                     ; 138.41 MHz ( period = 7.225 ns )                    ; T[28] ; M[27]                                                                                  ; tenMHz_ext ; tenMHz_ext ; None                        ; None                      ; 7.015 ns                ;
; N/A                                     ; 138.41 MHz ( period = 7.225 ns )                    ; T[28] ; M[21]                                                                                  ; tenMHz_ext ; tenMHz_ext ; None                        ; None                      ; 7.015 ns                ;
; N/A                                     ; 138.41 MHz ( period = 7.225 ns )                    ; T[28] ; M[20]                                                                                  ; tenMHz_ext ; tenMHz_ext ; None                        ; None                      ; 7.015 ns                ;
; N/A                                     ; 138.41 MHz ( period = 7.225 ns )                    ; T[28] ; M[23]                                                                                  ; tenMHz_ext ; tenMHz_ext ; None                        ; None                      ; 7.015 ns                ;
; N/A                                     ; 138.41 MHz ( period = 7.225 ns )                    ; T[28] ; M[22]                                                                                  ; tenMHz_ext ; tenMHz_ext ; None                        ; None                      ; 7.015 ns                ;
; N/A                                     ; 138.41 MHz ( period = 7.225 ns )                    ; T[28] ; M[16]                                                                                  ; tenMHz_ext ; tenMHz_ext ; None                        ; None                      ; 7.015 ns                ;
; N/A                                     ; 138.41 MHz ( period = 7.225 ns )                    ; T[28] ; M[17]                                                                                  ; tenMHz_ext ; tenMHz_ext ; None                        ; None                      ; 7.015 ns                ;
; N/A                                     ; 138.43 MHz ( period = 7.224 ns )                    ; M[20] ; altsyncram:WideOr1_rtl_0|altsyncram_peu:auto_generated|ram_block1a0~porta_address_reg5 ; tenMHz_ext ; tenMHz_ext ; None                        ; None                      ; 6.984 ns                ;
; N/A                                     ; 138.50 MHz ( period = 7.220 ns )                    ; T[19] ; M[31]                                                                                  ; tenMHz_ext ; tenMHz_ext ; None                        ; None                      ; 7.010 ns                ;
; N/A                                     ; 138.50 MHz ( period = 7.220 ns )                    ; T[19] ; M[29]                                                                                  ; tenMHz_ext ; tenMHz_ext ; None                        ; None                      ; 7.010 ns                ;
; N/A                                     ; 138.50 MHz ( period = 7.220 ns )                    ; T[19] ; M[28]                                                                                  ; tenMHz_ext ; tenMHz_ext ; None                        ; None                      ; 7.010 ns                ;
; N/A                                     ; 138.50 MHz ( period = 7.220 ns )                    ; T[19] ; M[30]                                                                                  ; tenMHz_ext ; tenMHz_ext ; None                        ; None                      ; 7.010 ns                ;
; N/A                                     ; 138.50 MHz ( period = 7.220 ns )                    ; T[19] ; M[18]                                                                                  ; tenMHz_ext ; tenMHz_ext ; None                        ; None                      ; 7.010 ns                ;
; N/A                                     ; 138.50 MHz ( period = 7.220 ns )                    ; T[19] ; M[19]                                                                                  ; tenMHz_ext ; tenMHz_ext ; None                        ; None                      ; 7.010 ns                ;
; N/A                                     ; 138.50 MHz ( period = 7.220 ns )                    ; T[19] ; M[26]                                                                                  ; tenMHz_ext ; tenMHz_ext ; None                        ; None                      ; 7.010 ns                ;
; N/A                                     ; 138.50 MHz ( period = 7.220 ns )                    ; T[19] ; M[24]                                                                                  ; tenMHz_ext ; tenMHz_ext ; None                        ; None                      ; 7.010 ns                ;
; N/A                                     ; 138.50 MHz ( period = 7.220 ns )                    ; T[19] ; M[25]                                                                                  ; tenMHz_ext ; tenMHz_ext ; None                        ; None                      ; 7.010 ns                ;
; N/A                                     ; 138.50 MHz ( period = 7.220 ns )                    ; T[19] ; M[27]                                                                                  ; tenMHz_ext ; tenMHz_ext ; None                        ; None                      ; 7.010 ns                ;
; N/A                                     ; 138.50 MHz ( period = 7.220 ns )                    ; T[19] ; M[21]                                                                                  ; tenMHz_ext ; tenMHz_ext ; None                        ; None                      ; 7.010 ns                ;
; N/A                                     ; 138.50 MHz ( period = 7.220 ns )                    ; T[19] ; M[20]                                                                                  ; tenMHz_ext ; tenMHz_ext ; None                        ; None                      ; 7.010 ns                ;
; N/A                                     ; 138.50 MHz ( period = 7.220 ns )                    ; T[19] ; M[23]                                                                                  ; tenMHz_ext ; tenMHz_ext ; None                        ; None                      ; 7.010 ns                ;
; N/A                                     ; 138.50 MHz ( period = 7.220 ns )                    ; T[19] ; M[22]                                                                                  ; tenMHz_ext ; tenMHz_ext ; None                        ; None                      ; 7.010 ns                ;
; N/A                                     ; 138.50 MHz ( period = 7.220 ns )                    ; T[19] ; M[16]                                                                                  ; tenMHz_ext ; tenMHz_ext ; None                        ; None                      ; 7.010 ns                ;
; N/A                                     ; 138.50 MHz ( period = 7.220 ns )                    ; T[19] ; M[17]                                                                                  ; tenMHz_ext ; tenMHz_ext ; None                        ; None                      ; 7.010 ns                ;
; N/A                                     ; 138.50 MHz ( period = 7.220 ns )                    ; M[0]  ; altsyncram:WideOr1_rtl_0|altsyncram_peu:auto_generated|ram_block1a0~porta_address_reg6 ; tenMHz_ext ; tenMHz_ext ; None                        ; None                      ; 6.978 ns                ;
; N/A                                     ; 138.62 MHz ( period = 7.214 ns )                    ; T[28] ; M[11]                                                                                  ; tenMHz_ext ; tenMHz_ext ; None                        ; None                      ; 7.006 ns                ;
; N/A                                     ; 138.62 MHz ( period = 7.214 ns )                    ; T[28] ; M[6]                                                                                   ; tenMHz_ext ; tenMHz_ext ; None                        ; None                      ; 7.006 ns                ;
; N/A                                     ; 138.62 MHz ( period = 7.214 ns )                    ; T[28] ; M[4]                                                                                   ; tenMHz_ext ; tenMHz_ext ; None                        ; None                      ; 7.006 ns                ;
; N/A                                     ; 138.62 MHz ( period = 7.214 ns )                    ; T[28] ; M[7]                                                                                   ; tenMHz_ext ; tenMHz_ext ; None                        ; None                      ; 7.006 ns                ;
; N/A                                     ; 138.62 MHz ( period = 7.214 ns )                    ; T[28] ; M[5]                                                                                   ; tenMHz_ext ; tenMHz_ext ; None                        ; None                      ; 7.006 ns                ;
; N/A                                     ; 138.62 MHz ( period = 7.214 ns )                    ; T[28] ; M[2]                                                                                   ; tenMHz_ext ; tenMHz_ext ; None                        ; None                      ; 7.006 ns                ;
; N/A                                     ; 138.62 MHz ( period = 7.214 ns )                    ; T[28] ; M[1]                                                                                   ; tenMHz_ext ; tenMHz_ext ; None                        ; None                      ; 7.006 ns                ;
; N/A                                     ; 138.62 MHz ( period = 7.214 ns )                    ; T[28] ; M[3]                                                                                   ; tenMHz_ext ; tenMHz_ext ; None                        ; None                      ; 7.006 ns                ;
; N/A                                     ; 138.62 MHz ( period = 7.214 ns )                    ; T[28] ; M[13]                                                                                  ; tenMHz_ext ; tenMHz_ext ; None                        ; None                      ; 7.006 ns                ;
; N/A                                     ; 138.62 MHz ( period = 7.214 ns )                    ; T[28] ; M[12]                                                                                  ; tenMHz_ext ; tenMHz_ext ; None                        ; None                      ; 7.006 ns                ;
; N/A                                     ; 138.62 MHz ( period = 7.214 ns )                    ; T[28] ; M[14]                                                                                  ; tenMHz_ext ; tenMHz_ext ; None                        ; None                      ; 7.006 ns                ;
; Timing analysis restricted to 200 rows. ; To change the limit use Settings (Assignments menu) ;       ;                                                                                        ;            ;            ;                             ;                           ;                         ;
+-----------------------------------------+-----------------------------------------------------+-------+----------------------------------------------------------------------------------------+------------+------------+-----------------------------+---------------------------+-------------------------+


+------------------------------------------------------------------------------------+
; tsu                                                                                ;
+-------+--------------+------------+-------------+---------------------+------------+
; Slack ; Required tsu ; Actual tsu ; From        ; To                  ; To Clock   ;
+-------+--------------+------------+-------------+---------------------+------------+
; N/A   ; None         ; 4.507 ns   ; key_0_init  ; init_key_flag~reg0  ; tenMHz_ext ;
; N/A   ; None         ; 3.341 ns   ; key_3_sweep ; sweep_key_flag~reg0 ; tenMHz_ext ;
+-------+--------------+------------+-------------+---------------------+------------+


+---------------------------------------------------------------------------------------+
; tco                                                                                   ;
+-------+--------------+------------+---------------------+----------------+------------+
; Slack ; Required tco ; Actual tco ; From                ; To             ; From Clock ;
+-------+--------------+------------+---------------------+----------------+------------+
; N/A   ; None         ; 9.670 ns   ; IO_UPDATE~reg0      ; IO_UPDATE      ; tenMHz_ext ;
; N/A   ; None         ; 9.154 ns   ; init_end_flag~reg0  ; init_end_flag  ; tenMHz_ext ;
; N/A   ; None         ; 9.142 ns   ; SDIO~reg0           ; SDIO           ; tenMHz_ext ;
; N/A   ; None         ; 8.844 ns   ; DR_HOLD~reg0        ; DR_HOLD        ; tenMHz_ext ;
; N/A   ; None         ; 8.698 ns   ; init_key_flag~reg0  ; init_key_flag  ; tenMHz_ext ;
; N/A   ; None         ; 8.249 ns   ; DR_CTL~reg0         ; DR_CTL         ; tenMHz_ext ;
; N/A   ; None         ; 8.123 ns   ; sweep_end_flag~reg0 ; sweep_end_flag ; tenMHz_ext ;
; N/A   ; None         ; 7.998 ns   ; SCLK~reg0           ; SCLK           ; tenMHz_ext ;
; N/A   ; None         ; 7.655 ns   ; IO_RESET~reg0       ; IO_RESET       ; tenMHz_ext ;
; N/A   ; None         ; 7.170 ns   ; sweep_key_flag~reg0 ; sweep_key_flag ; tenMHz_ext ;
; N/A   ; None         ; 6.396 ns   ; scope_trigger~reg0  ; scope_trigger  ; tenMHz_ext ;
+-------+--------------+------------+---------------------+----------------+------------+


+------------------------------------------------------------------------------------------+
; th                                                                                       ;
+---------------+-------------+-----------+-------------+---------------------+------------+
; Minimum Slack ; Required th ; Actual th ; From        ; To                  ; To Clock   ;
+---------------+-------------+-----------+-------------+---------------------+------------+
; N/A           ; None        ; -3.111 ns ; key_3_sweep ; sweep_key_flag~reg0 ; tenMHz_ext ;
; N/A           ; None        ; -4.277 ns ; key_0_init  ; init_key_flag~reg0  ; tenMHz_ext ;
+---------------+-------------+-----------+-------------+---------------------+------------+


+--------------------------+
; Timing Analyzer Messages ;
+--------------------------+
Info: *******************************************************************
Info: Running Quartus II Classic Timing Analyzer
    Info: Version 7.1 Build 178 06/25/2007 Service Pack 1 SJ Full Version
    Info: Processing started: Mon Aug 09 20:14:02 2010
Info: Command: quartus_tan --read_settings_files=off --write_settings_files=off LOLO -c LOLO --timing_analysis_only
Warning: Found pins functioning as undefined clocks and/or memory enables
    Info: Assuming node "tenMHz_ext" is an undefined clock
Info: Clock "tenMHz_ext" has Internal fmax of 131.93 MHz between source register "T[18]" and destination register "M[31]" (period= 7.58 ns)
    Info: + Longest register to register delay is 7.370 ns
        Info: 1: + IC(0.000 ns) + CELL(0.000 ns) = 0.000 ns; Loc. = LCFF_X28_Y19_N5; Fanout = 3; REG Node = 'T[18]'
        Info: 2: + IC(0.732 ns) + CELL(0.275 ns) = 1.007 ns; Loc. = LCCOMB_X27_Y19_N0; Fanout = 2; COMB Node = 'LessThan60~361'
        Info: 3: + IC(0.708 ns) + CELL(0.389 ns) = 2.104 ns; Loc. = LCCOMB_X25_Y20_N8; Fanout = 4; COMB Node = 'LessThan56~353'
        Info: 4: + IC(0.265 ns) + CELL(0.275 ns) = 2.644 ns; Loc. = LCCOMB_X25_Y20_N12; Fanout = 5; COMB Node = 'LessThan50~342'
        Info: 5: + IC(0.738 ns) + CELL(0.150 ns) = 3.532 ns; Loc. = LCCOMB_X24_Y21_N2; Fanout = 2; COMB Node = 'LessThan38~314'
        Info: 6: + IC(0.734 ns) + CELL(0.420 ns) = 4.686 ns; Loc. = LCCOMB_X25_Y20_N30; Fanout = 4; COMB Node = 'N[6]~1282'
        Info: 7: + IC(0.405 ns) + CELL(0.150 ns) = 5.241 ns; Loc. = LCCOMB_X24_Y20_N24; Fanout = 32; COMB Node = 'M[24]~1691'
        Info: 8: + IC(1.469 ns) + CELL(0.660 ns) = 7.370 ns; Loc. = LCFF_X40_Y17_N31; Fanout = 2; REG Node = 'M[31]'
        Info: Total cell delay = 2.319 ns ( 31.47 % )
        Info: Total interconnect delay = 5.051 ns ( 68.53 % )
    Info: - Smallest clock skew is 0.004 ns
        Info: + Shortest clock path from clock "tenMHz_ext" to destination register is 2.680 ns
            Info: 1: + IC(0.000 ns) + CELL(0.999 ns) = 0.999 ns; Loc. = PIN_P26; Fanout = 1; CLK Node = 'tenMHz_ext'
            Info: 2: + IC(0.113 ns) + CELL(0.000 ns) = 1.112 ns; Loc. = CLKCTRL_G7; Fanout = 136; COMB Node = 'tenMHz_ext~clkctrl'
            Info: 3: + IC(1.031 ns) + CELL(0.537 ns) = 2.680 ns; Loc. = LCFF_X40_Y17_N31; Fanout = 2; REG Node = 'M[31]'
            Info: Total cell delay = 1.536 ns ( 57.31 % )
            Info: Total interconnect delay = 1.144 ns ( 42.69 % )
        Info: - Longest clock path from clock "tenMHz_ext" to source register is 2.676 ns
            Info: 1: + IC(0.000 ns) + CELL(0.999 ns) = 0.999 ns; Loc. = PIN_P26; Fanout = 1; CLK Node = 'tenMHz_ext'
            Info: 2: + IC(0.113 ns) + CELL(0.000 ns) = 1.112 ns; Loc. = CLKCTRL_G7; Fanout = 136; COMB Node = 'tenMHz_ext~clkctrl'
            Info: 3: + IC(1.027 ns) + CELL(0.537 ns) = 2.676 ns; Loc. = LCFF_X28_Y19_N5; Fanout = 3; REG Node = 'T[18]'
            Info: Total cell delay = 1.536 ns ( 57.40 % )
            Info: Total interconnect delay = 1.140 ns ( 42.60 % )
    Info: + Micro clock to output delay of source is 0.250 ns
    Info: + Micro setup delay of destination is -0.036 ns
Info: tsu for register "init_key_flag~reg0" (data pin = "key_0_init", clock pin = "tenMHz_ext") is 4.507 ns
    Info: + Longest pin to register delay is 7.227 ns
        Info: 1: + IC(0.000 ns) + CELL(0.862 ns) = 0.862 ns; Loc. = PIN_G26; Fanout = 1; PIN Node = 'key_0_init'
        Info: 2: + IC(5.843 ns) + CELL(0.438 ns) = 7.143 ns; Loc. = LCCOMB_X42_Y18_N8; Fanout = 1; COMB Node = 'init_key_flag~30'
        Info: 3: + IC(0.000 ns) + CELL(0.084 ns) = 7.227 ns; Loc. = LCFF_X42_Y18_N9; Fanout = 7; REG Node = 'init_key_flag~reg0'
        Info: Total cell delay = 1.384 ns ( 19.15 % )
        Info: Total interconnect delay = 5.843 ns ( 80.85 % )
    Info: + Micro setup delay of destination is -0.036 ns
    Info: - Shortest clock path from clock "tenMHz_ext" to destination register is 2.684 ns
        Info: 1: + IC(0.000 ns) + CELL(0.999 ns) = 0.999 ns; Loc. = PIN_P26; Fanout = 1; CLK Node = 'tenMHz_ext'
        Info: 2: + IC(0.113 ns) + CELL(0.000 ns) = 1.112 ns; Loc. = CLKCTRL_G7; Fanout = 136; COMB Node = 'tenMHz_ext~clkctrl'
        Info: 3: + IC(1.035 ns) + CELL(0.537 ns) = 2.684 ns; Loc. = LCFF_X42_Y18_N9; Fanout = 7; REG Node = 'init_key_flag~reg0'
        Info: Total cell delay = 1.536 ns ( 57.23 % )
        Info: Total interconnect delay = 1.148 ns ( 42.77 % )
Info: tco from clock "tenMHz_ext" to destination pin "IO_UPDATE" through register "IO_UPDATE~reg0" is 9.670 ns
    Info: + Longest clock path from clock "tenMHz_ext" to source register is 2.662 ns
        Info: 1: + IC(0.000 ns) + CELL(0.999 ns) = 0.999 ns; Loc. = PIN_P26; Fanout = 1; CLK Node = 'tenMHz_ext'
        Info: 2: + IC(0.113 ns) + CELL(0.000 ns) = 1.112 ns; Loc. = CLKCTRL_G7; Fanout = 136; COMB Node = 'tenMHz_ext~clkctrl'
        Info: 3: + IC(1.013 ns) + CELL(0.537 ns) = 2.662 ns; Loc. = LCFF_X25_Y23_N1; Fanout = 3; REG Node = 'IO_UPDATE~reg0'
        Info: Total cell delay = 1.536 ns ( 57.70 % )
        Info: Total interconnect delay = 1.126 ns ( 42.30 % )
    Info: + Micro clock to output delay of source is 0.250 ns
    Info: + Longest register to pin delay is 6.758 ns
        Info: 1: + IC(0.000 ns) + CELL(0.000 ns) = 0.000 ns; Loc. = LCFF_X25_Y23_N1; Fanout = 3; REG Node = 'IO_UPDATE~reg0'
        Info: 2: + IC(4.116 ns) + CELL(2.642 ns) = 6.758 ns; Loc. = PIN_N18; Fanout = 0; PIN Node = 'IO_UPDATE'
        Info: Total cell delay = 2.642 ns ( 39.09 % )
        Info: Total interconnect delay = 4.116 ns ( 60.91 % )
Info: th for register "sweep_key_flag~reg0" (data pin = "key_3_sweep", clock pin = "tenMHz_ext") is -3.111 ns
    Info: + Longest clock path from clock "tenMHz_ext" to destination register is 2.647 ns
        Info: 1: + IC(0.000 ns) + CELL(0.999 ns) = 0.999 ns; Loc. = PIN_P26; Fanout = 1; CLK Node = 'tenMHz_ext'
        Info: 2: + IC(0.113 ns) + CELL(0.000 ns) = 1.112 ns; Loc. = CLKCTRL_G7; Fanout = 136; COMB Node = 'tenMHz_ext~clkctrl'
        Info: 3: + IC(0.998 ns) + CELL(0.537 ns) = 2.647 ns; Loc. = LCFF_X57_Y10_N17; Fanout = 7; REG Node = 'sweep_key_flag~reg0'
        Info: Total cell delay = 1.536 ns ( 58.03 % )
        Info: Total interconnect delay = 1.111 ns ( 41.97 % )
    Info: + Micro hold delay of destination is 0.266 ns
    Info: - Shortest pin to register delay is 6.024 ns
        Info: 1: + IC(0.000 ns) + CELL(0.862 ns) = 0.862 ns; Loc. = PIN_W26; Fanout = 1; PIN Node = 'key_3_sweep'
        Info: 2: + IC(4.928 ns) + CELL(0.150 ns) = 5.940 ns; Loc. = LCCOMB_X57_Y10_N16; Fanout = 1; COMB Node = 'sweep_key_flag~30'
        Info: 3: + IC(0.000 ns) + CELL(0.084 ns) = 6.024 ns; Loc. = LCFF_X57_Y10_N17; Fanout = 7; REG Node = 'sweep_key_flag~reg0'
        Info: Total cell delay = 1.096 ns ( 18.19 % )
        Info: Total interconnect delay = 4.928 ns ( 81.81 % )
Info: Quartus II Classic Timing Analyzer was successful. 0 errors, 1 warning
    Info: Allocated 117 megabytes of memory during processing
    Info: Processing ended: Mon Aug 09 20:14:36 2010
    Info: Elapsed time: 00:00:34


