Simulator report for LOLO
Mon Aug 09 18:52:22 2010
Quartus II Version 7.1 Build 178 06/25/2007 Service Pack 1 SJ Full Version


---------------------
; Table of Contents ;
---------------------
  1. Legal Notice
  2. Simulator Summary
  3. Simulator Settings
  4. Simulation Waveforms
  5. |LOLO|altsyncram:WideOr1_rtl_0|altsyncram_peu:auto_generated|ALTSYNCRAM
  6. Coverage Summary
  7. Complete 1/0-Value Coverage
  8. Missing 1-Value Coverage
  9. Missing 0-Value Coverage
 10. Simulator INI Usage
 11. Simulator Messages



----------------
; Legal Notice ;
----------------
Copyright (C) 1991-2007 Altera Corporation
Your use of Altera Corporation's design tools, logic functions 
and other software and tools, and its AMPP partner logic 
functions, and any output files from any of the foregoing 
(including device programming or simulation files), and any 
associated documentation or information are expressly subject 
to the terms and conditions of the Altera Program License 
Subscription Agreement, Altera MegaCore Function License 
Agreement, or other applicable license agreement, including, 
without limitation, that your use is for the sole purpose of 
programming logic devices manufactured by Altera and sold by 
Altera or its authorized distributors.  Please refer to the 
applicable agreement for further details.



+--------------------------------------------+
; Simulator Summary                          ;
+-----------------------------+--------------+
; Type                        ; Value        ;
+-----------------------------+--------------+
; Simulation Start Time       ; 0 ps         ;
; Simulation End Time         ; 500.0 us     ;
; Simulation Netlist Size     ; 426 nodes    ;
; Simulation Coverage         ;      54.10 % ;
; Total Number of Transitions ; 105949       ;
; Simulation Breakpoints      ; 0            ;
; Family                      ; Cyclone II   ;
; Device                      ; EP2C35F672C6 ;
+-----------------------------+--------------+


+-------------------------------------------------------------------------------------------------------------------------+
; Simulator Settings                                                                                                      ;
+--------------------------------------------------------------------------------------------+------------+---------------+
; Option                                                                                     ; Setting    ; Default Value ;
+--------------------------------------------------------------------------------------------+------------+---------------+
; Simulation mode                                                                            ; Timing     ; Timing        ;
; Start time                                                                                 ; 0 ns       ; 0 ns          ;
; Simulation results format                                                                  ; CVWF       ;               ;
; Add pins automatically to simulation output waveforms                                      ; On         ; On            ;
; Check outputs                                                                              ; Off        ; Off           ;
; Report simulation coverage                                                                 ; On         ; On            ;
; Display complete 1/0 value coverage report                                                 ; On         ; On            ;
; Display missing 1-value coverage report                                                    ; On         ; On            ;
; Display missing 0-value coverage report                                                    ; On         ; On            ;
; Detect setup and hold time violations                                                      ; Off        ; Off           ;
; Detect glitches                                                                            ; Off        ; Off           ;
; Disable timing delays in Timing Simulation                                                 ; Off        ; Off           ;
; Generate Signal Activity File                                                              ; Off        ; Off           ;
; Generate VCD File for PowerPlay Power Analyzer                                             ; Off        ; Off           ;
; Group bus channels in simulation results                                                   ; Off        ; Off           ;
; Preserve fewer signal transitions to reduce memory requirements                            ; On         ; On            ;
; Trigger vector comparison with the specified mode                                          ; INPUT_EDGE ; INPUT_EDGE    ;
; Disable setup and hold time violations detection in input registers of bi-directional pins ; Off        ; Off           ;
; Overwrite Waveform Inputs With Simulation Outputs                                          ; Off        ;               ;
; Perform Glitch Filtering in Timing Simulation                                              ; Auto       ; Auto          ;
+--------------------------------------------------------------------------------------------+------------+---------------+


+----------------------+
; Simulation Waveforms ;
+----------------------+
Waveform report data cannot be output to ASCII.
Please use Quartus II to view the waveform report data.


+-------------------------------------------------------------------------+
; |LOLO|altsyncram:WideOr1_rtl_0|altsyncram_peu:auto_generated|ALTSYNCRAM ;
+-------------------------------------------------------------------------+
Memory report data cannot be output to ASCII.
Please use Quartus II to view the memory report data.


+--------------------------------------------------------------------+
; Coverage Summary                                                   ;
+-----------------------------------------------------+--------------+
; Type                                                ; Value        ;
+-----------------------------------------------------+--------------+
; Total coverage as a percentage                      ;      54.10 % ;
; Total nodes checked                                 ; 426          ;
; Total output ports checked                          ; 536          ;
; Total output ports with complete 1/0-value coverage ; 290          ;
; Total output ports with no 1/0-value coverage       ; 245          ;
; Total output ports with no 1-value coverage         ; 245          ;
; Total output ports with no 0-value coverage         ; 246          ;
+-----------------------------------------------------+--------------+


The following table displays output ports that toggle between 1 and 0 during simulation.
+--------------------------------------------------------------------------------------------------------------------------------------------------------------------+
; Complete 1/0-Value Coverage                                                                                                                                        ;
+---------------------------------------------------------------------------+---------------------------------------------------------------------+------------------+
; Node Name                                                                 ; Output Port Name                                                    ; Output Port Type ;
+---------------------------------------------------------------------------+---------------------------------------------------------------------+------------------+
; |LOLO|T[10]                                                               ; |LOLO|T[10]                                                         ; regout           ;
; |LOLO|T[8]                                                                ; |LOLO|T[8]                                                          ; regout           ;
; |LOLO|T[9]                                                                ; |LOLO|T[9]                                                          ; regout           ;
; |LOLO|T[0]                                                                ; |LOLO|T[0]                                                          ; regout           ;
; |LOLO|T[1]                                                                ; |LOLO|T[1]                                                          ; regout           ;
; |LOLO|T[2]                                                                ; |LOLO|T[2]                                                          ; regout           ;
; |LOLO|T[3]                                                                ; |LOLO|T[3]                                                          ; regout           ;
; |LOLO|T[4]                                                                ; |LOLO|T[4]                                                          ; regout           ;
; |LOLO|T[5]                                                                ; |LOLO|T[5]                                                          ; regout           ;
; |LOLO|T[6]                                                                ; |LOLO|T[6]                                                          ; regout           ;
; |LOLO|T[7]                                                                ; |LOLO|T[7]                                                          ; regout           ;
; |LOLO|M[0]                                                                ; |LOLO|M[0]                                                          ; regout           ;
; |LOLO|N[5]                                                                ; |LOLO|N[5]                                                          ; regout           ;
; |LOLO|N[4]                                                                ; |LOLO|N[4]                                                          ; regout           ;
; |LOLO|N[7]                                                                ; |LOLO|N[7]                                                          ; regout           ;
; |LOLO|N[3]                                                                ; |LOLO|N[3]                                                          ; regout           ;
; |LOLO|N[0]                                                                ; |LOLO|N[0]                                                          ; regout           ;
; |LOLO|N[6]                                                                ; |LOLO|N[6]                                                          ; regout           ;
; |LOLO|N[2]                                                                ; |LOLO|N[2]                                                          ; regout           ;
; |LOLO|N[1]                                                                ; |LOLO|N[1]                                                          ; regout           ;
; |LOLO|altsyncram:WideOr1_rtl_0|altsyncram_peu:auto_generated|ram_block1a0 ; |LOLO|altsyncram:WideOr1_rtl_0|altsyncram_peu:auto_generated|q_a[0] ; portadataout0    ;
; |LOLO|B[10]                                                               ; |LOLO|B[10]                                                         ; regout           ;
; |LOLO|B[0]                                                                ; |LOLO|B[0]                                                          ; regout           ;
; |LOLO|B[1]                                                                ; |LOLO|B[1]                                                          ; regout           ;
; |LOLO|B[2]                                                                ; |LOLO|B[2]                                                          ; regout           ;
; |LOLO|B[3]                                                                ; |LOLO|B[3]                                                          ; regout           ;
; |LOLO|B[6]                                                                ; |LOLO|B[6]                                                          ; regout           ;
; |LOLO|B[7]                                                                ; |LOLO|B[7]                                                          ; regout           ;
; |LOLO|B[5]                                                                ; |LOLO|B[5]                                                          ; regout           ;
; |LOLO|B[4]                                                                ; |LOLO|B[4]                                                          ; regout           ;
; |LOLO|B[8]                                                                ; |LOLO|B[8]                                                          ; regout           ;
; |LOLO|B[9]                                                                ; |LOLO|B[9]                                                          ; regout           ;
; |LOLO|T[0]~320                                                            ; |LOLO|T[0]~320                                                      ; combout          ;
; |LOLO|T[0]~320                                                            ; |LOLO|T[0]~734                                                      ; cout             ;
; |LOLO|T[1]~321                                                            ; |LOLO|T[1]~321                                                      ; combout          ;
; |LOLO|T[1]~321                                                            ; |LOLO|T[1]~735                                                      ; cout             ;
; |LOLO|T[2]~319                                                            ; |LOLO|T[2]~319                                                      ; combout          ;
; |LOLO|T[2]~319                                                            ; |LOLO|T[2]~736                                                      ; cout             ;
; |LOLO|T[3]~318                                                            ; |LOLO|T[3]~318                                                      ; combout          ;
; |LOLO|T[3]~318                                                            ; |LOLO|T[3]~737                                                      ; cout             ;
; |LOLO|T[4]~317                                                            ; |LOLO|T[4]~317                                                      ; combout          ;
; |LOLO|T[4]~317                                                            ; |LOLO|T[4]~738                                                      ; cout             ;
; |LOLO|T[5]~315                                                            ; |LOLO|T[5]~315                                                      ; combout          ;
; |LOLO|T[5]~315                                                            ; |LOLO|T[5]~739                                                      ; cout             ;
; |LOLO|T[6]~316                                                            ; |LOLO|T[6]~316                                                      ; combout          ;
; |LOLO|T[6]~316                                                            ; |LOLO|T[6]~740                                                      ; cout             ;
; |LOLO|T[7]~314                                                            ; |LOLO|T[7]~314                                                      ; combout          ;
; |LOLO|T[7]~314                                                            ; |LOLO|T[7]~741                                                      ; cout             ;
; |LOLO|T[8]~292                                                            ; |LOLO|T[8]~292                                                      ; combout          ;
; |LOLO|T[8]~292                                                            ; |LOLO|T[8]~742                                                      ; cout             ;
; |LOLO|T[9]~293                                                            ; |LOLO|T[9]~293                                                      ; combout          ;
; |LOLO|T[9]~293                                                            ; |LOLO|T[9]~743                                                      ; cout             ;
; |LOLO|T[10]~294                                                           ; |LOLO|T[10]~294                                                     ; combout          ;
; |LOLO|T[10]~294                                                           ; |LOLO|T[10]~744                                                     ; cout             ;
; |LOLO|T[11]~295                                                           ; |LOLO|T[11]~295                                                     ; combout          ;
; |LOLO|M[0]~1393                                                           ; |LOLO|M[0]~1393                                                     ; combout          ;
; |LOLO|M[0]~1393                                                           ; |LOLO|M[0]~1659                                                     ; cout             ;
; |LOLO|M[1]~1394                                                           ; |LOLO|M[1]~1394                                                     ; combout          ;
; |LOLO|N[0]~1268                                                           ; |LOLO|N[0]~1268                                                     ; combout          ;
; |LOLO|N[0]~1268                                                           ; |LOLO|N[0]~1296                                                     ; cout             ;
; |LOLO|N[1]~1271                                                           ; |LOLO|N[1]~1271                                                     ; combout          ;
; |LOLO|N[1]~1271                                                           ; |LOLO|N[1]~1297                                                     ; cout             ;
; |LOLO|N[2]~1270                                                           ; |LOLO|N[2]~1270                                                     ; combout          ;
; |LOLO|N[2]~1270                                                           ; |LOLO|N[2]~1298                                                     ; cout             ;
; |LOLO|N[3]~1267                                                           ; |LOLO|N[3]~1267                                                     ; combout          ;
; |LOLO|N[3]~1267                                                           ; |LOLO|N[3]~1299                                                     ; cout             ;
; |LOLO|N[4]~1265                                                           ; |LOLO|N[4]~1265                                                     ; combout          ;
; |LOLO|N[4]~1265                                                           ; |LOLO|N[4]~1300                                                     ; cout             ;
; |LOLO|N[5]~1264                                                           ; |LOLO|N[5]~1264                                                     ; combout          ;
; |LOLO|N[5]~1264                                                           ; |LOLO|N[5]~1301                                                     ; cout             ;
; |LOLO|N[6]~1269                                                           ; |LOLO|N[6]~1269                                                     ; combout          ;
; |LOLO|N[6]~1269                                                           ; |LOLO|N[6]~1303                                                     ; cout             ;
; |LOLO|N[7]~1266                                                           ; |LOLO|N[7]~1266                                                     ; combout          ;
; |LOLO|N[7]~1266                                                           ; |LOLO|N[7]~1304                                                     ; cout             ;
; |LOLO|N[8]~1263                                                           ; |LOLO|N[8]~1263                                                     ; combout          ;
; |LOLO|Add2~384                                                            ; |LOLO|Add2~384                                                      ; combout          ;
; |LOLO|Add2~384                                                            ; |LOLO|Add2~385                                                      ; cout             ;
; |LOLO|Add2~386                                                            ; |LOLO|Add2~386                                                      ; combout          ;
; |LOLO|Add2~386                                                            ; |LOLO|Add2~387                                                      ; cout             ;
; |LOLO|Add2~388                                                            ; |LOLO|Add2~388                                                      ; combout          ;
; |LOLO|Add2~388                                                            ; |LOLO|Add2~389                                                      ; cout             ;
; |LOLO|Add2~390                                                            ; |LOLO|Add2~390                                                      ; combout          ;
; |LOLO|Add2~390                                                            ; |LOLO|Add2~391                                                      ; cout             ;
; |LOLO|Add2~392                                                            ; |LOLO|Add2~392                                                      ; combout          ;
; |LOLO|Add2~392                                                            ; |LOLO|Add2~393                                                      ; cout             ;
; |LOLO|Add2~394                                                            ; |LOLO|Add2~394                                                      ; combout          ;
; |LOLO|Add2~394                                                            ; |LOLO|Add2~395                                                      ; cout             ;
; |LOLO|Add2~396                                                            ; |LOLO|Add2~396                                                      ; combout          ;
; |LOLO|Add2~396                                                            ; |LOLO|Add2~397                                                      ; cout             ;
; |LOLO|Add2~398                                                            ; |LOLO|Add2~398                                                      ; combout          ;
; |LOLO|Add2~398                                                            ; |LOLO|Add2~399                                                      ; cout             ;
; |LOLO|Add2~400                                                            ; |LOLO|Add2~400                                                      ; combout          ;
; |LOLO|Add2~400                                                            ; |LOLO|Add2~401                                                      ; cout             ;
; |LOLO|Add2~402                                                            ; |LOLO|Add2~402                                                      ; combout          ;
; |LOLO|B[0]~319                                                            ; |LOLO|B[0]~319                                                      ; combout          ;
; |LOLO|B[0]~319                                                            ; |LOLO|B[0]~1246                                                     ; cout             ;
; |LOLO|B[1]~320                                                            ; |LOLO|B[1]~320                                                      ; combout          ;
; |LOLO|B[1]~320                                                            ; |LOLO|B[1]~1247                                                     ; cout             ;
; |LOLO|B[2]~321                                                            ; |LOLO|B[2]~321                                                      ; combout          ;
; |LOLO|B[2]~321                                                            ; |LOLO|B[2]~1248                                                     ; cout             ;
; |LOLO|B[3]~318                                                            ; |LOLO|B[3]~318                                                      ; combout          ;
; |LOLO|B[3]~318                                                            ; |LOLO|B[3]~1249                                                     ; cout             ;
; |LOLO|B[4]~316                                                            ; |LOLO|B[4]~316                                                      ; combout          ;
; |LOLO|B[4]~316                                                            ; |LOLO|B[4]~1250                                                     ; cout             ;
; |LOLO|B[5]~317                                                            ; |LOLO|B[5]~317                                                      ; combout          ;
; |LOLO|B[5]~317                                                            ; |LOLO|B[5]~1251                                                     ; cout             ;
; |LOLO|B[6]~294                                                            ; |LOLO|B[6]~294                                                      ; combout          ;
; |LOLO|B[6]~294                                                            ; |LOLO|B[6]~1252                                                     ; cout             ;
; |LOLO|B[7]~295                                                            ; |LOLO|B[7]~295                                                      ; combout          ;
; |LOLO|B[7]~295                                                            ; |LOLO|B[7]~1253                                                     ; cout             ;
; |LOLO|B[8]~296                                                            ; |LOLO|B[8]~296                                                      ; combout          ;
; |LOLO|B[8]~296                                                            ; |LOLO|B[8]~1254                                                     ; cout             ;
; |LOLO|B[9]~297                                                            ; |LOLO|B[9]~297                                                      ; combout          ;
; |LOLO|B[9]~297                                                            ; |LOLO|B[9]~1255                                                     ; cout             ;
; |LOLO|B[10]~298                                                           ; |LOLO|B[10]~298                                                     ; combout          ;
; |LOLO|B[10]~298                                                           ; |LOLO|B[10]~1256                                                    ; cout             ;
; |LOLO|B[11]~299                                                           ; |LOLO|B[11]~299                                                     ; combout          ;
; |LOLO|SDIO~reg0                                                           ; |LOLO|SDIO~reg0                                                     ; regout           ;
; |LOLO|SCLK~reg0                                                           ; |LOLO|SCLK~reg0                                                     ; regout           ;
; |LOLO|IO_UPDATE~reg0                                                      ; |LOLO|IO_UPDATE~reg0                                                ; regout           ;
; |LOLO|IO_RESET~reg0                                                       ; |LOLO|IO_RESET~reg0                                                 ; regout           ;
; |LOLO|DR_CTL~reg0                                                         ; |LOLO|DR_CTL~reg0                                                   ; regout           ;
; |LOLO|scope_trigger~reg0                                                  ; |LOLO|scope_trigger~reg0                                            ; regout           ;
; |LOLO|sweep_end_flag~reg0                                                 ; |LOLO|sweep_end_flag~reg0                                           ; regout           ;
; |LOLO|sweep_key_flag~reg0                                                 ; |LOLO|sweep_key_flag~reg0                                           ; regout           ;
; |LOLO|init_end_flag~reg0                                                  ; |LOLO|init_end_flag~reg0                                            ; regout           ;
; |LOLO|init_key_flag~reg0                                                  ; |LOLO|init_key_flag~reg0                                            ; regout           ;
; |LOLO|LessThan46~342                                                      ; |LOLO|LessThan46~342                                                ; combout          ;
; |LOLO|LessThan44~295                                                      ; |LOLO|LessThan44~295                                                ; combout          ;
; |LOLO|LessThan35~357                                                      ; |LOLO|LessThan35~357                                                ; combout          ;
; |LOLO|LessThan36~396                                                      ; |LOLO|LessThan36~396                                                ; combout          ;
; |LOLO|LessThan36~397                                                      ; |LOLO|LessThan36~397                                                ; combout          ;
; |LOLO|Equal1~158                                                          ; |LOLO|Equal1~158                                                    ; combout          ;
; |LOLO|LessThan38~300                                                      ; |LOLO|LessThan38~300                                                ; combout          ;
; |LOLO|LessThan47~305                                                      ; |LOLO|LessThan47~305                                                ; combout          ;
; |LOLO|LessThan38~301                                                      ; |LOLO|LessThan38~301                                                ; combout          ;
; |LOLO|LessThan35~358                                                      ; |LOLO|LessThan35~358                                                ; combout          ;
; |LOLO|LessThan35~359                                                      ; |LOLO|LessThan35~359                                                ; combout          ;
; |LOLO|LessThan35~360                                                      ; |LOLO|LessThan35~360                                                ; combout          ;
; |LOLO|LessThan37~310                                                      ; |LOLO|LessThan37~310                                                ; combout          ;
; |LOLO|LessThan37~311                                                      ; |LOLO|LessThan37~311                                                ; combout          ;
; |LOLO|always0~785                                                         ; |LOLO|always0~785                                                   ; combout          ;
; |LOLO|LessThan22~542                                                      ; |LOLO|LessThan22~542                                                ; combout          ;
; |LOLO|LessThan22~546                                                      ; |LOLO|LessThan22~546                                                ; combout          ;
; |LOLO|LessThan22~552                                                      ; |LOLO|LessThan22~552                                                ; combout          ;
; |LOLO|WideOr3~1272                                                        ; |LOLO|WideOr3~1272                                                  ; combout          ;
; |LOLO|WideOr3~1273                                                        ; |LOLO|WideOr3~1273                                                  ; combout          ;
; |LOLO|WideOr3~1274                                                        ; |LOLO|WideOr3~1274                                                  ; combout          ;
; |LOLO|WideOr3~1275                                                        ; |LOLO|WideOr3~1275                                                  ; combout          ;
; |LOLO|WideOr3~1276                                                        ; |LOLO|WideOr3~1276                                                  ; combout          ;
; |LOLO|WideOr3~1277                                                        ; |LOLO|WideOr3~1277                                                  ; combout          ;
; |LOLO|WideOr3~1278                                                        ; |LOLO|WideOr3~1278                                                  ; combout          ;
; |LOLO|WideOr3~1279                                                        ; |LOLO|WideOr3~1279                                                  ; combout          ;
; |LOLO|WideOr3~1280                                                        ; |LOLO|WideOr3~1280                                                  ; combout          ;
; |LOLO|WideOr3~1281                                                        ; |LOLO|WideOr3~1281                                                  ; combout          ;
; |LOLO|WideOr3~1282                                                        ; |LOLO|WideOr3~1282                                                  ; combout          ;
; |LOLO|WideOr3~1283                                                        ; |LOLO|WideOr3~1283                                                  ; combout          ;
; |LOLO|WideOr3~1284                                                        ; |LOLO|WideOr3~1284                                                  ; combout          ;
; |LOLO|WideOr3~1285                                                        ; |LOLO|WideOr3~1285                                                  ; combout          ;
; |LOLO|WideOr3~1286                                                        ; |LOLO|WideOr3~1286                                                  ; combout          ;
; |LOLO|WideOr3~1287                                                        ; |LOLO|WideOr3~1287                                                  ; combout          ;
; |LOLO|WideOr3~1288                                                        ; |LOLO|WideOr3~1288                                                  ; combout          ;
; |LOLO|WideOr3~1289                                                        ; |LOLO|WideOr3~1289                                                  ; combout          ;
; |LOLO|WideOr3~1290                                                        ; |LOLO|WideOr3~1290                                                  ; combout          ;
; |LOLO|always0~786                                                         ; |LOLO|always0~786                                                   ; combout          ;
; |LOLO|LessThan16~441                                                      ; |LOLO|LessThan16~441                                                ; combout          ;
; |LOLO|LessThan16~443                                                      ; |LOLO|LessThan16~443                                                ; combout          ;
; |LOLO|LessThan16~444                                                      ; |LOLO|LessThan16~444                                                ; combout          ;
; |LOLO|B[4]~1245                                                           ; |LOLO|B[4]~1245                                                     ; combout          ;
; |LOLO|LessThan17~406                                                      ; |LOLO|LessThan17~406                                                ; combout          ;
; |LOLO|always0~787                                                         ; |LOLO|always0~787                                                   ; combout          ;
; |LOLO|LessThan16~445                                                      ; |LOLO|LessThan16~445                                                ; combout          ;
; |LOLO|LessThan16~446                                                      ; |LOLO|LessThan16~446                                                ; combout          ;
; |LOLO|LessThan16~447                                                      ; |LOLO|LessThan16~447                                                ; combout          ;
; |LOLO|LessThan18~326                                                      ; |LOLO|LessThan18~326                                                ; combout          ;
; |LOLO|DR_CTL~349                                                          ; |LOLO|DR_CTL~349                                                    ; combout          ;
; |LOLO|LessThan20~282                                                      ; |LOLO|LessThan20~282                                                ; combout          ;
; |LOLO|LessThan16~448                                                      ; |LOLO|LessThan16~448                                                ; combout          ;
; |LOLO|LessThan21~330                                                      ; |LOLO|LessThan21~330                                                ; combout          ;
; |LOLO|LessThan21~331                                                      ; |LOLO|LessThan21~331                                                ; combout          ;
; |LOLO|IO_UPDATE~547                                                       ; |LOLO|IO_UPDATE~547                                                 ; combout          ;
; |LOLO|LessThan19~376                                                      ; |LOLO|LessThan19~376                                                ; combout          ;
; |LOLO|LessThan19~377                                                      ; |LOLO|LessThan19~377                                                ; combout          ;
; |LOLO|LessThan18~327                                                      ; |LOLO|LessThan18~327                                                ; combout          ;
; |LOLO|LessThan18~328                                                      ; |LOLO|LessThan18~328                                                ; combout          ;
; |LOLO|LessThan19~378                                                      ; |LOLO|LessThan19~378                                                ; combout          ;
; |LOLO|always0~788                                                         ; |LOLO|always0~788                                                   ; combout          ;
; |LOLO|SDIO~431                                                            ; |LOLO|SDIO~431                                                      ; combout          ;
; |LOLO|SDIO~432                                                            ; |LOLO|SDIO~432                                                      ; combout          ;
; |LOLO|always0~789                                                         ; |LOLO|always0~789                                                   ; combout          ;
; |LOLO|always0~790                                                         ; |LOLO|always0~790                                                   ; combout          ;
; |LOLO|always0~791                                                         ; |LOLO|always0~791                                                   ; combout          ;
; |LOLO|SCLK~231                                                            ; |LOLO|SCLK~231                                                      ; combout          ;
; |LOLO|SCLK~232                                                            ; |LOLO|SCLK~232                                                      ; combout          ;
; |LOLO|SCLK~233                                                            ; |LOLO|SCLK~233                                                      ; combout          ;
; |LOLO|always0~792                                                         ; |LOLO|always0~792                                                   ; combout          ;
; |LOLO|IO_UPDATE~548                                                       ; |LOLO|IO_UPDATE~548                                                 ; combout          ;
; |LOLO|IO_UPDATE~549                                                       ; |LOLO|IO_UPDATE~549                                                 ; combout          ;
; |LOLO|IO_UPDATE~550                                                       ; |LOLO|IO_UPDATE~550                                                 ; combout          ;
; |LOLO|IO_UPDATE~551                                                       ; |LOLO|IO_UPDATE~551                                                 ; combout          ;
; |LOLO|IO_UPDATE~552                                                       ; |LOLO|IO_UPDATE~552                                                 ; combout          ;
; |LOLO|IO_UPDATE~553                                                       ; |LOLO|IO_UPDATE~553                                                 ; combout          ;
; |LOLO|IO_UPDATE~554                                                       ; |LOLO|IO_UPDATE~554                                                 ; combout          ;
; |LOLO|IO_UPDATE~555                                                       ; |LOLO|IO_UPDATE~555                                                 ; combout          ;
; |LOLO|IO_UPDATE~556                                                       ; |LOLO|IO_UPDATE~556                                                 ; combout          ;
; |LOLO|IO_UPDATE~557                                                       ; |LOLO|IO_UPDATE~557                                                 ; combout          ;
; |LOLO|IO_UPDATE~558                                                       ; |LOLO|IO_UPDATE~558                                                 ; combout          ;
; |LOLO|IO_UPDATE~559                                                       ; |LOLO|IO_UPDATE~559                                                 ; combout          ;
; |LOLO|Equal0~244                                                          ; |LOLO|Equal0~244                                                    ; combout          ;
; |LOLO|IO_UPDATE~560                                                       ; |LOLO|IO_UPDATE~560                                                 ; combout          ;
; |LOLO|IO_UPDATE~561                                                       ; |LOLO|IO_UPDATE~561                                                 ; combout          ;
; |LOLO|IO_UPDATE~562                                                       ; |LOLO|IO_UPDATE~562                                                 ; combout          ;
; |LOLO|IO_UPDATE~563                                                       ; |LOLO|IO_UPDATE~563                                                 ; combout          ;
; |LOLO|IO_UPDATE~564                                                       ; |LOLO|IO_UPDATE~564                                                 ; combout          ;
; |LOLO|IO_RESET~70                                                         ; |LOLO|IO_RESET~70                                                   ; combout          ;
; |LOLO|IO_RESET~71                                                         ; |LOLO|IO_RESET~71                                                   ; combout          ;
; |LOLO|LessThan53~324                                                      ; |LOLO|LessThan53~324                                                ; combout          ;
; |LOLO|LessThan53~325                                                      ; |LOLO|LessThan53~325                                                ; combout          ;
; |LOLO|DR_CTL~350                                                          ; |LOLO|DR_CTL~350                                                    ; combout          ;
; |LOLO|LessThan52~406                                                      ; |LOLO|LessThan52~406                                                ; combout          ;
; |LOLO|LessThan52~407                                                      ; |LOLO|LessThan52~407                                                ; combout          ;
; |LOLO|LessThan52~408                                                      ; |LOLO|LessThan52~408                                                ; combout          ;
; |LOLO|DR_CTL~351                                                          ; |LOLO|DR_CTL~351                                                    ; combout          ;
; |LOLO|DR_CTL~354                                                          ; |LOLO|DR_CTL~354                                                    ; combout          ;
; |LOLO|DR_CTL~355                                                          ; |LOLO|DR_CTL~355                                                    ; combout          ;
; |LOLO|DR_CTL~356                                                          ; |LOLO|DR_CTL~356                                                    ; combout          ;
; |LOLO|always0~793                                                         ; |LOLO|always0~793                                                   ; combout          ;
; |LOLO|always0~794                                                         ; |LOLO|always0~794                                                   ; combout          ;
; |LOLO|always0~795                                                         ; |LOLO|always0~795                                                   ; combout          ;
; |LOLO|always0~796                                                         ; |LOLO|always0~796                                                   ; combout          ;
; |LOLO|DR_CTL~357                                                          ; |LOLO|DR_CTL~357                                                    ; combout          ;
; |LOLO|scope_trigger~0                                                     ; |LOLO|scope_trigger~0                                               ; combout          ;
; |LOLO|Equal1~160                                                          ; |LOLO|Equal1~160                                                    ; combout          ;
; |LOLO|Equal1~161                                                          ; |LOLO|Equal1~161                                                    ; combout          ;
; |LOLO|Equal1~162                                                          ; |LOLO|Equal1~162                                                    ; combout          ;
; |LOLO|Equal1~163                                                          ; |LOLO|Equal1~163                                                    ; combout          ;
; |LOLO|LessThan56~272                                                      ; |LOLO|LessThan56~272                                                ; combout          ;
; |LOLO|sweep_end_flag~49                                                   ; |LOLO|sweep_end_flag~49                                             ; combout          ;
; |LOLO|sweep_key_flag~30                                                   ; |LOLO|sweep_key_flag~30                                             ; combout          ;
; |LOLO|Equal0~245                                                          ; |LOLO|Equal0~245                                                    ; combout          ;
; |LOLO|Equal0~246                                                          ; |LOLO|Equal0~246                                                    ; combout          ;
; |LOLO|Equal0~247                                                          ; |LOLO|Equal0~247                                                    ; combout          ;
; |LOLO|init_end_flag~50                                                    ; |LOLO|init_end_flag~50                                              ; combout          ;
; |LOLO|init_key_flag~30                                                    ; |LOLO|init_key_flag~30                                              ; combout          ;
; |LOLO|N[5]~1302                                                           ; |LOLO|N[5]~1302                                                     ; combout          ;
; |LOLO|P~1480                                                              ; |LOLO|P~1480                                                        ; combout          ;
; |LOLO|P[0]                                                                ; |LOLO|P[0]                                                          ; regout           ;
; |LOLO|P~1481                                                              ; |LOLO|P~1481                                                        ; combout          ;
; |LOLO|P~1482                                                              ; |LOLO|P~1482                                                        ; combout          ;
; |LOLO|P[1]                                                                ; |LOLO|P[1]                                                          ; regout           ;
; |LOLO|P~1483                                                              ; |LOLO|P~1483                                                        ; combout          ;
; |LOLO|P[2]                                                                ; |LOLO|P[2]                                                          ; regout           ;
; |LOLO|P~1484                                                              ; |LOLO|P~1484                                                        ; combout          ;
; |LOLO|P[3]                                                                ; |LOLO|P[3]                                                          ; regout           ;
; |LOLO|P~1485                                                              ; |LOLO|P~1485                                                        ; combout          ;
; |LOLO|P[4]                                                                ; |LOLO|P[4]                                                          ; regout           ;
; |LOLO|P~1486                                                              ; |LOLO|P~1486                                                        ; combout          ;
; |LOLO|P[5]                                                                ; |LOLO|P[5]                                                          ; regout           ;
; |LOLO|P~1487                                                              ; |LOLO|P~1487                                                        ; combout          ;
; |LOLO|P[6]                                                                ; |LOLO|P[6]                                                          ; regout           ;
; |LOLO|P~1488                                                              ; |LOLO|P~1488                                                        ; combout          ;
; |LOLO|P[7]                                                                ; |LOLO|P[7]                                                          ; regout           ;
; |LOLO|P~1489                                                              ; |LOLO|P~1489                                                        ; combout          ;
; |LOLO|P[8]                                                                ; |LOLO|P[8]                                                          ; regout           ;
; |LOLO|P~1490                                                              ; |LOLO|P~1490                                                        ; combout          ;
; |LOLO|P~1491                                                              ; |LOLO|P~1491                                                        ; combout          ;
; |LOLO|SDIO~433                                                            ; |LOLO|SDIO~433                                                      ; combout          ;
; |LOLO|always0~797                                                         ; |LOLO|always0~797                                                   ; combout          ;
; |LOLO|M[25]~1691                                                          ; |LOLO|M[25]~1691                                                    ; combout          ;
; |LOLO|IO_UPDATE~565                                                       ; |LOLO|IO_UPDATE~565                                                 ; combout          ;
; |LOLO|Equal0~248                                                          ; |LOLO|Equal0~248                                                    ; combout          ;
; |LOLO|LessThan34~269                                                      ; |LOLO|LessThan34~269                                                ; combout          ;
; |LOLO|SDIO~434                                                            ; |LOLO|SDIO~434                                                      ; combout          ;
; |LOLO|SDIO~435                                                            ; |LOLO|SDIO~435                                                      ; combout          ;
; |LOLO|WideOr3~1291                                                        ; |LOLO|WideOr3~1291                                                  ; combout          ;
; |LOLO|WideOr3~1292                                                        ; |LOLO|WideOr3~1292                                                  ; combout          ;
; |LOLO|SDIO                                                                ; |LOLO|SDIO                                                          ; padio            ;
; |LOLO|SCLK                                                                ; |LOLO|SCLK                                                          ; padio            ;
; |LOLO|IO_UPDATE                                                           ; |LOLO|IO_UPDATE                                                     ; padio            ;
; |LOLO|IO_RESET                                                            ; |LOLO|IO_RESET                                                      ; padio            ;
; |LOLO|DR_CTL                                                              ; |LOLO|DR_CTL                                                        ; padio            ;
; |LOLO|scope_trigger                                                       ; |LOLO|scope_trigger                                                 ; padio            ;
; |LOLO|sweep_end_flag                                                      ; |LOLO|sweep_end_flag                                                ; padio            ;
; |LOLO|sweep_key_flag                                                      ; |LOLO|sweep_key_flag                                                ; padio            ;
; |LOLO|init_end_flag                                                       ; |LOLO|init_end_flag                                                 ; padio            ;
; |LOLO|init_key_flag                                                       ; |LOLO|init_key_flag                                                 ; padio            ;
; |LOLO|tenMHz_ext                                                          ; |LOLO|tenMHz_ext~corein                                             ; combout          ;
; |LOLO|key_0_init                                                          ; |LOLO|key_0_init~corein                                             ; combout          ;
; |LOLO|key_3_sweep                                                         ; |LOLO|key_3_sweep~corein                                            ; combout          ;
; |LOLO|tenMHz_ext~clkctrl                                                  ; |LOLO|tenMHz_ext~clkctrl                                            ; outclk           ;
+---------------------------------------------------------------------------+---------------------------------------------------------------------+------------------+


The following table displays output ports that do not toggle to 1 during simulation.
+----------------------------------------------------------------+
; Missing 1-Value Coverage                                       ;
+----------------------+----------------------+------------------+
; Node Name            ; Output Port Name     ; Output Port Type ;
+----------------------+----------------------+------------------+
; |LOLO|T[31]          ; |LOLO|T[31]          ; regout           ;
; |LOLO|T[30]          ; |LOLO|T[30]          ; regout           ;
; |LOLO|T[11]          ; |LOLO|T[11]          ; regout           ;
; |LOLO|T[12]          ; |LOLO|T[12]          ; regout           ;
; |LOLO|T[13]          ; |LOLO|T[13]          ; regout           ;
; |LOLO|T[14]          ; |LOLO|T[14]          ; regout           ;
; |LOLO|T[15]          ; |LOLO|T[15]          ; regout           ;
; |LOLO|T[16]          ; |LOLO|T[16]          ; regout           ;
; |LOLO|T[17]          ; |LOLO|T[17]          ; regout           ;
; |LOLO|T[18]          ; |LOLO|T[18]          ; regout           ;
; |LOLO|T[19]          ; |LOLO|T[19]          ; regout           ;
; |LOLO|T[20]          ; |LOLO|T[20]          ; regout           ;
; |LOLO|T[21]          ; |LOLO|T[21]          ; regout           ;
; |LOLO|T[22]          ; |LOLO|T[22]          ; regout           ;
; |LOLO|T[23]          ; |LOLO|T[23]          ; regout           ;
; |LOLO|T[24]          ; |LOLO|T[24]          ; regout           ;
; |LOLO|T[25]          ; |LOLO|T[25]          ; regout           ;
; |LOLO|T[26]          ; |LOLO|T[26]          ; regout           ;
; |LOLO|T[27]          ; |LOLO|T[27]          ; regout           ;
; |LOLO|T[28]          ; |LOLO|T[28]          ; regout           ;
; |LOLO|T[29]          ; |LOLO|T[29]          ; regout           ;
; |LOLO|M[1]           ; |LOLO|M[1]           ; regout           ;
; |LOLO|M[2]           ; |LOLO|M[2]           ; regout           ;
; |LOLO|M[3]           ; |LOLO|M[3]           ; regout           ;
; |LOLO|M[4]           ; |LOLO|M[4]           ; regout           ;
; |LOLO|M[5]           ; |LOLO|M[5]           ; regout           ;
; |LOLO|M[6]           ; |LOLO|M[6]           ; regout           ;
; |LOLO|M[7]           ; |LOLO|M[7]           ; regout           ;
; |LOLO|M[8]           ; |LOLO|M[8]           ; regout           ;
; |LOLO|M[9]           ; |LOLO|M[9]           ; regout           ;
; |LOLO|M[10]          ; |LOLO|M[10]          ; regout           ;
; |LOLO|M[11]          ; |LOLO|M[11]          ; regout           ;
; |LOLO|M[12]          ; |LOLO|M[12]          ; regout           ;
; |LOLO|M[13]          ; |LOLO|M[13]          ; regout           ;
; |LOLO|M[14]          ; |LOLO|M[14]          ; regout           ;
; |LOLO|M[15]          ; |LOLO|M[15]          ; regout           ;
; |LOLO|M[16]          ; |LOLO|M[16]          ; regout           ;
; |LOLO|M[17]          ; |LOLO|M[17]          ; regout           ;
; |LOLO|M[18]          ; |LOLO|M[18]          ; regout           ;
; |LOLO|M[19]          ; |LOLO|M[19]          ; regout           ;
; |LOLO|M[20]          ; |LOLO|M[20]          ; regout           ;
; |LOLO|M[21]          ; |LOLO|M[21]          ; regout           ;
; |LOLO|M[22]          ; |LOLO|M[22]          ; regout           ;
; |LOLO|M[23]          ; |LOLO|M[23]          ; regout           ;
; |LOLO|M[24]          ; |LOLO|M[24]          ; regout           ;
; |LOLO|M[25]          ; |LOLO|M[25]          ; regout           ;
; |LOLO|M[26]          ; |LOLO|M[26]          ; regout           ;
; |LOLO|M[27]          ; |LOLO|M[27]          ; regout           ;
; |LOLO|M[28]          ; |LOLO|M[28]          ; regout           ;
; |LOLO|M[29]          ; |LOLO|M[29]          ; regout           ;
; |LOLO|M[30]          ; |LOLO|M[30]          ; regout           ;
; |LOLO|M[31]          ; |LOLO|M[31]          ; regout           ;
; |LOLO|B[11]          ; |LOLO|B[11]          ; regout           ;
; |LOLO|B[12]          ; |LOLO|B[12]          ; regout           ;
; |LOLO|B[13]          ; |LOLO|B[13]          ; regout           ;
; |LOLO|B[14]          ; |LOLO|B[14]          ; regout           ;
; |LOLO|B[15]          ; |LOLO|B[15]          ; regout           ;
; |LOLO|B[16]          ; |LOLO|B[16]          ; regout           ;
; |LOLO|B[17]          ; |LOLO|B[17]          ; regout           ;
; |LOLO|B[18]          ; |LOLO|B[18]          ; regout           ;
; |LOLO|B[19]          ; |LOLO|B[19]          ; regout           ;
; |LOLO|B[20]          ; |LOLO|B[20]          ; regout           ;
; |LOLO|B[21]          ; |LOLO|B[21]          ; regout           ;
; |LOLO|B[22]          ; |LOLO|B[22]          ; regout           ;
; |LOLO|B[23]          ; |LOLO|B[23]          ; regout           ;
; |LOLO|B[24]          ; |LOLO|B[24]          ; regout           ;
; |LOLO|B[25]          ; |LOLO|B[25]          ; regout           ;
; |LOLO|B[26]          ; |LOLO|B[26]          ; regout           ;
; |LOLO|B[27]          ; |LOLO|B[27]          ; regout           ;
; |LOLO|B[30]          ; |LOLO|B[30]          ; regout           ;
; |LOLO|B[28]          ; |LOLO|B[28]          ; regout           ;
; |LOLO|B[29]          ; |LOLO|B[29]          ; regout           ;
; |LOLO|B[31]          ; |LOLO|B[31]          ; regout           ;
; |LOLO|T[11]~295      ; |LOLO|T[11]~745      ; cout             ;
; |LOLO|T[12]~296      ; |LOLO|T[12]~296      ; combout          ;
; |LOLO|T[12]~296      ; |LOLO|T[12]~746      ; cout             ;
; |LOLO|T[13]~297      ; |LOLO|T[13]~297      ; combout          ;
; |LOLO|T[13]~297      ; |LOLO|T[13]~747      ; cout             ;
; |LOLO|T[14]~298      ; |LOLO|T[14]~298      ; combout          ;
; |LOLO|T[14]~298      ; |LOLO|T[14]~748      ; cout             ;
; |LOLO|T[15]~299      ; |LOLO|T[15]~299      ; combout          ;
; |LOLO|T[15]~299      ; |LOLO|T[15]~749      ; cout             ;
; |LOLO|T[16]~300      ; |LOLO|T[16]~300      ; combout          ;
; |LOLO|T[16]~300      ; |LOLO|T[16]~750      ; cout             ;
; |LOLO|T[17]~301      ; |LOLO|T[17]~301      ; combout          ;
; |LOLO|T[17]~301      ; |LOLO|T[17]~751      ; cout             ;
; |LOLO|T[18]~302      ; |LOLO|T[18]~302      ; combout          ;
; |LOLO|T[18]~302      ; |LOLO|T[18]~752      ; cout             ;
; |LOLO|T[19]~303      ; |LOLO|T[19]~303      ; combout          ;
; |LOLO|T[19]~303      ; |LOLO|T[19]~753      ; cout             ;
; |LOLO|T[20]~304      ; |LOLO|T[20]~304      ; combout          ;
; |LOLO|T[20]~304      ; |LOLO|T[20]~754      ; cout             ;
; |LOLO|T[21]~305      ; |LOLO|T[21]~305      ; combout          ;
; |LOLO|T[21]~305      ; |LOLO|T[21]~755      ; cout             ;
; |LOLO|T[22]~306      ; |LOLO|T[22]~306      ; combout          ;
; |LOLO|T[22]~306      ; |LOLO|T[22]~756      ; cout             ;
; |LOLO|T[23]~307      ; |LOLO|T[23]~307      ; combout          ;
; |LOLO|T[23]~307      ; |LOLO|T[23]~757      ; cout             ;
; |LOLO|T[24]~308      ; |LOLO|T[24]~308      ; combout          ;
; |LOLO|T[24]~308      ; |LOLO|T[24]~758      ; cout             ;
; |LOLO|T[25]~309      ; |LOLO|T[25]~309      ; combout          ;
; |LOLO|T[25]~309      ; |LOLO|T[25]~759      ; cout             ;
; |LOLO|T[26]~310      ; |LOLO|T[26]~310      ; combout          ;
; |LOLO|T[26]~310      ; |LOLO|T[26]~760      ; cout             ;
; |LOLO|T[27]~311      ; |LOLO|T[27]~311      ; combout          ;
; |LOLO|T[27]~311      ; |LOLO|T[27]~761      ; cout             ;
; |LOLO|T[28]~312      ; |LOLO|T[28]~312      ; combout          ;
; |LOLO|T[28]~312      ; |LOLO|T[28]~762      ; cout             ;
; |LOLO|T[29]~313      ; |LOLO|T[29]~313      ; combout          ;
; |LOLO|T[29]~313      ; |LOLO|T[29]~763      ; cout             ;
; |LOLO|T[30]~291      ; |LOLO|T[30]~291      ; combout          ;
; |LOLO|T[30]~291      ; |LOLO|T[30]~764      ; cout             ;
; |LOLO|T[31]~290      ; |LOLO|T[31]~290      ; combout          ;
; |LOLO|M[1]~1394      ; |LOLO|M[1]~1660      ; cout             ;
; |LOLO|M[2]~1395      ; |LOLO|M[2]~1395      ; combout          ;
; |LOLO|M[2]~1395      ; |LOLO|M[2]~1661      ; cout             ;
; |LOLO|M[3]~1396      ; |LOLO|M[3]~1396      ; combout          ;
; |LOLO|M[3]~1396      ; |LOLO|M[3]~1662      ; cout             ;
; |LOLO|M[4]~1397      ; |LOLO|M[4]~1397      ; combout          ;
; |LOLO|M[4]~1397      ; |LOLO|M[4]~1663      ; cout             ;
; |LOLO|M[5]~1398      ; |LOLO|M[5]~1398      ; combout          ;
; |LOLO|M[5]~1398      ; |LOLO|M[5]~1664      ; cout             ;
; |LOLO|M[6]~1399      ; |LOLO|M[6]~1399      ; combout          ;
; |LOLO|M[6]~1399      ; |LOLO|M[6]~1665      ; cout             ;
; |LOLO|M[7]~1400      ; |LOLO|M[7]~1400      ; combout          ;
; |LOLO|M[7]~1400      ; |LOLO|M[7]~1666      ; cout             ;
; |LOLO|M[8]~1401      ; |LOLO|M[8]~1401      ; combout          ;
; |LOLO|M[8]~1401      ; |LOLO|M[8]~1667      ; cout             ;
; |LOLO|M[9]~1402      ; |LOLO|M[9]~1402      ; combout          ;
; |LOLO|M[9]~1402      ; |LOLO|M[9]~1668      ; cout             ;
; |LOLO|M[10]~1403     ; |LOLO|M[10]~1403     ; combout          ;
; |LOLO|M[10]~1403     ; |LOLO|M[10]~1669     ; cout             ;
; |LOLO|M[11]~1404     ; |LOLO|M[11]~1404     ; combout          ;
; |LOLO|M[11]~1404     ; |LOLO|M[11]~1670     ; cout             ;
; |LOLO|M[12]~1405     ; |LOLO|M[12]~1405     ; combout          ;
; |LOLO|M[12]~1405     ; |LOLO|M[12]~1671     ; cout             ;
; |LOLO|M[13]~1406     ; |LOLO|M[13]~1406     ; combout          ;
; |LOLO|M[13]~1406     ; |LOLO|M[13]~1672     ; cout             ;
; |LOLO|M[14]~1407     ; |LOLO|M[14]~1407     ; combout          ;
; |LOLO|M[14]~1407     ; |LOLO|M[14]~1673     ; cout             ;
; |LOLO|M[15]~1408     ; |LOLO|M[15]~1408     ; combout          ;
; |LOLO|M[15]~1408     ; |LOLO|M[15]~1674     ; cout             ;
; |LOLO|M[16]~1409     ; |LOLO|M[16]~1409     ; combout          ;
; |LOLO|M[16]~1409     ; |LOLO|M[16]~1675     ; cout             ;
; |LOLO|M[17]~1410     ; |LOLO|M[17]~1410     ; combout          ;
; |LOLO|M[17]~1410     ; |LOLO|M[17]~1676     ; cout             ;
; |LOLO|M[18]~1411     ; |LOLO|M[18]~1411     ; combout          ;
; |LOLO|M[18]~1411     ; |LOLO|M[18]~1677     ; cout             ;
; |LOLO|M[19]~1412     ; |LOLO|M[19]~1412     ; combout          ;
; |LOLO|M[19]~1412     ; |LOLO|M[19]~1678     ; cout             ;
; |LOLO|M[20]~1413     ; |LOLO|M[20]~1413     ; combout          ;
; |LOLO|M[20]~1413     ; |LOLO|M[20]~1679     ; cout             ;
; |LOLO|M[21]~1414     ; |LOLO|M[21]~1414     ; combout          ;
; |LOLO|M[21]~1414     ; |LOLO|M[21]~1680     ; cout             ;
; |LOLO|M[22]~1415     ; |LOLO|M[22]~1415     ; combout          ;
; |LOLO|M[22]~1415     ; |LOLO|M[22]~1681     ; cout             ;
; |LOLO|M[23]~1416     ; |LOLO|M[23]~1416     ; combout          ;
; |LOLO|M[23]~1416     ; |LOLO|M[23]~1682     ; cout             ;
; |LOLO|M[24]~1417     ; |LOLO|M[24]~1417     ; combout          ;
; |LOLO|M[24]~1417     ; |LOLO|M[24]~1683     ; cout             ;
; |LOLO|M[25]~1418     ; |LOLO|M[25]~1418     ; combout          ;
; |LOLO|M[25]~1418     ; |LOLO|M[25]~1684     ; cout             ;
; |LOLO|M[26]~1419     ; |LOLO|M[26]~1419     ; combout          ;
; |LOLO|M[26]~1419     ; |LOLO|M[26]~1685     ; cout             ;
; |LOLO|M[27]~1420     ; |LOLO|M[27]~1420     ; combout          ;
; |LOLO|M[27]~1420     ; |LOLO|M[27]~1686     ; cout             ;
; |LOLO|M[28]~1421     ; |LOLO|M[28]~1421     ; combout          ;
; |LOLO|M[28]~1421     ; |LOLO|M[28]~1687     ; cout             ;
; |LOLO|M[29]~1422     ; |LOLO|M[29]~1422     ; combout          ;
; |LOLO|M[29]~1422     ; |LOLO|M[29]~1688     ; cout             ;
; |LOLO|M[30]~1423     ; |LOLO|M[30]~1423     ; combout          ;
; |LOLO|M[30]~1423     ; |LOLO|M[30]~1689     ; cout             ;
; |LOLO|M[31]~1392     ; |LOLO|M[31]~1392     ; combout          ;
; |LOLO|B[11]~299      ; |LOLO|B[11]~1257     ; cout             ;
; |LOLO|B[12]~300      ; |LOLO|B[12]~300      ; combout          ;
; |LOLO|B[12]~300      ; |LOLO|B[12]~1258     ; cout             ;
; |LOLO|B[13]~301      ; |LOLO|B[13]~301      ; combout          ;
; |LOLO|B[13]~301      ; |LOLO|B[13]~1259     ; cout             ;
; |LOLO|B[14]~302      ; |LOLO|B[14]~302      ; combout          ;
; |LOLO|B[14]~302      ; |LOLO|B[14]~1260     ; cout             ;
; |LOLO|B[15]~303      ; |LOLO|B[15]~303      ; combout          ;
; |LOLO|B[15]~303      ; |LOLO|B[15]~1261     ; cout             ;
; |LOLO|B[16]~304      ; |LOLO|B[16]~304      ; combout          ;
; |LOLO|B[16]~304      ; |LOLO|B[16]~1262     ; cout             ;
; |LOLO|B[17]~305      ; |LOLO|B[17]~305      ; combout          ;
; |LOLO|B[17]~305      ; |LOLO|B[17]~1263     ; cout             ;
; |LOLO|B[18]~306      ; |LOLO|B[18]~306      ; combout          ;
; |LOLO|B[18]~306      ; |LOLO|B[18]~1264     ; cout             ;
; |LOLO|B[19]~307      ; |LOLO|B[19]~307      ; combout          ;
; |LOLO|B[19]~307      ; |LOLO|B[19]~1265     ; cout             ;
; |LOLO|B[20]~308      ; |LOLO|B[20]~308      ; combout          ;
; |LOLO|B[20]~308      ; |LOLO|B[20]~1266     ; cout             ;
; |LOLO|B[21]~309      ; |LOLO|B[21]~309      ; combout          ;
; |LOLO|B[21]~309      ; |LOLO|B[21]~1267     ; cout             ;
; |LOLO|B[22]~310      ; |LOLO|B[22]~310      ; combout          ;
; |LOLO|B[22]~310      ; |LOLO|B[22]~1268     ; cout             ;
; |LOLO|B[23]~311      ; |LOLO|B[23]~311      ; combout          ;
; |LOLO|B[23]~311      ; |LOLO|B[23]~1269     ; cout             ;
; |LOLO|B[24]~312      ; |LOLO|B[24]~312      ; combout          ;
; |LOLO|B[24]~312      ; |LOLO|B[24]~1270     ; cout             ;
; |LOLO|B[25]~313      ; |LOLO|B[25]~313      ; combout          ;
; |LOLO|B[25]~313      ; |LOLO|B[25]~1271     ; cout             ;
; |LOLO|B[26]~314      ; |LOLO|B[26]~314      ; combout          ;
; |LOLO|B[26]~314      ; |LOLO|B[26]~1272     ; cout             ;
; |LOLO|B[27]~315      ; |LOLO|B[27]~315      ; combout          ;
; |LOLO|B[27]~315      ; |LOLO|B[27]~1273     ; cout             ;
; |LOLO|B[28]~292      ; |LOLO|B[28]~292      ; combout          ;
; |LOLO|B[28]~292      ; |LOLO|B[28]~1274     ; cout             ;
; |LOLO|B[29]~293      ; |LOLO|B[29]~293      ; combout          ;
; |LOLO|B[29]~293      ; |LOLO|B[29]~1275     ; cout             ;
; |LOLO|B[30]~291      ; |LOLO|B[30]~291      ; combout          ;
; |LOLO|B[30]~291      ; |LOLO|B[30]~1276     ; cout             ;
; |LOLO|B[31]~290      ; |LOLO|B[31]~290      ; combout          ;
; |LOLO|always0~784    ; |LOLO|always0~784    ; combout          ;
; |LOLO|LessThan52~402 ; |LOLO|LessThan52~402 ; combout          ;
; |LOLO|LessThan52~403 ; |LOLO|LessThan52~403 ; combout          ;
; |LOLO|LessThan52~404 ; |LOLO|LessThan52~404 ; combout          ;
; |LOLO|LessThan52~405 ; |LOLO|LessThan52~405 ; combout          ;
; |LOLO|Equal1~157     ; |LOLO|Equal1~157     ; combout          ;
; |LOLO|LessThan46~341 ; |LOLO|LessThan46~341 ; combout          ;
; |LOLO|LessThan22~543 ; |LOLO|LessThan22~543 ; combout          ;
; |LOLO|LessThan22~544 ; |LOLO|LessThan22~544 ; combout          ;
; |LOLO|LessThan22~545 ; |LOLO|LessThan22~545 ; combout          ;
; |LOLO|LessThan22~547 ; |LOLO|LessThan22~547 ; combout          ;
; |LOLO|LessThan22~548 ; |LOLO|LessThan22~548 ; combout          ;
; |LOLO|LessThan22~549 ; |LOLO|LessThan22~549 ; combout          ;
; |LOLO|LessThan22~550 ; |LOLO|LessThan22~550 ; combout          ;
; |LOLO|LessThan22~551 ; |LOLO|LessThan22~551 ; combout          ;
; |LOLO|Equal0~237     ; |LOLO|Equal0~237     ; combout          ;
; |LOLO|Equal0~238     ; |LOLO|Equal0~238     ; combout          ;
; |LOLO|Equal0~239     ; |LOLO|Equal0~239     ; combout          ;
; |LOLO|Equal0~240     ; |LOLO|Equal0~240     ; combout          ;
; |LOLO|Equal0~241     ; |LOLO|Equal0~241     ; combout          ;
; |LOLO|LessThan16~442 ; |LOLO|LessThan16~442 ; combout          ;
; |LOLO|LessThan18~325 ; |LOLO|LessThan18~325 ; combout          ;
; |LOLO|Equal0~242     ; |LOLO|Equal0~242     ; combout          ;
; |LOLO|Equal0~243     ; |LOLO|Equal0~243     ; combout          ;
; |LOLO|DR_CTL~352     ; |LOLO|DR_CTL~352     ; combout          ;
; |LOLO|DR_CTL~353     ; |LOLO|DR_CTL~353     ; combout          ;
; |LOLO|Equal1~159     ; |LOLO|Equal1~159     ; combout          ;
; |LOLO|LessThan46~343 ; |LOLO|LessThan46~343 ; combout          ;
; |LOLO|P[9]           ; |LOLO|P[9]           ; regout           ;
; |LOLO|OSK            ; |LOLO|OSK            ; padio            ;
; |LOLO|CSB            ; |LOLO|CSB            ; padio            ;
; |LOLO|DR_HOLD        ; |LOLO|DR_HOLD        ; padio            ;
+----------------------+----------------------+------------------+


The following table displays output ports that do not toggle to 0 during simulation.
+----------------------------------------------------------------+
; Missing 0-Value Coverage                                       ;
+----------------------+----------------------+------------------+
; Node Name            ; Output Port Name     ; Output Port Type ;
+----------------------+----------------------+------------------+
; |LOLO|T[31]          ; |LOLO|T[31]          ; regout           ;
; |LOLO|T[30]          ; |LOLO|T[30]          ; regout           ;
; |LOLO|T[11]          ; |LOLO|T[11]          ; regout           ;
; |LOLO|T[12]          ; |LOLO|T[12]          ; regout           ;
; |LOLO|T[13]          ; |LOLO|T[13]          ; regout           ;
; |LOLO|T[14]          ; |LOLO|T[14]          ; regout           ;
; |LOLO|T[15]          ; |LOLO|T[15]          ; regout           ;
; |LOLO|T[16]          ; |LOLO|T[16]          ; regout           ;
; |LOLO|T[17]          ; |LOLO|T[17]          ; regout           ;
; |LOLO|T[18]          ; |LOLO|T[18]          ; regout           ;
; |LOLO|T[19]          ; |LOLO|T[19]          ; regout           ;
; |LOLO|T[20]          ; |LOLO|T[20]          ; regout           ;
; |LOLO|T[21]          ; |LOLO|T[21]          ; regout           ;
; |LOLO|T[22]          ; |LOLO|T[22]          ; regout           ;
; |LOLO|T[23]          ; |LOLO|T[23]          ; regout           ;
; |LOLO|T[24]          ; |LOLO|T[24]          ; regout           ;
; |LOLO|T[25]          ; |LOLO|T[25]          ; regout           ;
; |LOLO|T[26]          ; |LOLO|T[26]          ; regout           ;
; |LOLO|T[27]          ; |LOLO|T[27]          ; regout           ;
; |LOLO|T[28]          ; |LOLO|T[28]          ; regout           ;
; |LOLO|T[29]          ; |LOLO|T[29]          ; regout           ;
; |LOLO|M[1]           ; |LOLO|M[1]           ; regout           ;
; |LOLO|M[2]           ; |LOLO|M[2]           ; regout           ;
; |LOLO|M[3]           ; |LOLO|M[3]           ; regout           ;
; |LOLO|M[4]           ; |LOLO|M[4]           ; regout           ;
; |LOLO|M[5]           ; |LOLO|M[5]           ; regout           ;
; |LOLO|M[6]           ; |LOLO|M[6]           ; regout           ;
; |LOLO|M[7]           ; |LOLO|M[7]           ; regout           ;
; |LOLO|M[8]           ; |LOLO|M[8]           ; regout           ;
; |LOLO|M[9]           ; |LOLO|M[9]           ; regout           ;
; |LOLO|M[10]          ; |LOLO|M[10]          ; regout           ;
; |LOLO|M[11]          ; |LOLO|M[11]          ; regout           ;
; |LOLO|M[12]          ; |LOLO|M[12]          ; regout           ;
; |LOLO|M[13]          ; |LOLO|M[13]          ; regout           ;
; |LOLO|M[14]          ; |LOLO|M[14]          ; regout           ;
; |LOLO|M[15]          ; |LOLO|M[15]          ; regout           ;
; |LOLO|M[16]          ; |LOLO|M[16]          ; regout           ;
; |LOLO|M[17]          ; |LOLO|M[17]          ; regout           ;
; |LOLO|M[18]          ; |LOLO|M[18]          ; regout           ;
; |LOLO|M[19]          ; |LOLO|M[19]          ; regout           ;
; |LOLO|M[20]          ; |LOLO|M[20]          ; regout           ;
; |LOLO|M[21]          ; |LOLO|M[21]          ; regout           ;
; |LOLO|M[22]          ; |LOLO|M[22]          ; regout           ;
; |LOLO|M[23]          ; |LOLO|M[23]          ; regout           ;
; |LOLO|M[24]          ; |LOLO|M[24]          ; regout           ;
; |LOLO|M[25]          ; |LOLO|M[25]          ; regout           ;
; |LOLO|M[26]          ; |LOLO|M[26]          ; regout           ;
; |LOLO|M[27]          ; |LOLO|M[27]          ; regout           ;
; |LOLO|M[28]          ; |LOLO|M[28]          ; regout           ;
; |LOLO|M[29]          ; |LOLO|M[29]          ; regout           ;
; |LOLO|M[30]          ; |LOLO|M[30]          ; regout           ;
; |LOLO|M[31]          ; |LOLO|M[31]          ; regout           ;
; |LOLO|N[8]           ; |LOLO|N[8]           ; regout           ;
; |LOLO|B[11]          ; |LOLO|B[11]          ; regout           ;
; |LOLO|B[12]          ; |LOLO|B[12]          ; regout           ;
; |LOLO|B[13]          ; |LOLO|B[13]          ; regout           ;
; |LOLO|B[14]          ; |LOLO|B[14]          ; regout           ;
; |LOLO|B[15]          ; |LOLO|B[15]          ; regout           ;
; |LOLO|B[16]          ; |LOLO|B[16]          ; regout           ;
; |LOLO|B[17]          ; |LOLO|B[17]          ; regout           ;
; |LOLO|B[18]          ; |LOLO|B[18]          ; regout           ;
; |LOLO|B[19]          ; |LOLO|B[19]          ; regout           ;
; |LOLO|B[20]          ; |LOLO|B[20]          ; regout           ;
; |LOLO|B[21]          ; |LOLO|B[21]          ; regout           ;
; |LOLO|B[22]          ; |LOLO|B[22]          ; regout           ;
; |LOLO|B[23]          ; |LOLO|B[23]          ; regout           ;
; |LOLO|B[24]          ; |LOLO|B[24]          ; regout           ;
; |LOLO|B[25]          ; |LOLO|B[25]          ; regout           ;
; |LOLO|B[26]          ; |LOLO|B[26]          ; regout           ;
; |LOLO|B[27]          ; |LOLO|B[27]          ; regout           ;
; |LOLO|B[30]          ; |LOLO|B[30]          ; regout           ;
; |LOLO|B[28]          ; |LOLO|B[28]          ; regout           ;
; |LOLO|B[29]          ; |LOLO|B[29]          ; regout           ;
; |LOLO|B[31]          ; |LOLO|B[31]          ; regout           ;
; |LOLO|T[11]~295      ; |LOLO|T[11]~745      ; cout             ;
; |LOLO|T[12]~296      ; |LOLO|T[12]~296      ; combout          ;
; |LOLO|T[12]~296      ; |LOLO|T[12]~746      ; cout             ;
; |LOLO|T[13]~297      ; |LOLO|T[13]~297      ; combout          ;
; |LOLO|T[13]~297      ; |LOLO|T[13]~747      ; cout             ;
; |LOLO|T[14]~298      ; |LOLO|T[14]~298      ; combout          ;
; |LOLO|T[14]~298      ; |LOLO|T[14]~748      ; cout             ;
; |LOLO|T[15]~299      ; |LOLO|T[15]~299      ; combout          ;
; |LOLO|T[15]~299      ; |LOLO|T[15]~749      ; cout             ;
; |LOLO|T[16]~300      ; |LOLO|T[16]~300      ; combout          ;
; |LOLO|T[16]~300      ; |LOLO|T[16]~750      ; cout             ;
; |LOLO|T[17]~301      ; |LOLO|T[17]~301      ; combout          ;
; |LOLO|T[17]~301      ; |LOLO|T[17]~751      ; cout             ;
; |LOLO|T[18]~302      ; |LOLO|T[18]~302      ; combout          ;
; |LOLO|T[18]~302      ; |LOLO|T[18]~752      ; cout             ;
; |LOLO|T[19]~303      ; |LOLO|T[19]~303      ; combout          ;
; |LOLO|T[19]~303      ; |LOLO|T[19]~753      ; cout             ;
; |LOLO|T[20]~304      ; |LOLO|T[20]~304      ; combout          ;
; |LOLO|T[20]~304      ; |LOLO|T[20]~754      ; cout             ;
; |LOLO|T[21]~305      ; |LOLO|T[21]~305      ; combout          ;
; |LOLO|T[21]~305      ; |LOLO|T[21]~755      ; cout             ;
; |LOLO|T[22]~306      ; |LOLO|T[22]~306      ; combout          ;
; |LOLO|T[22]~306      ; |LOLO|T[22]~756      ; cout             ;
; |LOLO|T[23]~307      ; |LOLO|T[23]~307      ; combout          ;
; |LOLO|T[23]~307      ; |LOLO|T[23]~757      ; cout             ;
; |LOLO|T[24]~308      ; |LOLO|T[24]~308      ; combout          ;
; |LOLO|T[24]~308      ; |LOLO|T[24]~758      ; cout             ;
; |LOLO|T[25]~309      ; |LOLO|T[25]~309      ; combout          ;
; |LOLO|T[25]~309      ; |LOLO|T[25]~759      ; cout             ;
; |LOLO|T[26]~310      ; |LOLO|T[26]~310      ; combout          ;
; |LOLO|T[26]~310      ; |LOLO|T[26]~760      ; cout             ;
; |LOLO|T[27]~311      ; |LOLO|T[27]~311      ; combout          ;
; |LOLO|T[27]~311      ; |LOLO|T[27]~761      ; cout             ;
; |LOLO|T[28]~312      ; |LOLO|T[28]~312      ; combout          ;
; |LOLO|T[28]~312      ; |LOLO|T[28]~762      ; cout             ;
; |LOLO|T[29]~313      ; |LOLO|T[29]~313      ; combout          ;
; |LOLO|T[29]~313      ; |LOLO|T[29]~763      ; cout             ;
; |LOLO|T[30]~291      ; |LOLO|T[30]~291      ; combout          ;
; |LOLO|T[30]~291      ; |LOLO|T[30]~764      ; cout             ;
; |LOLO|T[31]~290      ; |LOLO|T[31]~290      ; combout          ;
; |LOLO|M[1]~1394      ; |LOLO|M[1]~1660      ; cout             ;
; |LOLO|M[2]~1395      ; |LOLO|M[2]~1395      ; combout          ;
; |LOLO|M[2]~1395      ; |LOLO|M[2]~1661      ; cout             ;
; |LOLO|M[3]~1396      ; |LOLO|M[3]~1396      ; combout          ;
; |LOLO|M[3]~1396      ; |LOLO|M[3]~1662      ; cout             ;
; |LOLO|M[4]~1397      ; |LOLO|M[4]~1397      ; combout          ;
; |LOLO|M[4]~1397      ; |LOLO|M[4]~1663      ; cout             ;
; |LOLO|M[5]~1398      ; |LOLO|M[5]~1398      ; combout          ;
; |LOLO|M[5]~1398      ; |LOLO|M[5]~1664      ; cout             ;
; |LOLO|M[6]~1399      ; |LOLO|M[6]~1399      ; combout          ;
; |LOLO|M[6]~1399      ; |LOLO|M[6]~1665      ; cout             ;
; |LOLO|M[7]~1400      ; |LOLO|M[7]~1400      ; combout          ;
; |LOLO|M[7]~1400      ; |LOLO|M[7]~1666      ; cout             ;
; |LOLO|M[8]~1401      ; |LOLO|M[8]~1401      ; combout          ;
; |LOLO|M[8]~1401      ; |LOLO|M[8]~1667      ; cout             ;
; |LOLO|M[9]~1402      ; |LOLO|M[9]~1402      ; combout          ;
; |LOLO|M[9]~1402      ; |LOLO|M[9]~1668      ; cout             ;
; |LOLO|M[10]~1403     ; |LOLO|M[10]~1403     ; combout          ;
; |LOLO|M[10]~1403     ; |LOLO|M[10]~1669     ; cout             ;
; |LOLO|M[11]~1404     ; |LOLO|M[11]~1404     ; combout          ;
; |LOLO|M[11]~1404     ; |LOLO|M[11]~1670     ; cout             ;
; |LOLO|M[12]~1405     ; |LOLO|M[12]~1405     ; combout          ;
; |LOLO|M[12]~1405     ; |LOLO|M[12]~1671     ; cout             ;
; |LOLO|M[13]~1406     ; |LOLO|M[13]~1406     ; combout          ;
; |LOLO|M[13]~1406     ; |LOLO|M[13]~1672     ; cout             ;
; |LOLO|M[14]~1407     ; |LOLO|M[14]~1407     ; combout          ;
; |LOLO|M[14]~1407     ; |LOLO|M[14]~1673     ; cout             ;
; |LOLO|M[15]~1408     ; |LOLO|M[15]~1408     ; combout          ;
; |LOLO|M[15]~1408     ; |LOLO|M[15]~1674     ; cout             ;
; |LOLO|M[16]~1409     ; |LOLO|M[16]~1409     ; combout          ;
; |LOLO|M[16]~1409     ; |LOLO|M[16]~1675     ; cout             ;
; |LOLO|M[17]~1410     ; |LOLO|M[17]~1410     ; combout          ;
; |LOLO|M[17]~1410     ; |LOLO|M[17]~1676     ; cout             ;
; |LOLO|M[18]~1411     ; |LOLO|M[18]~1411     ; combout          ;
; |LOLO|M[18]~1411     ; |LOLO|M[18]~1677     ; cout             ;
; |LOLO|M[19]~1412     ; |LOLO|M[19]~1412     ; combout          ;
; |LOLO|M[19]~1412     ; |LOLO|M[19]~1678     ; cout             ;
; |LOLO|M[20]~1413     ; |LOLO|M[20]~1413     ; combout          ;
; |LOLO|M[20]~1413     ; |LOLO|M[20]~1679     ; cout             ;
; |LOLO|M[21]~1414     ; |LOLO|M[21]~1414     ; combout          ;
; |LOLO|M[21]~1414     ; |LOLO|M[21]~1680     ; cout             ;
; |LOLO|M[22]~1415     ; |LOLO|M[22]~1415     ; combout          ;
; |LOLO|M[22]~1415     ; |LOLO|M[22]~1681     ; cout             ;
; |LOLO|M[23]~1416     ; |LOLO|M[23]~1416     ; combout          ;
; |LOLO|M[23]~1416     ; |LOLO|M[23]~1682     ; cout             ;
; |LOLO|M[24]~1417     ; |LOLO|M[24]~1417     ; combout          ;
; |LOLO|M[24]~1417     ; |LOLO|M[24]~1683     ; cout             ;
; |LOLO|M[25]~1418     ; |LOLO|M[25]~1418     ; combout          ;
; |LOLO|M[25]~1418     ; |LOLO|M[25]~1684     ; cout             ;
; |LOLO|M[26]~1419     ; |LOLO|M[26]~1419     ; combout          ;
; |LOLO|M[26]~1419     ; |LOLO|M[26]~1685     ; cout             ;
; |LOLO|M[27]~1420     ; |LOLO|M[27]~1420     ; combout          ;
; |LOLO|M[27]~1420     ; |LOLO|M[27]~1686     ; cout             ;
; |LOLO|M[28]~1421     ; |LOLO|M[28]~1421     ; combout          ;
; |LOLO|M[28]~1421     ; |LOLO|M[28]~1687     ; cout             ;
; |LOLO|M[29]~1422     ; |LOLO|M[29]~1422     ; combout          ;
; |LOLO|M[29]~1422     ; |LOLO|M[29]~1688     ; cout             ;
; |LOLO|M[30]~1423     ; |LOLO|M[30]~1423     ; combout          ;
; |LOLO|M[30]~1423     ; |LOLO|M[30]~1689     ; cout             ;
; |LOLO|M[31]~1392     ; |LOLO|M[31]~1392     ; combout          ;
; |LOLO|B[11]~299      ; |LOLO|B[11]~1257     ; cout             ;
; |LOLO|B[12]~300      ; |LOLO|B[12]~300      ; combout          ;
; |LOLO|B[12]~300      ; |LOLO|B[12]~1258     ; cout             ;
; |LOLO|B[13]~301      ; |LOLO|B[13]~301      ; combout          ;
; |LOLO|B[13]~301      ; |LOLO|B[13]~1259     ; cout             ;
; |LOLO|B[14]~302      ; |LOLO|B[14]~302      ; combout          ;
; |LOLO|B[14]~302      ; |LOLO|B[14]~1260     ; cout             ;
; |LOLO|B[15]~303      ; |LOLO|B[15]~303      ; combout          ;
; |LOLO|B[15]~303      ; |LOLO|B[15]~1261     ; cout             ;
; |LOLO|B[16]~304      ; |LOLO|B[16]~304      ; combout          ;
; |LOLO|B[16]~304      ; |LOLO|B[16]~1262     ; cout             ;
; |LOLO|B[17]~305      ; |LOLO|B[17]~305      ; combout          ;
; |LOLO|B[17]~305      ; |LOLO|B[17]~1263     ; cout             ;
; |LOLO|B[18]~306      ; |LOLO|B[18]~306      ; combout          ;
; |LOLO|B[18]~306      ; |LOLO|B[18]~1264     ; cout             ;
; |LOLO|B[19]~307      ; |LOLO|B[19]~307      ; combout          ;
; |LOLO|B[19]~307      ; |LOLO|B[19]~1265     ; cout             ;
; |LOLO|B[20]~308      ; |LOLO|B[20]~308      ; combout          ;
; |LOLO|B[20]~308      ; |LOLO|B[20]~1266     ; cout             ;
; |LOLO|B[21]~309      ; |LOLO|B[21]~309      ; combout          ;
; |LOLO|B[21]~309      ; |LOLO|B[21]~1267     ; cout             ;
; |LOLO|B[22]~310      ; |LOLO|B[22]~310      ; combout          ;
; |LOLO|B[22]~310      ; |LOLO|B[22]~1268     ; cout             ;
; |LOLO|B[23]~311      ; |LOLO|B[23]~311      ; combout          ;
; |LOLO|B[23]~311      ; |LOLO|B[23]~1269     ; cout             ;
; |LOLO|B[24]~312      ; |LOLO|B[24]~312      ; combout          ;
; |LOLO|B[24]~312      ; |LOLO|B[24]~1270     ; cout             ;
; |LOLO|B[25]~313      ; |LOLO|B[25]~313      ; combout          ;
; |LOLO|B[25]~313      ; |LOLO|B[25]~1271     ; cout             ;
; |LOLO|B[26]~314      ; |LOLO|B[26]~314      ; combout          ;
; |LOLO|B[26]~314      ; |LOLO|B[26]~1272     ; cout             ;
; |LOLO|B[27]~315      ; |LOLO|B[27]~315      ; combout          ;
; |LOLO|B[27]~315      ; |LOLO|B[27]~1273     ; cout             ;
; |LOLO|B[28]~292      ; |LOLO|B[28]~292      ; combout          ;
; |LOLO|B[28]~292      ; |LOLO|B[28]~1274     ; cout             ;
; |LOLO|B[29]~293      ; |LOLO|B[29]~293      ; combout          ;
; |LOLO|B[29]~293      ; |LOLO|B[29]~1275     ; cout             ;
; |LOLO|B[30]~291      ; |LOLO|B[30]~291      ; combout          ;
; |LOLO|B[30]~291      ; |LOLO|B[30]~1276     ; cout             ;
; |LOLO|B[31]~290      ; |LOLO|B[31]~290      ; combout          ;
; |LOLO|always0~784    ; |LOLO|always0~784    ; combout          ;
; |LOLO|LessThan52~402 ; |LOLO|LessThan52~402 ; combout          ;
; |LOLO|LessThan52~403 ; |LOLO|LessThan52~403 ; combout          ;
; |LOLO|LessThan52~404 ; |LOLO|LessThan52~404 ; combout          ;
; |LOLO|LessThan52~405 ; |LOLO|LessThan52~405 ; combout          ;
; |LOLO|Equal1~157     ; |LOLO|Equal1~157     ; combout          ;
; |LOLO|LessThan46~341 ; |LOLO|LessThan46~341 ; combout          ;
; |LOLO|LessThan22~543 ; |LOLO|LessThan22~543 ; combout          ;
; |LOLO|LessThan22~544 ; |LOLO|LessThan22~544 ; combout          ;
; |LOLO|LessThan22~545 ; |LOLO|LessThan22~545 ; combout          ;
; |LOLO|LessThan22~547 ; |LOLO|LessThan22~547 ; combout          ;
; |LOLO|LessThan22~548 ; |LOLO|LessThan22~548 ; combout          ;
; |LOLO|LessThan22~549 ; |LOLO|LessThan22~549 ; combout          ;
; |LOLO|LessThan22~550 ; |LOLO|LessThan22~550 ; combout          ;
; |LOLO|LessThan22~551 ; |LOLO|LessThan22~551 ; combout          ;
; |LOLO|Equal0~237     ; |LOLO|Equal0~237     ; combout          ;
; |LOLO|Equal0~238     ; |LOLO|Equal0~238     ; combout          ;
; |LOLO|Equal0~239     ; |LOLO|Equal0~239     ; combout          ;
; |LOLO|Equal0~240     ; |LOLO|Equal0~240     ; combout          ;
; |LOLO|Equal0~241     ; |LOLO|Equal0~241     ; combout          ;
; |LOLO|LessThan16~442 ; |LOLO|LessThan16~442 ; combout          ;
; |LOLO|LessThan18~325 ; |LOLO|LessThan18~325 ; combout          ;
; |LOLO|Equal0~242     ; |LOLO|Equal0~242     ; combout          ;
; |LOLO|Equal0~243     ; |LOLO|Equal0~243     ; combout          ;
; |LOLO|DR_CTL~352     ; |LOLO|DR_CTL~352     ; combout          ;
; |LOLO|DR_CTL~353     ; |LOLO|DR_CTL~353     ; combout          ;
; |LOLO|Equal1~159     ; |LOLO|Equal1~159     ; combout          ;
; |LOLO|LessThan46~343 ; |LOLO|LessThan46~343 ; combout          ;
; |LOLO|P[9]           ; |LOLO|P[9]           ; regout           ;
; |LOLO|OSK            ; |LOLO|OSK            ; padio            ;
; |LOLO|CSB            ; |LOLO|CSB            ; padio            ;
; |LOLO|DR_HOLD        ; |LOLO|DR_HOLD        ; padio            ;
+----------------------+----------------------+------------------+


+---------------------+
; Simulator INI Usage ;
+--------+------------+
; Option ; Usage      ;
+--------+------------+


+--------------------+
; Simulator Messages ;
+--------------------+
Info: *******************************************************************
Info: Running Quartus II Simulator
    Info: Version 7.1 Build 178 06/25/2007 Service Pack 1 SJ Full Version
    Info: Processing started: Mon Aug 09 18:52:18 2010
Info: Command: quartus_sim --read_settings_files=on --write_settings_files=off LOLO -c LOLO
Info: Using vector source file "C:/altera/71/quartus/LOLO/LOLO.vwf"
Info: Option to preserve fewer signal transitions to reduce memory requirements is enabled
    Info: Simulation has been partitioned into sub-simulations according to the maximum transition count determined by the engine. Transitions from memory will be flushed out to disk at the end of each sub-simulation to reduce memory requirements.
Info: Simulation partitioned into 1 sub-simulations
Info: Simulation coverage is      54.10 %
Info: Number of transitions in simulation is 105949
Info: Quartus II Simulator was successful. 0 errors, 0 warnings
    Info: Allocated 100 megabytes of memory during processing
    Info: Processing ended: Mon Aug 09 18:52:22 2010
    Info: Elapsed time: 00:00:04


