Flow report for DE0_trigger
Fri Aug 13 14:09:53 2010
Quartus II Version 10.0 Build 218 06/27/2010 SJ Full Version


---------------------
; Table of Contents ;
---------------------
  1. Legal Notice
  2. Flow Summary
  3. Flow Settings
  4. Flow Non-Default Global Settings
  5. Flow Elapsed Time
  6. Flow OS Summary
  7. Flow Log



----------------
; Legal Notice ;
----------------
Copyright (C) 1991-2010 Altera Corporation
Your use of Altera Corporation's design tools, logic functions 
and other software and tools, and its AMPP partner logic 
functions, and any output files from any of the foregoing 
(including device programming or simulation files), and any 
associated documentation or information are expressly subject 
to the terms and conditions of the Altera Program License 
Subscription Agreement, Altera MegaCore Function License 
Agreement, or other applicable license agreement, including, 
without limitation, that your use is for the sole purpose of 
programming logic devices manufactured by Altera and sold by 
Altera or its authorized distributors.  Please refer to the 
applicable agreement for further details.



+--------------------------------------------------------------------------------+
; Flow Summary                                                                   ;
+------------------------------------+-------------------------------------------+
; Flow Status                        ; Successful - Fri Aug 13 14:09:52 2010     ;
; Quartus II Version                 ; 10.0 Build 218 06/27/2010 SJ Full Version ;
; Revision Name                      ; DE0_trigger                               ;
; Top-level Entity Name              ; DE0_trigger                               ;
; Family                             ; Cyclone III                               ;
; Device                             ; EP3C16F484C6                              ;
; Timing Models                      ; Final                                     ;
; Met timing requirements            ; N/A                                       ;
; Total logic elements               ; 54 / 15,408 ( < 1 % )                     ;
;     Total combinational functions  ; 54 / 15,408 ( < 1 % )                     ;
;     Dedicated logic registers      ; 34 / 15,408 ( < 1 % )                     ;
; Total registers                    ; 34                                        ;
; Total pins                         ; 4 / 347 ( 1 % )                           ;
; Total virtual pins                 ; 0                                         ;
; Total memory bits                  ; 0 / 516,096 ( 0 % )                       ;
; Embedded Multiplier 9-bit elements ; 0 / 112 ( 0 % )                           ;
; Total PLLs                         ; 0 / 4 ( 0 % )                             ;
+------------------------------------+-------------------------------------------+


+-----------------------------------------+
; Flow Settings                           ;
+-------------------+---------------------+
; Option            ; Setting             ;
+-------------------+---------------------+
; Start date & time ; 08/13/2010 14:09:34 ;
; Main task         ; Compilation         ;
; Revision Name     ; DE0_trigger         ;
+-------------------+---------------------+


+---------------------------------------------------------------------------------------------------------------+
; Flow Non-Default Global Settings                                                                              ;
+-------------------------------------+------------------------------+---------------+-------------+------------+
; Assignment Name                     ; Value                        ; Default Value ; Entity Name ; Section Id ;
+-------------------------------------+------------------------------+---------------+-------------+------------+
; COMPILER_SIGNATURE_ID               ; 152095119046.128172297403732 ; --            ; --          ; --         ;
; MAX_CORE_JUNCTION_TEMP              ; 85                           ; --            ; --          ; --         ;
; MIN_CORE_JUNCTION_TEMP              ; 0                            ; --            ; --          ; --         ;
; OUTPUT_IO_TIMING_ENDPOINT           ; Near End                     ; --            ; --          ; --         ;
; PARTITION_COLOR                     ; 16764057                     ; --            ; --          ; Top        ;
; PARTITION_FITTER_PRESERVATION_LEVEL ; PLACEMENT_AND_ROUTING        ; --            ; --          ; Top        ;
; PARTITION_NETLIST_TYPE              ; SOURCE                       ; --            ; --          ; Top        ;
+-------------------------------------+------------------------------+---------------+-------------+------------+


+-------------------------------------------------------------------------------------------------------------------------------+
; Flow Elapsed Time                                                                                                             ;
+---------------------------+--------------+-------------------------+---------------------+------------------------------------+
; Module Name               ; Elapsed Time ; Average Processors Used ; Peak Virtual Memory ; Total CPU Time (on all processors) ;
+---------------------------+--------------+-------------------------+---------------------+------------------------------------+
; Analysis & Synthesis      ; 00:00:02     ; 1.0                     ; 205 MB              ; 00:00:02                           ;
; Fitter                    ; 00:00:09     ; 1.2                     ; 326 MB              ; 00:00:10                           ;
; Assembler                 ; 00:00:04     ; 1.0                     ; 217 MB              ; 00:00:03                           ;
; TimeQuest Timing Analyzer ; 00:00:05     ; 1.0                     ; 221 MB              ; 00:00:04                           ;
; Total                     ; 00:00:20     ; --                      ; --                  ; 00:00:19                           ;
+---------------------------+--------------+-------------------------+---------------------+------------------------------------+


+-----------------------------------------------------------------------------------------+
; Flow OS Summary                                                                         ;
+---------------------------+------------------+------------+------------+----------------+
; Module Name               ; Machine Hostname ; OS Name    ; OS Version ; Processor type ;
+---------------------------+------------------+------------+------------+----------------+
; Analysis & Synthesis      ; Iris             ; Windows XP ; 5.1        ; i1586          ;
; Fitter                    ; Iris             ; Windows XP ; 5.1        ; i1586          ;
; Assembler                 ; Iris             ; Windows XP ; 5.1        ; i1586          ;
; TimeQuest Timing Analyzer ; Iris             ; Windows XP ; 5.1        ; i1586          ;
+---------------------------+------------------+------------+------------+----------------+


------------
; Flow Log ;
------------
quartus_map --read_settings_files=on --write_settings_files=off DE0_trigger -c DE0_trigger
quartus_fit --read_settings_files=off --write_settings_files=off DE0_trigger -c DE0_trigger
quartus_asm --read_settings_files=off --write_settings_files=off DE0_trigger -c DE0_trigger
quartus_sta DE0_trigger -c DE0_trigger



