Flow report for DE0_TOP
Tue May 19 20:44:56 2009
Quartus II Version 9.0 Internal Build 220 05/13/2009 Service Pack 2 SJ Full Version


---------------------
; Table of Contents ;
---------------------
  1. Legal Notice
  2. Flow Summary
  3. Flow Settings
  4. Flow Non-Default Global Settings
  5. Flow Elapsed Time
  6. Flow OS Summary
  7. Flow Log



----------------
; Legal Notice ;
----------------
Copyright (C) 1991-2009 Altera Corporation
Your use of Altera Corporation's design tools, logic functions 
and other software and tools, and its AMPP partner logic 
functions, and any output files from any of the foregoing 
(including device programming or simulation files), and any 
associated documentation or information are expressly subject 
to the terms and conditions of the Altera Program License 
Subscription Agreement, Altera MegaCore Function License 
Agreement, or other applicable license agreement, including, 
without limitation, that your use is for the sole purpose of 
programming logic devices manufactured by Altera and sold by 
Altera or its authorized distributors.  Please refer to the 
applicable agreement for further details.



+---------------------------------------------------------------------------------------------+
; Flow Summary                                                                                ;
+------------------------------------+--------------------------------------------------------+
; Flow Status                        ; Successful - Tue May 19 20:44:42 2009                  ;
; Quartus II Version                 ; 9.0 Internal Build 220 05/13/2009 SP 2 SJ Full Version ;
; Revision Name                      ; DE0_TOP                                                ;
; Top-level Entity Name              ; DE0_TOP                                                ;
; Family                             ; Cyclone III                                            ;
; Device                             ; EP3C16F484C6                                           ;
; Timing Models                      ; Final                                                  ;
; Met timing requirements            ; N/A                                                    ;
; Total logic elements               ; 4,583 / 15,408 ( 30 % )                                ;
;     Total combinational functions  ; 4,046 / 15,408 ( 26 % )                                ;
;     Dedicated logic registers      ; 2,759 / 15,408 ( 18 % )                                ;
; Total registers                    ; 2899                                                   ;
; Total pins                         ; 251 / 347 ( 72 % )                                     ;
; Total virtual pins                 ; 0                                                      ;
; Total memory bits                  ; 295,856 / 516,096 ( 57 % )                             ;
; Embedded Multiplier 9-bit elements ; 4 / 112 ( 4 % )                                        ;
; Total PLLs                         ; 1 / 4 ( 25 % )                                         ;
+------------------------------------+--------------------------------------------------------+


+-----------------------------------------+
; Flow Settings                           ;
+-------------------+---------------------+
; Option            ; Setting             ;
+-------------------+---------------------+
; Start date & time ; 05/19/2009 20:43:07 ;
; Main task         ; Compilation         ;
; Revision Name     ; DE0_TOP             ;
+-------------------+---------------------+


+--------------------------------------------------------------------------------------------------------------------------------------+
; Flow Non-Default Global Settings                                                                                                     ;
+------------------------------------+---------------------------------------+------------------------------+-------------+------------+
; Assignment Name                    ; Value                                 ; Default Value                ; Entity Name ; Section Id ;
+------------------------------------+---------------------------------------+------------------------------+-------------+------------+
; COMPILER_SIGNATURE_ID              ; 107156835095.124273698705780          ; --                           ; --          ; --         ;
; INCREMENTAL_COMPILATION            ; Off                                   ; FULL_INCREMENTAL_COMPILATION ; --          ; --         ;
; MAX_CORE_JUNCTION_TEMP             ; 85                                    ; --                           ; --          ; --         ;
; MIN_CORE_JUNCTION_TEMP             ; 0                                     ; --                           ; --          ; --         ;
; NOMINAL_CORE_SUPPLY_VOLTAGE        ; 1.2V                                  ; --                           ; --          ; --         ;
; PARTITION_COLOR                    ; 14622752                              ; --                           ; --          ; Top        ;
; PARTITION_NETLIST_TYPE             ; SOURCE                                ; --                           ; --          ; Top        ;
; POWER_BOARD_THERMAL_MODEL          ; None (CONSERVATIVE)                   ; --                           ; --          ; --         ;
; POWER_PRESET_COOLING_SOLUTION      ; 23 MM HEAT SINK WITH 200 LFPM AIRFLOW ; --                           ; --          ; --         ;
; SOPC_BUILDER_SIGNATURE_ID          ; 0018F30B8B170000012158E36953          ; --                           ; --          ; --         ;
; USE_GENERATED_PHYSICAL_CONSTRAINTS ; Off                                   ; --                           ; --          ; eda_palace ;
+------------------------------------+---------------------------------------+------------------------------+-------------+------------+


+-------------------------------------------------------------------------------------------------------------------------------+
; Flow Elapsed Time                                                                                                             ;
+---------------------------+--------------+-------------------------+---------------------+------------------------------------+
; Module Name               ; Elapsed Time ; Average Processors Used ; Peak Virtual Memory ; Total CPU Time (on all processors) ;
+---------------------------+--------------+-------------------------+---------------------+------------------------------------+
; Analysis & Synthesis      ; 00:00:41     ; 1.0                     ; 257 MB              ; 00:00:37                           ;
; Fitter                    ; 00:00:48     ; 1.2                     ; 319 MB              ; 00:00:48                           ;
; Assembler                 ; 00:00:04     ; 1.0                     ; 201 MB              ; 00:00:03                           ;
; TimeQuest Timing Analyzer ; 00:00:13     ; 1.3                     ; 250 MB              ; 00:00:13                           ;
; Total                     ; 00:01:46     ; --                      ; --                  ; 00:01:41                           ;
+---------------------------+--------------+-------------------------+---------------------+------------------------------------+


+-----------------------------------------------------------------------------------------+
; Flow OS Summary                                                                         ;
+---------------------------+------------------+------------+------------+----------------+
; Module Name               ; Machine Hostname ; OS Name    ; OS Version ; Processor type ;
+---------------------------+------------------+------------+------------+----------------+
; Analysis & Synthesis      ; Richard          ; Windows XP ; 5.1        ; i686           ;
; Fitter                    ; Richard          ; Windows XP ; 5.1        ; i686           ;
; Assembler                 ; Richard          ; Windows XP ; 5.1        ; i686           ;
; TimeQuest Timing Analyzer ; Richard          ; Windows XP ; 5.1        ; i686           ;
+---------------------------+------------------+------------+------------+----------------+


------------
; Flow Log ;
------------
quartus_map --read_settings_files=on --write_settings_files=off DE0_TOP -c DE0_TOP
quartus_fit --read_settings_files=off --write_settings_files=off DE0_TOP -c DE0_TOP
quartus_asm --read_settings_files=off --write_settings_files=off DE0_TOP -c DE0_TOP
quartus_sta DE0_TOP -c DE0_TOP



