Analysis & Synthesis report for RABBIT_DDS_FIFO_12ns
Tue Aug 10 17:32:21 2010
Quartus II Version 7.1 Build 178 06/25/2007 Service Pack 1 SJ Full Version


---------------------
; Table of Contents ;
---------------------
  1. Legal Notice
  2. Analysis & Synthesis Summary
  3. Analysis & Synthesis Settings
  4. Analysis & Synthesis Source Files Read
  5. Analysis & Synthesis Resource Usage Summary
  6. Analysis & Synthesis Resource Utilization by Entity
  7. Analysis & Synthesis RAM Summary
  8. Registers Removed During Synthesis
  9. General Register Statistics
 10. Multiplexer Restructuring Statistics (Restructuring Performed)
 11. Source assignments for altsyncram:WideOr1_rtl_0|altsyncram_4sv:auto_generated
 12. Parameter Settings for User Entity Instance: Top-level Entity: |RABBIT_DDS_FIFO_12ns
 13. Parameter Settings for Inferred Entity Instance: altsyncram:WideOr1_rtl_0
 14. Analysis & Synthesis Messages



----------------
; Legal Notice ;
----------------
Copyright (C) 1991-2007 Altera Corporation
Your use of Altera Corporation's design tools, logic functions 
and other software and tools, and its AMPP partner logic 
functions, and any output files from any of the foregoing 
(including device programming or simulation files), and any 
associated documentation or information are expressly subject 
to the terms and conditions of the Altera Program License 
Subscription Agreement, Altera MegaCore Function License 
Agreement, or other applicable license agreement, including, 
without limitation, that your use is for the sole purpose of 
programming logic devices manufactured by Altera and sold by 
Altera or its authorized distributors.  Please refer to the 
applicable agreement for further details.



+------------------------------------------------------------------------------------+
; Analysis & Synthesis Summary                                                       ;
+------------------------------------+-----------------------------------------------+
; Analysis & Synthesis Status        ; Successful - Tue Aug 10 17:32:20 2010         ;
; Quartus II Version                 ; 7.1 Build 178 06/25/2007 SP 1 SJ Full Version ;
; Revision Name                      ; RABBIT_DDS_FIFO_12ns                          ;
; Top-level Entity Name              ; RABBIT_DDS_FIFO_12ns                          ;
; Family                             ; Cyclone II                                    ;
; Total logic elements               ; 11,409                                        ;
;     Total combinational functions  ; 11,409                                        ;
;     Dedicated logic registers      ; 3,792                                         ;
; Total registers                    ; 3792                                          ;
; Total pins                         ; 16                                            ;
; Total virtual pins                 ; 0                                             ;
; Total memory bits                  ; 256                                           ;
; Embedded Multiplier 9-bit elements ; 0                                             ;
; Total PLLs                         ; 0                                             ;
+------------------------------------+-----------------------------------------------+


+------------------------------------------------------------------------------------------------------------------------------+
; Analysis & Synthesis Settings                                                                                                ;
+--------------------------------------------------------------------------------+----------------------+----------------------+
; Option                                                                         ; Setting              ; Default Value        ;
+--------------------------------------------------------------------------------+----------------------+----------------------+
; Device                                                                         ; EP2C35F672C6         ;                      ;
; Top-level entity name                                                          ; RABBIT_DDS_FIFO_12ns ; RABBIT_DDS_FIFO_12ns ;
; Family name                                                                    ; Cyclone II           ; Stratix II           ;
; Allow Any RAM Size For Recognition                                             ; On                   ; Off                  ;
; Allow Any ROM Size For Recognition                                             ; On                   ; Off                  ;
; Allow Any Shift Register Size For Recognition                                  ; On                   ; Off                  ;
; Restructure Multiplexers                                                       ; Auto                 ; Auto                 ;
; Create Debugging Nodes for IP Cores                                            ; Off                  ; Off                  ;
; Preserve fewer node names                                                      ; On                   ; On                   ;
; Disable OpenCore Plus hardware evaluation                                      ; Off                  ; Off                  ;
; Verilog Version                                                                ; Verilog_2001         ; Verilog_2001         ;
; VHDL Version                                                                   ; VHDL93               ; VHDL93               ;
; State Machine Processing                                                       ; Auto                 ; Auto                 ;
; Safe State Machine                                                             ; Off                  ; Off                  ;
; Extract Verilog State Machines                                                 ; On                   ; On                   ;
; Extract VHDL State Machines                                                    ; On                   ; On                   ;
; Ignore Verilog initial constructs                                              ; Off                  ; Off                  ;
; Add Pass-Through Logic to Inferred RAMs                                        ; On                   ; On                   ;
; DSP Block Balancing                                                            ; Auto                 ; Auto                 ;
; NOT Gate Push-Back                                                             ; On                   ; On                   ;
; Power-Up Don't Care                                                            ; On                   ; On                   ;
; Remove Redundant Logic Cells                                                   ; Off                  ; Off                  ;
; Remove Duplicate Registers                                                     ; On                   ; On                   ;
; Ignore CARRY Buffers                                                           ; Off                  ; Off                  ;
; Ignore CASCADE Buffers                                                         ; Off                  ; Off                  ;
; Ignore GLOBAL Buffers                                                          ; Off                  ; Off                  ;
; Ignore ROW GLOBAL Buffers                                                      ; Off                  ; Off                  ;
; Ignore LCELL Buffers                                                           ; Off                  ; Off                  ;
; Ignore SOFT Buffers                                                            ; On                   ; On                   ;
; Limit AHDL Integers to 32 Bits                                                 ; Off                  ; Off                  ;
; Optimization Technique -- Cyclone II/Cyclone III                               ; Balanced             ; Balanced             ;
; Carry Chain Length -- Stratix/Stratix GX/Cyclone/MAX II/Cyclone II/Cyclone III ; 70                   ; 70                   ;
; Auto Carry Chains                                                              ; On                   ; On                   ;
; Auto Open-Drain Pins                                                           ; On                   ; On                   ;
; Perform WYSIWYG Primitive Resynthesis                                          ; Off                  ; Off                  ;
; Perform gate-level register retiming                                           ; Off                  ; Off                  ;
; Allow register retiming to trade off Tsu/Tco with Fmax                         ; On                   ; On                   ;
; Auto ROM Replacement                                                           ; On                   ; On                   ;
; Auto RAM Replacement                                                           ; On                   ; On                   ;
; Auto Shift Register Replacement                                                ; Auto                 ; Auto                 ;
; Auto Clock Enable Replacement                                                  ; On                   ; On                   ;
; Allow Synchronous Control Signals                                              ; On                   ; On                   ;
; Force Use of Synchronous Clear Signals                                         ; Off                  ; Off                  ;
; Auto RAM to Logic Cell Conversion                                              ; Off                  ; Off                  ;
; Auto Resource Sharing                                                          ; Off                  ; Off                  ;
; Ignore translate_off and synthesis_off directives                              ; Off                  ; Off                  ;
; Show Parameter Settings Tables in Synthesis Report                             ; On                   ; On                   ;
; Ignore Maximum Fan-Out Assignments                                             ; Off                  ; Off                  ;
; Retiming Meta-Stability Register Sequence Length                               ; 2                    ; 2                    ;
; PowerPlay Power Optimization                                                   ; Normal compilation   ; Normal compilation   ;
; HDL message level                                                              ; Level2               ; Level2               ;
; Suppress Register Optimization Related Messages                                ; Off                  ; Off                  ;
; Number of Removed Registers Reported in Synthesis Report                       ; 100                  ; 100                  ;
; Clock MUX Protection                                                           ; On                   ; On                   ;
; Use smart compilation                                                          ; Off                  ; Off                  ;
+--------------------------------------------------------------------------------+----------------------+----------------------+


+--------------------------------------------------------------------------------------------------------------------------------------------------------+
; Analysis & Synthesis Source Files Read                                                                                                                 ;
+----------------------------------+-----------------+------------------------------+--------------------------------------------------------------------+
; File Name with User-Entered Path ; Used in Netlist ; File Type                    ; File Name with Absolute Path                                       ;
+----------------------------------+-----------------+------------------------------+--------------------------------------------------------------------+
; RABBIT_DDS_FIFO_12ns.v           ; yes             ; User Verilog HDL File        ; C:/altera/71/quartus/RABBIT_DDS_FIFO_12ns/RABBIT_DDS_FIFO_12ns.v   ;
; altsyncram.tdf                   ; yes             ; Megafunction                 ; c:/altera/71/quartus/libraries/megafunctions/altsyncram.tdf        ;
; stratix_ram_block.inc            ; yes             ; Megafunction                 ; c:/altera/71/quartus/libraries/megafunctions/stratix_ram_block.inc ;
; lpm_mux.inc                      ; yes             ; Megafunction                 ; c:/altera/71/quartus/libraries/megafunctions/lpm_mux.inc           ;
; lpm_decode.inc                   ; yes             ; Megafunction                 ; c:/altera/71/quartus/libraries/megafunctions/lpm_decode.inc        ;
; aglobal71.inc                    ; yes             ; Megafunction                 ; c:/altera/71/quartus/libraries/megafunctions/aglobal71.inc         ;
; a_rdenreg.inc                    ; yes             ; Megafunction                 ; c:/altera/71/quartus/libraries/megafunctions/a_rdenreg.inc         ;
; altrom.inc                       ; yes             ; Megafunction                 ; c:/altera/71/quartus/libraries/megafunctions/altrom.inc            ;
; altram.inc                       ; yes             ; Megafunction                 ; c:/altera/71/quartus/libraries/megafunctions/altram.inc            ;
; altdpram.inc                     ; yes             ; Megafunction                 ; c:/altera/71/quartus/libraries/megafunctions/altdpram.inc          ;
; altqpram.inc                     ; yes             ; Megafunction                 ; c:/altera/71/quartus/libraries/megafunctions/altqpram.inc          ;
; db/altsyncram_4sv.tdf            ; yes             ; Auto-Generated Megafunction  ; C:/altera/71/quartus/RABBIT_DDS_FIFO_12ns/db/altsyncram_4sv.tdf    ;
+----------------------------------+-----------------+------------------------------+--------------------------------------------------------------------+


+--------------------------------------------------------------+
; Analysis & Synthesis Resource Usage Summary                  ;
+---------------------------------------------+----------------+
; Resource                                    ; Usage          ;
+---------------------------------------------+----------------+
; Estimated Total logic elements              ; 11,409         ;
;                                             ;                ;
; Total combinational functions               ; 11409          ;
; Logic element usage by number of LUT inputs ;                ;
;     -- 4 input functions                    ; 9960           ;
;     -- 3 input functions                    ; 1298           ;
;     -- <=2 input functions                  ; 151            ;
;                                             ;                ;
; Logic elements by mode                      ;                ;
;     -- normal mode                          ; 10072          ;
;     -- arithmetic mode                      ; 1337           ;
;                                             ;                ;
; Total registers                             ; 3792           ;
;     -- Dedicated logic registers            ; 3792           ;
;     -- I/O registers                        ; 0              ;
;                                             ;                ;
; I/O pins                                    ; 16             ;
; Total memory bits                           ; 256            ;
; Maximum fan-out node                        ; dont_read_flag ;
; Maximum fan-out                             ; 3695           ;
; Total fan-out                               ; 51738          ;
; Average fan-out                             ; 3.40           ;
+---------------------------------------------+----------------+


+-------------------------------------------------------------------------------------------------------------------------------------------------------------------------------------------------------------------------------------------------+
; Analysis & Synthesis Resource Utilization by Entity                                                                                                                                                                                             ;
+---------------------------------------+-------------------+--------------+-------------+--------------+---------+-----------+------+--------------+------------------------------------------------------------------------------+--------------+
; Compilation Hierarchy Node            ; LC Combinationals ; LC Registers ; Memory Bits ; DSP Elements ; DSP 9x9 ; DSP 18x18 ; Pins ; Virtual Pins ; Full Hierarchy Name                                                          ; Library Name ;
+---------------------------------------+-------------------+--------------+-------------+--------------+---------+-----------+------+--------------+------------------------------------------------------------------------------+--------------+
; |RABBIT_DDS_FIFO_12ns                 ; 11409 (11409)     ; 3792 (3792)  ; 256         ; 0            ; 0       ; 0         ; 16   ; 0            ; |RABBIT_DDS_FIFO_12ns                                                        ; work         ;
;    |altsyncram:WideOr1_rtl_0|         ; 0 (0)             ; 0 (0)        ; 256         ; 0            ; 0       ; 0         ; 0    ; 0            ; |RABBIT_DDS_FIFO_12ns|altsyncram:WideOr1_rtl_0                               ; work         ;
;       |altsyncram_4sv:auto_generated| ; 0 (0)             ; 0 (0)        ; 256         ; 0            ; 0       ; 0         ; 0    ; 0            ; |RABBIT_DDS_FIFO_12ns|altsyncram:WideOr1_rtl_0|altsyncram_4sv:auto_generated ; work         ;
+---------------------------------------+-------------------+--------------+-------------+--------------+---------+-----------+------+--------------+------------------------------------------------------------------------------+--------------+
Note: For table entries with two numbers listed, the numbers in parentheses indicate the number of resources of the given type used by the specific entity alone. The numbers listed outside of parentheses indicate the total resources of the given type used by the specific entity and all of its sub-entities in the hierarchy.


+------------------------------------------------------------------------------------------------------------------------------------------------------------------------------------+
; Analysis & Synthesis RAM Summary                                                                                                                                                   ;
+-------------------------------------------------------------------+------+------+--------------+--------------+--------------+--------------+------+-------------------------------+
; Name                                                              ; Type ; Mode ; Port A Depth ; Port A Width ; Port B Depth ; Port B Width ; Size ; MIF                           ;
+-------------------------------------------------------------------+------+------+--------------+--------------+--------------+--------------+------+-------------------------------+
; altsyncram:WideOr1_rtl_0|altsyncram_4sv:auto_generated|ALTSYNCRAM ; AUTO ; ROM  ; 256          ; 1            ; --           ; --           ; 256  ; RABBIT_DDS_FIFO_12ns0.rtl.mif ;
+-------------------------------------------------------------------+------+------+--------------+--------------+--------------+--------------+------+-------------------------------+


+--------------------------------------------------------------------------------+
; Registers Removed During Synthesis                                             ;
+---------------------------------------+----------------------------------------+
; Register name                         ; Reason for Removal                     ;
+---------------------------------------+----------------------------------------+
; DR_HOLD~reg0                          ; Stuck at GND due to stuck port data_in ;
; OSK~reg0                              ; Stuck at GND due to stuck port data_in ;
; CSB~reg0                              ; Stuck at GND due to stuck port data_in ;
; Total Number of Removed Registers = 3 ;                                        ;
+---------------------------------------+----------------------------------------+


+------------------------------------------------------+
; General Register Statistics                          ;
+----------------------------------------------+-------+
; Statistic                                    ; Value ;
+----------------------------------------------+-------+
; Total registers                              ; 3792  ;
; Number of registers using Synchronous Clear  ; 87    ;
; Number of registers using Synchronous Load   ; 0     ;
; Number of registers using Asynchronous Clear ; 0     ;
; Number of registers using Asynchronous Load  ; 0     ;
; Number of registers using Clock Enable       ; 24    ;
; Number of registers using Preset             ; 0     ;
+----------------------------------------------+-------+


+-------------------------------------------------------------------------------------------------------------------------------------------+
; Multiplexer Restructuring Statistics (Restructuring Performed)                                                                            ;
+--------------------+-----------+---------------+----------------------+------------------------+------------+-----------------------------+
; Multiplexer Inputs ; Bus Width ; Baseline Area ; Area if Restructured ; Saving if Restructured ; Registered ; Example Multiplexer Output  ;
+--------------------+-----------+---------------+----------------------+------------------------+------------+-----------------------------+
; 3:1                ; 12 bits   ; 24 LEs        ; 12 LEs               ; 12 LEs                 ; Yes        ; |RABBIT_DDS_FIFO_12ns|i[7]  ;
; 3:1                ; 12 bits   ; 24 LEs        ; 12 LEs               ; 12 LEs                 ; Yes        ; |RABBIT_DDS_FIFO_12ns|N[8]  ;
; 4:1                ; 25 bits   ; 50 LEs        ; 25 LEs               ; 25 LEs                 ; Yes        ; |RABBIT_DDS_FIFO_12ns|T[20] ;
; 5:1                ; 8 bits    ; 24 LEs        ; 16 LEs               ; 8 LEs                  ; No         ; |RABBIT_DDS_FIFO_12ns|P~39  ;
+--------------------+-----------+---------------+----------------------+------------------------+------------+-----------------------------+


+-------------------------------------------------------------------------------+
; Source assignments for altsyncram:WideOr1_rtl_0|altsyncram_4sv:auto_generated ;
+---------------------------------+--------------------+------+-----------------+
; Assignment                      ; Value              ; From ; To              ;
+---------------------------------+--------------------+------+-----------------+
; OPTIMIZE_POWER_DURING_SYNTHESIS ; NORMAL_COMPILATION ; -    ; -               ;
+---------------------------------+--------------------+------+-----------------+


+-----------------------------------------------------------------------------------------------------------------------------------------------------------------------------------------------------------------------------------------------------------------------------+
; Parameter Settings for User Entity Instance: Top-level Entity: |RABBIT_DDS_FIFO_12ns                                                                                                                                                                                        ;
+----------------+------------------------------------------------------------------------------------------------------------------------------------------------------------------------------------------------------------------------------------------+-----------------+
; Parameter Name ; Value                                                                                                                                                                                                                                    ; Type            ;
+----------------+------------------------------------------------------------------------------------------------------------------------------------------------------------------------------------------------------------------------------------------+-----------------+
; INIT_REG       ; 0000101100000000000000000000000000000000000000000000000000000000000000000000000000000000000000000001000000000000000000010000000001001000000000000010000000000010001101010011111111000001110010000000001100000000000000000000000000000000 ; Unsigned Binary ;
; UNCLEAR_REG    ; 0000000000000000000000000000000000000000                                                                                                                                                                                                 ; Unsigned Binary ;
+----------------+------------------------------------------------------------------------------------------------------------------------------------------------------------------------------------------------------------------------------------------+-----------------+
Note: In order to hide this table in the UI and the text report file, please set the "Show Parameter Settings Tables in Synthesis Report" option in "Analysis and Synthesis Settings -> More Settings" to "Off".


+-------------------------------------------------------------------------------------+
; Parameter Settings for Inferred Entity Instance: altsyncram:WideOr1_rtl_0           ;
+------------------------------------+-------------------------------+----------------+
; Parameter Name                     ; Value                         ; Type           ;
+------------------------------------+-------------------------------+----------------+
; BYTE_SIZE_BLOCK                    ; 8                             ; Untyped        ;
; AUTO_CARRY_CHAINS                  ; ON                            ; AUTO_CARRY     ;
; IGNORE_CARRY_BUFFERS               ; OFF                           ; IGNORE_CARRY   ;
; AUTO_CASCADE_CHAINS                ; ON                            ; AUTO_CASCADE   ;
; IGNORE_CASCADE_BUFFERS             ; OFF                           ; IGNORE_CASCADE ;
; WIDTH_BYTEENA                      ; 1                             ; Untyped        ;
; OPERATION_MODE                     ; ROM                           ; Untyped        ;
; WIDTH_A                            ; 1                             ; Untyped        ;
; WIDTHAD_A                          ; 8                             ; Untyped        ;
; NUMWORDS_A                         ; 256                           ; Untyped        ;
; OUTDATA_REG_A                      ; UNREGISTERED                  ; Untyped        ;
; ADDRESS_ACLR_A                     ; NONE                          ; Untyped        ;
; OUTDATA_ACLR_A                     ; NONE                          ; Untyped        ;
; WRCONTROL_ACLR_A                   ; NONE                          ; Untyped        ;
; INDATA_ACLR_A                      ; NONE                          ; Untyped        ;
; BYTEENA_ACLR_A                     ; NONE                          ; Untyped        ;
; WIDTH_B                            ; 1                             ; Untyped        ;
; WIDTHAD_B                          ; 1                             ; Untyped        ;
; NUMWORDS_B                         ; 1                             ; Untyped        ;
; INDATA_REG_B                       ; CLOCK1                        ; Untyped        ;
; WRCONTROL_WRADDRESS_REG_B          ; CLOCK1                        ; Untyped        ;
; RDCONTROL_REG_B                    ; CLOCK1                        ; Untyped        ;
; ADDRESS_REG_B                      ; CLOCK1                        ; Untyped        ;
; OUTDATA_REG_B                      ; UNREGISTERED                  ; Untyped        ;
; BYTEENA_REG_B                      ; CLOCK1                        ; Untyped        ;
; INDATA_ACLR_B                      ; NONE                          ; Untyped        ;
; WRCONTROL_ACLR_B                   ; NONE                          ; Untyped        ;
; ADDRESS_ACLR_B                     ; NONE                          ; Untyped        ;
; OUTDATA_ACLR_B                     ; NONE                          ; Untyped        ;
; RDCONTROL_ACLR_B                   ; NONE                          ; Untyped        ;
; BYTEENA_ACLR_B                     ; NONE                          ; Untyped        ;
; WIDTH_BYTEENA_A                    ; 1                             ; Untyped        ;
; WIDTH_BYTEENA_B                    ; 1                             ; Untyped        ;
; RAM_BLOCK_TYPE                     ; AUTO                          ; Untyped        ;
; BYTE_SIZE                          ; 8                             ; Untyped        ;
; READ_DURING_WRITE_MODE_MIXED_PORTS ; DONT_CARE                     ; Untyped        ;
; READ_DURING_WRITE_MODE_PORT_A      ; NEW_DATA_NO_NBE_READ          ; Untyped        ;
; READ_DURING_WRITE_MODE_PORT_B      ; NEW_DATA_NO_NBE_READ          ; Untyped        ;
; INIT_FILE                          ; RABBIT_DDS_FIFO_12ns0.rtl.mif ; Untyped        ;
; INIT_FILE_LAYOUT                   ; PORT_A                        ; Untyped        ;
; MAXIMUM_DEPTH                      ; 0                             ; Untyped        ;
; CLOCK_ENABLE_INPUT_A               ; NORMAL                        ; Untyped        ;
; CLOCK_ENABLE_INPUT_B               ; NORMAL                        ; Untyped        ;
; CLOCK_ENABLE_OUTPUT_A              ; NORMAL                        ; Untyped        ;
; CLOCK_ENABLE_OUTPUT_B              ; NORMAL                        ; Untyped        ;
; CLOCK_ENABLE_CORE_A                ; USE_INPUT_CLKEN               ; Untyped        ;
; CLOCK_ENABLE_CORE_B                ; USE_INPUT_CLKEN               ; Untyped        ;
; ENABLE_ECC                         ; FALSE                         ; Untyped        ;
; DEVICE_FAMILY                      ; Cyclone II                    ; Untyped        ;
; CBXI_PARAMETER                     ; altsyncram_4sv                ; Untyped        ;
+------------------------------------+-------------------------------+----------------+
Note: In order to hide this table in the UI and the text report file, please set the "Show Parameter Settings Tables in Synthesis Report" option in "Analysis and Synthesis Settings -> More Settings" to "Off".


+-------------------------------+
; Analysis & Synthesis Messages ;
+-------------------------------+
Info: *******************************************************************
Info: Running Quartus II Analysis & Synthesis
    Info: Version 7.1 Build 178 06/25/2007 Service Pack 1 SJ Full Version
    Info: Processing started: Tue Aug 10 17:30:21 2010
Info: Command: quartus_map --read_settings_files=on --write_settings_files=off RABBIT_DDS_FIFO_12ns -c RABBIT_DDS_FIFO_12ns
Info: Found 1 design units, including 1 entities, in source file RABBIT_DDS_FIFO_12ns.v
    Info: Found entity 1: RABBIT_DDS_FIFO_12ns
Info: Elaborating entity "RABBIT_DDS_FIFO_12ns" for the top level hierarchy
Warning: Reduced register "DR_HOLD~reg0" with stuck data_in port to stuck value GND
Warning: Reduced register "OSK~reg0" with stuck data_in port to stuck value GND
Warning: Reduced register "CSB~reg0" with stuck data_in port to stuck value GND
Warning: Created node "WideOr1~257" as a ROM by generating altsyncram megafunction to implement register logic with M512, M-LAB, M4K, or M9K memory block; therefore the power-up state differs from the original design
Info: Inferred 1 megafunctions from design logic
    Info: Inferred altsyncram megafunction from the following design logic: "WideOr1~257"
        Info: Parameter OPERATION_MODE set to ROM
        Info: Parameter WIDTH_A set to 1
        Info: Parameter WIDTHAD_A set to 8
        Info: Parameter NUMWORDS_A set to 256
        Info: Parameter OUTDATA_REG_A set to UNREGISTERED
        Info: Parameter RAM_BLOCK_TYPE set to AUTO
        Info: Parameter INIT_FILE set to RABBIT_DDS_FIFO_12ns0.rtl.mif
Info: Found 1 design units, including 1 entities, in source file ../libraries/megafunctions/altsyncram.tdf
    Info: Found entity 1: altsyncram
Info: Elaborated megafunction instantiation "altsyncram:WideOr1_rtl_0"
Info: Found 1 design units, including 1 entities, in source file db/altsyncram_4sv.tdf
    Info: Found entity 1: altsyncram_4sv
Warning: Output pins are stuck at VCC or GND
    Warning: Pin "OSK" stuck at GND
    Warning: Pin "CSB" stuck at GND
    Warning: Pin "DR_HOLD" stuck at GND
Info: Implemented 11436 device resources after synthesis - the final resource count might be different
    Info: Implemented 6 input pins
    Info: Implemented 10 output pins
    Info: Implemented 11419 logic cells
    Info: Implemented 1 RAM segments
Info: Quartus II Analysis & Synthesis was successful. 0 errors, 8 warnings
    Info: Allocated 176 megabytes of memory during processing
    Info: Processing ended: Tue Aug 10 17:32:21 2010
    Info: Elapsed time: 00:02:00


