Analysis & Synthesis report for one_DE2_to_another
Wed Jul 14 10:02:46 2010
Quartus II Version 7.1 Build 178 06/25/2007 Service Pack 1 SJ Full Version


---------------------
; Table of Contents ;
---------------------
  1. Legal Notice
  2. Analysis & Synthesis Summary
  3. Analysis & Synthesis Settings
  4. Analysis & Synthesis Source Files Read
  5. Analysis & Synthesis Resource Usage Summary
  6. Analysis & Synthesis Resource Utilization by Entity
  7. General Register Statistics
  8. Multiplexer Restructuring Statistics (Restructuring Performed)
  9. Analysis & Synthesis Messages



----------------
; Legal Notice ;
----------------
Copyright (C) 1991-2007 Altera Corporation
Your use of Altera Corporation's design tools, logic functions 
and other software and tools, and its AMPP partner logic 
functions, and any output files from any of the foregoing 
(including device programming or simulation files), and any 
associated documentation or information are expressly subject 
to the terms and conditions of the Altera Program License 
Subscription Agreement, Altera MegaCore Function License 
Agreement, or other applicable license agreement, including, 
without limitation, that your use is for the sole purpose of 
programming logic devices manufactured by Altera and sold by 
Altera or its authorized distributors.  Please refer to the 
applicable agreement for further details.



+------------------------------------------------------------------------------------+
; Analysis & Synthesis Summary                                                       ;
+------------------------------------+-----------------------------------------------+
; Analysis & Synthesis Status        ; Successful - Wed Jul 14 10:02:46 2010         ;
; Quartus II Version                 ; 7.1 Build 178 06/25/2007 SP 1 SJ Full Version ;
; Revision Name                      ; one_DE2_to_another                            ;
; Top-level Entity Name              ; one_DE2_to_another                            ;
; Family                             ; Cyclone II                                    ;
; Total logic elements               ; 134                                           ;
;     Total combinational functions  ; 134                                           ;
;     Dedicated logic registers      ; 82                                            ;
; Total registers                    ; 82                                            ;
; Total pins                         ; 28                                            ;
; Total virtual pins                 ; 0                                             ;
; Total memory bits                  ; 0                                             ;
; Embedded Multiplier 9-bit elements ; 0                                             ;
; Total PLLs                         ; 0                                             ;
+------------------------------------+-----------------------------------------------+


+--------------------------------------------------------------------------------------------------------------------------+
; Analysis & Synthesis Settings                                                                                            ;
+--------------------------------------------------------------------------------+--------------------+--------------------+
; Option                                                                         ; Setting            ; Default Value      ;
+--------------------------------------------------------------------------------+--------------------+--------------------+
; Device                                                                         ; EP2C35F672C6       ;                    ;
; Top-level entity name                                                          ; one_DE2_to_another ; one_DE2_to_another ;
; Family name                                                                    ; Cyclone II         ; Stratix II         ;
; Restructure Multiplexers                                                       ; Auto               ; Auto               ;
; Create Debugging Nodes for IP Cores                                            ; Off                ; Off                ;
; Preserve fewer node names                                                      ; On                 ; On                 ;
; Disable OpenCore Plus hardware evaluation                                      ; Off                ; Off                ;
; Verilog Version                                                                ; Verilog_2001       ; Verilog_2001       ;
; VHDL Version                                                                   ; VHDL93             ; VHDL93             ;
; State Machine Processing                                                       ; Auto               ; Auto               ;
; Safe State Machine                                                             ; Off                ; Off                ;
; Extract Verilog State Machines                                                 ; On                 ; On                 ;
; Extract VHDL State Machines                                                    ; On                 ; On                 ;
; Ignore Verilog initial constructs                                              ; Off                ; Off                ;
; Add Pass-Through Logic to Inferred RAMs                                        ; On                 ; On                 ;
; DSP Block Balancing                                                            ; Auto               ; Auto               ;
; NOT Gate Push-Back                                                             ; On                 ; On                 ;
; Power-Up Don't Care                                                            ; On                 ; On                 ;
; Remove Redundant Logic Cells                                                   ; Off                ; Off                ;
; Remove Duplicate Registers                                                     ; On                 ; On                 ;
; Ignore CARRY Buffers                                                           ; Off                ; Off                ;
; Ignore CASCADE Buffers                                                         ; Off                ; Off                ;
; Ignore GLOBAL Buffers                                                          ; Off                ; Off                ;
; Ignore ROW GLOBAL Buffers                                                      ; Off                ; Off                ;
; Ignore LCELL Buffers                                                           ; Off                ; Off                ;
; Ignore SOFT Buffers                                                            ; On                 ; On                 ;
; Limit AHDL Integers to 32 Bits                                                 ; Off                ; Off                ;
; Optimization Technique -- Cyclone II/Cyclone III                               ; Balanced           ; Balanced           ;
; Carry Chain Length -- Stratix/Stratix GX/Cyclone/MAX II/Cyclone II/Cyclone III ; 70                 ; 70                 ;
; Auto Carry Chains                                                              ; On                 ; On                 ;
; Auto Open-Drain Pins                                                           ; On                 ; On                 ;
; Perform WYSIWYG Primitive Resynthesis                                          ; Off                ; Off                ;
; Perform gate-level register retiming                                           ; Off                ; Off                ;
; Allow register retiming to trade off Tsu/Tco with Fmax                         ; On                 ; On                 ;
; Auto ROM Replacement                                                           ; On                 ; On                 ;
; Auto RAM Replacement                                                           ; On                 ; On                 ;
; Auto Shift Register Replacement                                                ; Auto               ; Auto               ;
; Auto Clock Enable Replacement                                                  ; On                 ; On                 ;
; Allow Synchronous Control Signals                                              ; On                 ; On                 ;
; Force Use of Synchronous Clear Signals                                         ; Off                ; Off                ;
; Auto RAM to Logic Cell Conversion                                              ; Off                ; Off                ;
; Auto Resource Sharing                                                          ; Off                ; Off                ;
; Allow Any RAM Size For Recognition                                             ; Off                ; Off                ;
; Allow Any ROM Size For Recognition                                             ; Off                ; Off                ;
; Allow Any Shift Register Size For Recognition                                  ; Off                ; Off                ;
; Ignore translate_off and synthesis_off directives                              ; Off                ; Off                ;
; Show Parameter Settings Tables in Synthesis Report                             ; On                 ; On                 ;
; Ignore Maximum Fan-Out Assignments                                             ; Off                ; Off                ;
; Retiming Meta-Stability Register Sequence Length                               ; 2                  ; 2                  ;
; PowerPlay Power Optimization                                                   ; Normal compilation ; Normal compilation ;
; HDL message level                                                              ; Level2             ; Level2             ;
; Suppress Register Optimization Related Messages                                ; Off                ; Off                ;
; Number of Removed Registers Reported in Synthesis Report                       ; 100                ; 100                ;
; Clock MUX Protection                                                           ; On                 ; On                 ;
; Use smart compilation                                                          ; Off                ; Off                ;
+--------------------------------------------------------------------------------+--------------------+--------------------+


+--------------------------------------------------------------------------------------------------------------------------------------------+
; Analysis & Synthesis Source Files Read                                                                                                     ;
+----------------------------------+-----------------+------------------------+--------------------------------------------------------------+
; File Name with User-Entered Path ; Used in Netlist ; File Type              ; File Name with Absolute Path                                 ;
+----------------------------------+-----------------+------------------------+--------------------------------------------------------------+
; one_DE2_to_another.v             ; yes             ; User Verilog HDL File  ; C:/altera/71/quartus/one_DE2_to_another/one_DE2_to_another.v ;
; read_data.v                      ; yes             ; User Verilog HDL File  ; C:/altera/71/quartus/one_DE2_to_another/read_data.v          ;
; clock_maker.v                    ; yes             ; User Verilog HDL File  ; C:/altera/71/quartus/one_DE2_to_another/clock_maker.v        ;
; data_program.v                   ; yes             ; User Verilog HDL File  ; C:/altera/71/quartus/one_DE2_to_another/data_program.v       ;
; safety_trigger.v                 ; yes             ; User Verilog HDL File  ; C:/altera/71/quartus/one_DE2_to_another/safety_trigger.v     ;
+----------------------------------+-----------------+------------------------+--------------------------------------------------------------+


+-------------------------------------------------------------------+
; Analysis & Synthesis Resource Usage Summary                       ;
+---------------------------------------------+---------------------+
; Resource                                    ; Usage               ;
+---------------------------------------------+---------------------+
; Estimated Total logic elements              ; 134                 ;
;                                             ;                     ;
; Total combinational functions               ; 134                 ;
; Logic element usage by number of LUT inputs ;                     ;
;     -- 4 input functions                    ; 65                  ;
;     -- 3 input functions                    ; 6                   ;
;     -- <=2 input functions                  ; 63                  ;
;                                             ;                     ;
; Logic elements by mode                      ;                     ;
;     -- normal mode                          ; 81                  ;
;     -- arithmetic mode                      ; 53                  ;
;                                             ;                     ;
; Total registers                             ; 82                  ;
;     -- Dedicated logic registers            ; 82                  ;
;     -- I/O registers                        ; 0                   ;
;                                             ;                     ;
; I/O pins                                    ; 28                  ;
; Maximum fan-out node                        ; Ten_MHz_input_clock ;
; Maximum fan-out                             ; 77                  ;
; Total fan-out                               ; 671                 ;
; Average fan-out                             ; 2.75                ;
+---------------------------------------------+---------------------+


+---------------------------------------------------------------------------------------------------------------------------------------------------------------------------------------------------------------------------+
; Analysis & Synthesis Resource Utilization by Entity                                                                                                                                                                       ;
+----------------------------------------+-------------------+--------------+-------------+--------------+---------+-----------+------+--------------+-------------------------------------------------------+--------------+
; Compilation Hierarchy Node             ; LC Combinationals ; LC Registers ; Memory Bits ; DSP Elements ; DSP 9x9 ; DSP 18x18 ; Pins ; Virtual Pins ; Full Hierarchy Name                                   ; Library Name ;
+----------------------------------------+-------------------+--------------+-------------+--------------+---------+-----------+------+--------------+-------------------------------------------------------+--------------+
; |one_DE2_to_another                    ; 134 (0)           ; 82 (0)       ; 0           ; 0            ; 0       ; 0         ; 28   ; 0            ; |one_DE2_to_another                                   ; work         ;
;    |clock_maker:clock_outputting|      ; 4 (4)             ; 4 (4)        ; 0           ; 0            ; 0       ; 0         ; 0    ; 0            ; |one_DE2_to_another|clock_maker:clock_outputting      ; work         ;
;    |data_program:sending_out_the_data| ; 129 (129)         ; 77 (77)      ; 0           ; 0            ; 0       ; 0         ; 0    ; 0            ; |one_DE2_to_another|data_program:sending_out_the_data ; work         ;
;    |safety_trigger:trigger_shoot|      ; 1 (1)             ; 1 (1)        ; 0           ; 0            ; 0       ; 0         ; 0    ; 0            ; |one_DE2_to_another|safety_trigger:trigger_shoot      ; work         ;
+----------------------------------------+-------------------+--------------+-------------+--------------+---------+-----------+------+--------------+-------------------------------------------------------+--------------+
Note: For table entries with two numbers listed, the numbers in parentheses indicate the number of resources of the given type used by the specific entity alone. The numbers listed outside of parentheses indicate the total resources of the given type used by the specific entity and all of its sub-entities in the hierarchy.


+------------------------------------------------------+
; General Register Statistics                          ;
+----------------------------------------------+-------+
; Statistic                                    ; Value ;
+----------------------------------------------+-------+
; Total registers                              ; 82    ;
; Number of registers using Synchronous Clear  ; 32    ;
; Number of registers using Synchronous Load   ; 0     ;
; Number of registers using Asynchronous Clear ; 0     ;
; Number of registers using Asynchronous Load  ; 0     ;
; Number of registers using Clock Enable       ; 70    ;
; Number of registers using Preset             ; 0     ;
+----------------------------------------------+-------+


+---------------------------------------------------------------------------------------------------------------------------------------------------------------------------------+
; Multiplexer Restructuring Statistics (Restructuring Performed)                                                                                                                  ;
+--------------------+-----------+---------------+----------------------+------------------------+------------+-------------------------------------------------------------------+
; Multiplexer Inputs ; Bus Width ; Baseline Area ; Area if Restructured ; Saving if Restructured ; Registered ; Example Multiplexer Output                                        ;
+--------------------+-----------+---------------+----------------------+------------------------+------------+-------------------------------------------------------------------+
; 3:1                ; 23 bits   ; 46 LEs        ; 23 LEs               ; 23 LEs                 ; Yes        ; |one_DE2_to_another|data_program:sending_out_the_data|counter[22] ;
+--------------------+-----------+---------------+----------------------+------------------------+------------+-------------------------------------------------------------------+


+-------------------------------+
; Analysis & Synthesis Messages ;
+-------------------------------+
Info: *******************************************************************
Info: Running Quartus II Analysis & Synthesis
    Info: Version 7.1 Build 178 06/25/2007 Service Pack 1 SJ Full Version
    Info: Processing started: Wed Jul 14 10:02:44 2010
Info: Command: quartus_map --read_settings_files=on --write_settings_files=off one_DE2_to_another -c one_DE2_to_another
Warning (10275): Verilog HDL Module Instantiation warning at one_DE2_to_another.v(138): ignored dangling comma in List of Port Connections
Info: Found 1 design units, including 1 entities, in source file one_DE2_to_another.v
    Info: Found entity 1: one_DE2_to_another
Info: Found 1 design units, including 1 entities, in source file read_data.v
    Info: Found entity 1: read_data
Info: Found 0 design units, including 0 entities, in source file DE2_HexDisplay.v
Info: Found 1 design units, including 1 entities, in source file clock_maker.v
    Info: Found entity 1: clock_maker
Info: Found 1 design units, including 1 entities, in source file data_program.v
    Info: Found entity 1: data_program
Info: Found 1 design units, including 1 entities, in source file safety_trigger.v
    Info: Found entity 1: safety_trigger
Info: Elaborating entity "one_DE2_to_another" for the top level hierarchy
Info: Elaborating entity "safety_trigger" for hierarchy "safety_trigger:trigger_shoot"
Info: Elaborating entity "clock_maker" for hierarchy "clock_maker:clock_outputting"
Info: Elaborating entity "data_program" for hierarchy "data_program:sending_out_the_data"
Info: Elaborating entity "read_data" for hierarchy "read_data:data_been_read"
Warning: Design contains 2 input pin(s) that do not drive logic
    Warning: No output dependent on input pin "input_data_1_bit"
    Warning: No output dependent on input pin "data_ctrl_input"
Info: Implemented 182 device resources after synthesis - the final resource count might be different
    Info: Implemented 24 input pins
    Info: Implemented 4 output pins
    Info: Implemented 154 logic cells
Info: Quartus II Analysis & Synthesis was successful. 0 errors, 4 warnings
    Info: Allocated 143 megabytes of memory during processing
    Info: Processing ended: Wed Jul 14 10:02:46 2010
    Info: Elapsed time: 00:00:02


