Analysis & Synthesis report for RabbitFPGA_DRHOLD
Mon Aug 02 11:16:13 2010
Quartus II Version 7.1 Build 178 06/25/2007 Service Pack 1 SJ Full Version


---------------------
; Table of Contents ;
---------------------
  1. Legal Notice
  2. Analysis & Synthesis Summary
  3. Analysis & Synthesis Settings
  4. Analysis & Synthesis Source Files Read
  5. Analysis & Synthesis Resource Usage Summary
  6. Analysis & Synthesis Resource Utilization by Entity
  7. Registers Removed During Synthesis
  8. General Register Statistics
  9. Multiplexer Restructuring Statistics (Restructuring Performed)
 10. Parameter Settings for User Entity Instance: Top-level Entity: |RabbitFPGA_DRHOLD
 11. Analysis & Synthesis Messages



----------------
; Legal Notice ;
----------------
Copyright (C) 1991-2007 Altera Corporation
Your use of Altera Corporation's design tools, logic functions 
and other software and tools, and its AMPP partner logic 
functions, and any output files from any of the foregoing 
(including device programming or simulation files), and any 
associated documentation or information are expressly subject 
to the terms and conditions of the Altera Program License 
Subscription Agreement, Altera MegaCore Function License 
Agreement, or other applicable license agreement, including, 
without limitation, that your use is for the sole purpose of 
programming logic devices manufactured by Altera and sold by 
Altera or its authorized distributors.  Please refer to the 
applicable agreement for further details.



+------------------------------------------------------------------------------------+
; Analysis & Synthesis Summary                                                       ;
+------------------------------------+-----------------------------------------------+
; Analysis & Synthesis Status        ; Successful - Mon Aug 02 11:16:13 2010         ;
; Quartus II Version                 ; 7.1 Build 178 06/25/2007 SP 1 SJ Full Version ;
; Revision Name                      ; RabbitFPGA_DRHOLD                             ;
; Top-level Entity Name              ; RabbitFPGA_DRHOLD                             ;
; Family                             ; Cyclone II                                    ;
; Total logic elements               ; 11,575                                        ;
;     Total combinational functions  ; 11,575                                        ;
;     Dedicated logic registers      ; 3,896                                         ;
; Total registers                    ; 3896                                          ;
; Total pins                         ; 38                                            ;
; Total virtual pins                 ; 0                                             ;
; Total memory bits                  ; 0                                             ;
; Embedded Multiplier 9-bit elements ; 0                                             ;
; Total PLLs                         ; 0                                             ;
+------------------------------------+-----------------------------------------------+


+--------------------------------------------------------------------------------------------------------------------------+
; Analysis & Synthesis Settings                                                                                            ;
+--------------------------------------------------------------------------------+--------------------+--------------------+
; Option                                                                         ; Setting            ; Default Value      ;
+--------------------------------------------------------------------------------+--------------------+--------------------+
; Device                                                                         ; EP2C35F672C6       ;                    ;
; Top-level entity name                                                          ; RabbitFPGA_DRHOLD  ; RabbitFPGA_DRHOLD  ;
; Family name                                                                    ; Cyclone II         ; Stratix II         ;
; Restructure Multiplexers                                                       ; Auto               ; Auto               ;
; Create Debugging Nodes for IP Cores                                            ; Off                ; Off                ;
; Preserve fewer node names                                                      ; On                 ; On                 ;
; Disable OpenCore Plus hardware evaluation                                      ; Off                ; Off                ;
; Verilog Version                                                                ; Verilog_2001       ; Verilog_2001       ;
; VHDL Version                                                                   ; VHDL93             ; VHDL93             ;
; State Machine Processing                                                       ; Auto               ; Auto               ;
; Safe State Machine                                                             ; Off                ; Off                ;
; Extract Verilog State Machines                                                 ; On                 ; On                 ;
; Extract VHDL State Machines                                                    ; On                 ; On                 ;
; Ignore Verilog initial constructs                                              ; Off                ; Off                ;
; Add Pass-Through Logic to Inferred RAMs                                        ; On                 ; On                 ;
; DSP Block Balancing                                                            ; Auto               ; Auto               ;
; NOT Gate Push-Back                                                             ; On                 ; On                 ;
; Power-Up Don't Care                                                            ; On                 ; On                 ;
; Remove Redundant Logic Cells                                                   ; Off                ; Off                ;
; Remove Duplicate Registers                                                     ; On                 ; On                 ;
; Ignore CARRY Buffers                                                           ; Off                ; Off                ;
; Ignore CASCADE Buffers                                                         ; Off                ; Off                ;
; Ignore GLOBAL Buffers                                                          ; Off                ; Off                ;
; Ignore ROW GLOBAL Buffers                                                      ; Off                ; Off                ;
; Ignore LCELL Buffers                                                           ; Off                ; Off                ;
; Ignore SOFT Buffers                                                            ; On                 ; On                 ;
; Limit AHDL Integers to 32 Bits                                                 ; Off                ; Off                ;
; Optimization Technique -- Cyclone II/Cyclone III                               ; Balanced           ; Balanced           ;
; Carry Chain Length -- Stratix/Stratix GX/Cyclone/MAX II/Cyclone II/Cyclone III ; 70                 ; 70                 ;
; Auto Carry Chains                                                              ; On                 ; On                 ;
; Auto Open-Drain Pins                                                           ; On                 ; On                 ;
; Perform WYSIWYG Primitive Resynthesis                                          ; Off                ; Off                ;
; Perform gate-level register retiming                                           ; Off                ; Off                ;
; Allow register retiming to trade off Tsu/Tco with Fmax                         ; On                 ; On                 ;
; Auto ROM Replacement                                                           ; On                 ; On                 ;
; Auto RAM Replacement                                                           ; On                 ; On                 ;
; Auto Shift Register Replacement                                                ; Auto               ; Auto               ;
; Auto Clock Enable Replacement                                                  ; On                 ; On                 ;
; Allow Synchronous Control Signals                                              ; On                 ; On                 ;
; Force Use of Synchronous Clear Signals                                         ; Off                ; Off                ;
; Auto RAM to Logic Cell Conversion                                              ; Off                ; Off                ;
; Auto Resource Sharing                                                          ; Off                ; Off                ;
; Allow Any RAM Size For Recognition                                             ; Off                ; Off                ;
; Allow Any ROM Size For Recognition                                             ; Off                ; Off                ;
; Allow Any Shift Register Size For Recognition                                  ; Off                ; Off                ;
; Ignore translate_off and synthesis_off directives                              ; Off                ; Off                ;
; Show Parameter Settings Tables in Synthesis Report                             ; On                 ; On                 ;
; Ignore Maximum Fan-Out Assignments                                             ; Off                ; Off                ;
; Retiming Meta-Stability Register Sequence Length                               ; 2                  ; 2                  ;
; PowerPlay Power Optimization                                                   ; Normal compilation ; Normal compilation ;
; HDL message level                                                              ; Level2             ; Level2             ;
; Suppress Register Optimization Related Messages                                ; Off                ; Off                ;
; Number of Removed Registers Reported in Synthesis Report                       ; 100                ; 100                ;
; Clock MUX Protection                                                           ; On                 ; On                 ;
; Use smart compilation                                                          ; Off                ; Off                ;
+--------------------------------------------------------------------------------+--------------------+--------------------+


+------------------------------------------------------------------------------------------------------------------------------------------+
; Analysis & Synthesis Source Files Read                                                                                                   ;
+----------------------------------+-----------------+------------------------+------------------------------------------------------------+
; File Name with User-Entered Path ; Used in Netlist ; File Type              ; File Name with Absolute Path                               ;
+----------------------------------+-----------------+------------------------+------------------------------------------------------------+
; RabbitFPGA_DRHOLD.v              ; yes             ; User Verilog HDL File  ; C:/altera/71/quartus/RabbitFPGA_DRHOLD/RabbitFPGA_DRHOLD.v ;
+----------------------------------+-----------------+------------------------+------------------------------------------------------------+


+-------------------------------------------------------------------+
; Analysis & Synthesis Resource Usage Summary                       ;
+---------------------------------------------+---------------------+
; Resource                                    ; Usage               ;
+---------------------------------------------+---------------------+
; Estimated Total logic elements              ; 11,575              ;
;                                             ;                     ;
; Total combinational functions               ; 11575               ;
; Logic element usage by number of LUT inputs ;                     ;
;     -- 4 input functions                    ; 10008               ;
;     -- 3 input functions                    ; 1316                ;
;     -- <=2 input functions                  ; 251                 ;
;                                             ;                     ;
; Logic elements by mode                      ;                     ;
;     -- normal mode                          ; 10127               ;
;     -- arithmetic mode                      ; 1448                ;
;                                             ;                     ;
; Total registers                             ; 3896                ;
;     -- Dedicated logic registers            ; 3896                ;
;     -- I/O registers                        ; 0                   ;
;                                             ;                     ;
; I/O pins                                    ; 38                  ;
; Maximum fan-out node                        ; dont_read_flag~reg0 ;
; Maximum fan-out                             ; 3716                ;
; Total fan-out                               ; 52579               ;
; Average fan-out                             ; 3.39                ;
+---------------------------------------------+---------------------+


+-----------------------------------------------------------------------------------------------------------------------------------------------------------------------------+
; Analysis & Synthesis Resource Utilization by Entity                                                                                                                         ;
+----------------------------+-------------------+--------------+-------------+--------------+---------+-----------+------+--------------+---------------------+--------------+
; Compilation Hierarchy Node ; LC Combinationals ; LC Registers ; Memory Bits ; DSP Elements ; DSP 9x9 ; DSP 18x18 ; Pins ; Virtual Pins ; Full Hierarchy Name ; Library Name ;
+----------------------------+-------------------+--------------+-------------+--------------+---------+-----------+------+--------------+---------------------+--------------+
; |RabbitFPGA_DRHOLD         ; 11575 (11575)     ; 3896 (3896)  ; 0           ; 0            ; 0       ; 0         ; 38   ; 0            ; |RabbitFPGA_DRHOLD  ; work         ;
+----------------------------+-------------------+--------------+-------------+--------------+---------+-----------+------+--------------+---------------------+--------------+
Note: For table entries with two numbers listed, the numbers in parentheses indicate the number of resources of the given type used by the specific entity alone. The numbers listed outside of parentheses indicate the total resources of the given type used by the specific entity and all of its sub-entities in the hierarchy.


+---------------------------------------------------------------------------------+
; Registers Removed During Synthesis                                              ;
+----------------------------------------+----------------------------------------+
; Register name                          ; Reason for Removal                     ;
+----------------------------------------+----------------------------------------+
; hold_count~reg0                        ; Stuck at VCC due to stuck port data_in ;
; OSK~reg0                               ; Stuck at GND due to stuck port data_in ;
; CSB~reg0                               ; Stuck at GND due to stuck port data_in ;
; Q                                      ; Merged with R                          ;
; h_lsb~reg0                             ; Merged with H[0]                       ;
; H[1..23]                               ; Lost fanout                            ;
; P[8]                                   ; Lost fanout                            ;
; Total Number of Removed Registers = 29 ;                                        ;
+----------------------------------------+----------------------------------------+


+------------------------------------------------------+
; General Register Statistics                          ;
+----------------------------------------------+-------+
; Statistic                                    ; Value ;
+----------------------------------------------+-------+
; Total registers                              ; 3896  ;
; Number of registers using Synchronous Clear  ; 188   ;
; Number of registers using Synchronous Load   ; 1     ;
; Number of registers using Asynchronous Clear ; 0     ;
; Number of registers using Asynchronous Load  ; 0     ;
; Number of registers using Clock Enable       ; 101   ;
; Number of registers using Preset             ; 0     ;
+----------------------------------------------+-------+


+------------------------------------------------------------------------------------------------------------------------------------------+
; Multiplexer Restructuring Statistics (Restructuring Performed)                                                                           ;
+--------------------+-----------+---------------+----------------------+------------------------+------------+----------------------------+
; Multiplexer Inputs ; Bus Width ; Baseline Area ; Area if Restructured ; Saving if Restructured ; Registered ; Example Multiplexer Output ;
+--------------------+-----------+---------------+----------------------+------------------------+------------+----------------------------+
; 3:1                ; 32 bits   ; 64 LEs        ; 32 LEs               ; 32 LEs                 ; Yes        ; |RabbitFPGA_DRHOLD|i[16]   ;
; 3:1                ; 9 bits    ; 18 LEs        ; 9 LEs                ; 9 LEs                  ; Yes        ; |RabbitFPGA_DRHOLD|P[0]    ;
; 4:1                ; 32 bits   ; 64 LEs        ; 32 LEs               ; 32 LEs                 ; Yes        ; |RabbitFPGA_DRHOLD|T[22]   ;
; 7:1                ; 32 bits   ; 128 LEs       ; 32 LEs               ; 96 LEs                 ; Yes        ; |RabbitFPGA_DRHOLD|N[5]    ;
+--------------------+-----------+---------------+----------------------+------------------------+------------+----------------------------+


+-----------------------------------------------------------------------------------------------------------------------------------------------------------------------------------------------------------------------------------------------------------------------------+
; Parameter Settings for User Entity Instance: Top-level Entity: |RabbitFPGA_DRHOLD                                                                                                                                                                                           ;
+----------------+------------------------------------------------------------------------------------------------------------------------------------------------------------------------------------------------------------------------------------------+-----------------+
; Parameter Name ; Value                                                                                                                                                                                                                                    ; Type            ;
+----------------+------------------------------------------------------------------------------------------------------------------------------------------------------------------------------------------------------------------------------------------+-----------------+
; INIT_REG       ; 0000101100000000000000000000000000000000000000000000000000000000000000000000000000000000000000000100000000000000000000010000000001001110000000000010000000000010001101010011111111000001110010000000001100000000000000000000000000000000 ; Unsigned Binary ;
+----------------+------------------------------------------------------------------------------------------------------------------------------------------------------------------------------------------------------------------------------------------+-----------------+
Note: In order to hide this table in the UI and the text report file, please set the "Show Parameter Settings Tables in Synthesis Report" option in "Analysis and Synthesis Settings -> More Settings" to "Off".


+-------------------------------+
; Analysis & Synthesis Messages ;
+-------------------------------+
Info: *******************************************************************
Info: Running Quartus II Analysis & Synthesis
    Info: Version 7.1 Build 178 06/25/2007 Service Pack 1 SJ Full Version
    Info: Processing started: Mon Aug 02 11:14:01 2010
Info: Command: quartus_map --read_settings_files=on --write_settings_files=off RabbitFPGA_DRHOLD -c RabbitFPGA_DRHOLD
Info: Found 1 design units, including 1 entities, in source file RabbitFPGA_DRHOLD.v
    Info: Found entity 1: RabbitFPGA_DRHOLD
Info: Elaborating entity "RabbitFPGA_DRHOLD" for the top level hierarchy
Warning (10230): Verilog HDL assignment warning at RabbitFPGA_DRHOLD.v(266): truncated value with size 32 to match size of target (24)
Warning (10230): Verilog HDL assignment warning at RabbitFPGA_DRHOLD.v(340): truncated value with size 32 to match size of target (24)
Info: Power-up level of register "hold_count~reg0" is not specified -- using power-up level of High to minimize register
Warning: Reduced register "hold_count~reg0" with stuck data_in port to stuck value VCC
Warning: Reduced register "OSK~reg0" with stuck data_in port to stuck value GND
Warning: Reduced register "CSB~reg0" with stuck data_in port to stuck value GND
Info: Duplicate registers merged to single register
    Info: Duplicate register "Q" merged to single register "R"
    Info: Duplicate register "h_lsb~reg0" merged to single register "H[0]", power-up level changed
Warning: Output pins are stuck at VCC or GND
    Warning: Pin "OSK" stuck at GND
    Warning: Pin "CSB" stuck at GND
    Warning: Pin "hold_wait_flag" stuck at GND
    Warning: Pin "hold_count" stuck at VCC
Info: 24 registers lost all their fanouts during netlist optimizations. The first 24 are displayed below.
    Info: Register "H[1]" lost all its fanouts during netlist optimizations.
    Info: Register "H[2]" lost all its fanouts during netlist optimizations.
    Info: Register "H[3]" lost all its fanouts during netlist optimizations.
    Info: Register "H[4]" lost all its fanouts during netlist optimizations.
    Info: Register "H[5]" lost all its fanouts during netlist optimizations.
    Info: Register "H[6]" lost all its fanouts during netlist optimizations.
    Info: Register "H[7]" lost all its fanouts during netlist optimizations.
    Info: Register "H[8]" lost all its fanouts during netlist optimizations.
    Info: Register "H[9]" lost all its fanouts during netlist optimizations.
    Info: Register "H[10]" lost all its fanouts during netlist optimizations.
    Info: Register "H[11]" lost all its fanouts during netlist optimizations.
    Info: Register "H[12]" lost all its fanouts during netlist optimizations.
    Info: Register "H[13]" lost all its fanouts during netlist optimizations.
    Info: Register "H[14]" lost all its fanouts during netlist optimizations.
    Info: Register "H[15]" lost all its fanouts during netlist optimizations.
    Info: Register "H[16]" lost all its fanouts during netlist optimizations.
    Info: Register "H[17]" lost all its fanouts during netlist optimizations.
    Info: Register "H[18]" lost all its fanouts during netlist optimizations.
    Info: Register "H[19]" lost all its fanouts during netlist optimizations.
    Info: Register "H[20]" lost all its fanouts during netlist optimizations.
    Info: Register "H[21]" lost all its fanouts during netlist optimizations.
    Info: Register "H[22]" lost all its fanouts during netlist optimizations.
    Info: Register "H[23]" lost all its fanouts during netlist optimizations.
    Info: Register "P[8]" lost all its fanouts during netlist optimizations.
Info: Implemented 11622 device resources after synthesis - the final resource count might be different
    Info: Implemented 7 input pins
    Info: Implemented 31 output pins
    Info: Implemented 11584 logic cells
Info: Quartus II Analysis & Synthesis was successful. 0 errors, 10 warnings
    Info: Allocated 177 megabytes of memory during processing
    Info: Processing ended: Mon Aug 02 11:16:14 2010
    Info: Elapsed time: 00:02:13


