Analysis & Synthesis report for read_rabbit_184
Fri Jul 02 17:49:39 2010
Quartus II Version 7.1 Build 178 06/25/2007 Service Pack 1 SJ Full Version


---------------------
; Table of Contents ;
---------------------
  1. Legal Notice
  2. Analysis & Synthesis Summary
  3. Analysis & Synthesis Settings
  4. Analysis & Synthesis Source Files Read
  5. Analysis & Synthesis Resource Usage Summary
  6. Analysis & Synthesis Resource Utilization by Entity
  7. Registers Removed During Synthesis
  8. General Register Statistics
  9. Inverted Register Statistics
 10. Multiplexer Restructuring Statistics (Restructuring Performed)
 11. Analysis & Synthesis Messages
 12. Analysis & Synthesis Suppressed Messages



----------------
; Legal Notice ;
----------------
Copyright (C) 1991-2007 Altera Corporation
Your use of Altera Corporation's design tools, logic functions 
and other software and tools, and its AMPP partner logic 
functions, and any output files from any of the foregoing 
(including device programming or simulation files), and any 
associated documentation or information are expressly subject 
to the terms and conditions of the Altera Program License 
Subscription Agreement, Altera MegaCore Function License 
Agreement, or other applicable license agreement, including, 
without limitation, that your use is for the sole purpose of 
programming logic devices manufactured by Altera and sold by 
Altera or its authorized distributors.  Please refer to the 
applicable agreement for further details.



+------------------------------------------------------------------------------------+
; Analysis & Synthesis Summary                                                       ;
+------------------------------------+-----------------------------------------------+
; Analysis & Synthesis Status        ; Successful - Fri Jul 02 17:49:39 2010         ;
; Quartus II Version                 ; 7.1 Build 178 06/25/2007 SP 1 SJ Full Version ;
; Revision Name                      ; read_rabbit_184                               ;
; Top-level Entity Name              ; read_rabbit_184                               ;
; Family                             ; Cyclone II                                    ;
; Total logic elements               ; 987                                           ;
;     Total combinational functions  ; 987                                           ;
;     Dedicated logic registers      ; 457                                           ;
; Total registers                    ; 457                                           ;
; Total pins                         ; 79                                            ;
; Total virtual pins                 ; 0                                             ;
; Total memory bits                  ; 0                                             ;
; Embedded Multiplier 9-bit elements ; 0                                             ;
; Total PLLs                         ; 0                                             ;
+------------------------------------+-----------------------------------------------+


+--------------------------------------------------------------------------------------------------------------------------+
; Analysis & Synthesis Settings                                                                                            ;
+--------------------------------------------------------------------------------+--------------------+--------------------+
; Option                                                                         ; Setting            ; Default Value      ;
+--------------------------------------------------------------------------------+--------------------+--------------------+
; Device                                                                         ; EP2C35F672C6       ;                    ;
; Top-level entity name                                                          ; read_rabbit_184    ; read_rabbit_184    ;
; Family name                                                                    ; Cyclone II         ; Stratix II         ;
; Restructure Multiplexers                                                       ; Auto               ; Auto               ;
; Create Debugging Nodes for IP Cores                                            ; Off                ; Off                ;
; Preserve fewer node names                                                      ; On                 ; On                 ;
; Disable OpenCore Plus hardware evaluation                                      ; Off                ; Off                ;
; Verilog Version                                                                ; Verilog_2001       ; Verilog_2001       ;
; VHDL Version                                                                   ; VHDL93             ; VHDL93             ;
; State Machine Processing                                                       ; Auto               ; Auto               ;
; Safe State Machine                                                             ; Off                ; Off                ;
; Extract Verilog State Machines                                                 ; On                 ; On                 ;
; Extract VHDL State Machines                                                    ; On                 ; On                 ;
; Ignore Verilog initial constructs                                              ; Off                ; Off                ;
; Add Pass-Through Logic to Inferred RAMs                                        ; On                 ; On                 ;
; DSP Block Balancing                                                            ; Auto               ; Auto               ;
; NOT Gate Push-Back                                                             ; On                 ; On                 ;
; Power-Up Don't Care                                                            ; On                 ; On                 ;
; Remove Redundant Logic Cells                                                   ; Off                ; Off                ;
; Remove Duplicate Registers                                                     ; On                 ; On                 ;
; Ignore CARRY Buffers                                                           ; Off                ; Off                ;
; Ignore CASCADE Buffers                                                         ; Off                ; Off                ;
; Ignore GLOBAL Buffers                                                          ; Off                ; Off                ;
; Ignore ROW GLOBAL Buffers                                                      ; Off                ; Off                ;
; Ignore LCELL Buffers                                                           ; Off                ; Off                ;
; Ignore SOFT Buffers                                                            ; On                 ; On                 ;
; Limit AHDL Integers to 32 Bits                                                 ; Off                ; Off                ;
; Optimization Technique -- Cyclone II/Cyclone III                               ; Balanced           ; Balanced           ;
; Carry Chain Length -- Stratix/Stratix GX/Cyclone/MAX II/Cyclone II/Cyclone III ; 70                 ; 70                 ;
; Auto Carry Chains                                                              ; On                 ; On                 ;
; Auto Open-Drain Pins                                                           ; On                 ; On                 ;
; Perform WYSIWYG Primitive Resynthesis                                          ; Off                ; Off                ;
; Perform gate-level register retiming                                           ; Off                ; Off                ;
; Allow register retiming to trade off Tsu/Tco with Fmax                         ; On                 ; On                 ;
; Auto ROM Replacement                                                           ; On                 ; On                 ;
; Auto RAM Replacement                                                           ; On                 ; On                 ;
; Auto Shift Register Replacement                                                ; Auto               ; Auto               ;
; Auto Clock Enable Replacement                                                  ; On                 ; On                 ;
; Allow Synchronous Control Signals                                              ; On                 ; On                 ;
; Force Use of Synchronous Clear Signals                                         ; Off                ; Off                ;
; Auto RAM to Logic Cell Conversion                                              ; Off                ; Off                ;
; Auto Resource Sharing                                                          ; Off                ; Off                ;
; Allow Any RAM Size For Recognition                                             ; Off                ; Off                ;
; Allow Any ROM Size For Recognition                                             ; Off                ; Off                ;
; Allow Any Shift Register Size For Recognition                                  ; Off                ; Off                ;
; Ignore translate_off and synthesis_off directives                              ; Off                ; Off                ;
; Show Parameter Settings Tables in Synthesis Report                             ; On                 ; On                 ;
; Ignore Maximum Fan-Out Assignments                                             ; Off                ; Off                ;
; Retiming Meta-Stability Register Sequence Length                               ; 2                  ; 2                  ;
; PowerPlay Power Optimization                                                   ; Normal compilation ; Normal compilation ;
; HDL message level                                                              ; Level2             ; Level2             ;
; Suppress Register Optimization Related Messages                                ; Off                ; Off                ;
; Number of Removed Registers Reported in Synthesis Report                       ; 100                ; 100                ;
; Clock MUX Protection                                                           ; On                 ; On                 ;
; Use smart compilation                                                          ; Off                ; Off                ;
+--------------------------------------------------------------------------------+--------------------+--------------------+


+--------------------------------------------------------------------------------------------------------------------------------------+
; Analysis & Synthesis Source Files Read                                                                                               ;
+----------------------------------+-----------------+------------------------+--------------------------------------------------------+
; File Name with User-Entered Path ; Used in Netlist ; File Type              ; File Name with Absolute Path                           ;
+----------------------------------+-----------------+------------------------+--------------------------------------------------------+
; reader.v                         ; yes             ; User Verilog HDL File  ; C:/altera/71/quartus/read_rabbit_184/reader.v          ;
; read_rabbit_184.v                ; yes             ; User Verilog HDL File  ; C:/altera/71/quartus/read_rabbit_184/read_rabbit_184.v ;
; trigger.v                        ; yes             ; User Verilog HDL File  ; C:/altera/71/quartus/read_rabbit_184/trigger.v         ;
; converter.v                      ; yes             ; User Verilog HDL File  ; C:/altera/71/quartus/read_rabbit_184/converter.v       ;
+----------------------------------+-----------------+------------------------+--------------------------------------------------------+


+---------------------------------------------------------+
; Analysis & Synthesis Resource Usage Summary             ;
+---------------------------------------------+-----------+
; Resource                                    ; Usage     ;
+---------------------------------------------+-----------+
; Estimated Total logic elements              ; 987       ;
;                                             ;           ;
; Total combinational functions               ; 987       ;
; Logic element usage by number of LUT inputs ;           ;
;     -- 4 input functions                    ; 736       ;
;     -- 3 input functions                    ; 188       ;
;     -- <=2 input functions                  ; 63        ;
;                                             ;           ;
; Logic elements by mode                      ;           ;
;     -- normal mode                          ; 951       ;
;     -- arithmetic mode                      ; 36        ;
;                                             ;           ;
; Total registers                             ; 457       ;
;     -- Dedicated logic registers            ; 457       ;
;     -- I/O registers                        ; 0         ;
;                                             ;           ;
; I/O pins                                    ; 79        ;
; Maximum fan-out node                        ; SCLK_PE_3 ;
; Maximum fan-out                             ; 399       ;
; Total fan-out                               ; 4880      ;
; Average fan-out                             ; 3.20      ;
+---------------------------------------------+-----------+


+-----------------------------------------------------------------------------------------------------------------------------------------------------------------------------------------------+
; Analysis & Synthesis Resource Utilization by Entity                                                                                                                                           ;
+----------------------------+-------------------+--------------+-------------+--------------+---------+-----------+------+--------------+---------------------------------------+--------------+
; Compilation Hierarchy Node ; LC Combinationals ; LC Registers ; Memory Bits ; DSP Elements ; DSP 9x9 ; DSP 18x18 ; Pins ; Virtual Pins ; Full Hierarchy Name                   ; Library Name ;
+----------------------------+-------------------+--------------+-------------+--------------+---------+-----------+------+--------------+---------------------------------------+--------------+
; |read_rabbit_184           ; 987 (0)           ; 457 (0)      ; 0           ; 0            ; 0       ; 0         ; 79   ; 0            ; |read_rabbit_184                      ; work         ;
;    |converter:converting|  ; 689 (689)         ; 57 (57)      ; 0           ; 0            ; 0       ; 0         ; 0    ; 0            ; |read_rabbit_184|converter:converting ; work         ;
;    |reader:reading|        ; 297 (297)         ; 399 (399)    ; 0           ; 0            ; 0       ; 0         ; 0    ; 0            ; |read_rabbit_184|reader:reading       ; work         ;
;    |trigger:triggering|    ; 1 (1)             ; 1 (1)        ; 0           ; 0            ; 0       ; 0         ; 0    ; 0            ; |read_rabbit_184|trigger:triggering   ; work         ;
+----------------------------+-------------------+--------------+-------------+--------------+---------+-----------+------+--------------+---------------------------------------+--------------+
Note: For table entries with two numbers listed, the numbers in parentheses indicate the number of resources of the given type used by the specific entity alone. The numbers listed outside of parentheses indicate the total resources of the given type used by the specific entity and all of its sub-entities in the hierarchy.


+-----------------------------------------------------------------------------+
; Registers Removed During Synthesis                                          ;
+----------------------------------------+------------------------------------+
; Register name                          ; Reason for Removal                 ;
+----------------------------------------+------------------------------------+
; converting/LED_8bit[1..7]              ; Merged with converting/LED_8bit[0] ;
; reading/N[0]                           ; Merged with reading/M[0]           ;
; reading/N[1]                           ; Merged with reading/M[1]           ;
; reading/N[2]                           ; Merged with reading/M[2]           ;
; reading/N[3]                           ; Merged with reading/M[3]           ;
; reading/N[4]                           ; Merged with reading/M[4]           ;
; reading/N[5]                           ; Merged with reading/M[5]           ;
; reading/N[6]                           ; Merged with reading/M[6]           ;
; reading/N[7]                           ; Merged with reading/M[7]           ;
; reading/N[8]                           ; Merged with reading/M[8]           ;
; reading/N[9]                           ; Merged with reading/M[9]           ;
; reading/N[10]                          ; Merged with reading/M[10]          ;
; reading/N[11]                          ; Merged with reading/M[11]          ;
; reading/N[12]                          ; Merged with reading/M[12]          ;
; reading/N[13]                          ; Merged with reading/M[13]          ;
; reading/N[14]                          ; Merged with reading/M[14]          ;
; reading/N[15]                          ; Merged with reading/M[15]          ;
; reading/N[16]                          ; Merged with reading/M[16]          ;
; reading/N[17]                          ; Merged with reading/M[17]          ;
; reading/N[18]                          ; Merged with reading/M[18]          ;
; reading/N[19]                          ; Merged with reading/M[19]          ;
; reading/N[20]                          ; Merged with reading/M[20]          ;
; reading/N[21]                          ; Merged with reading/M[21]          ;
; reading/N[22]                          ; Merged with reading/M[22]          ;
; reading/N[23]                          ; Merged with reading/M[23]          ;
; reading/N[24]                          ; Merged with reading/M[24]          ;
; reading/N[25]                          ; Merged with reading/M[25]          ;
; reading/N[26]                          ; Merged with reading/M[26]          ;
; reading/N[27]                          ; Merged with reading/M[27]          ;
; reading/N[28]                          ; Merged with reading/M[28]          ;
; reading/N[29]                          ; Merged with reading/M[29]          ;
; reading/N[30]                          ; Merged with reading/M[30]          ;
; reading/N[31]                          ; Merged with reading/M[31]          ;
; Total Number of Removed Registers = 39 ;                                    ;
+----------------------------------------+------------------------------------+


+------------------------------------------------------+
; General Register Statistics                          ;
+----------------------------------------------+-------+
; Statistic                                    ; Value ;
+----------------------------------------------+-------+
; Total registers                              ; 457   ;
; Number of registers using Synchronous Clear  ; 32    ;
; Number of registers using Synchronous Load   ; 0     ;
; Number of registers using Asynchronous Clear ; 0     ;
; Number of registers using Asynchronous Load  ; 0     ;
; Number of registers using Clock Enable       ; 240   ;
; Number of registers using Preset             ; 0     ;
+----------------------------------------------+-------+


+------------------------------------------------------+
; Inverted Register Statistics                         ;
+--------------------------------------------+---------+
; Inverted Register                          ; Fan out ;
+--------------------------------------------+---------+
; converter:converting|HexDisplay_output[0]  ; 1       ;
; converter:converting|HexDisplay_output[1]  ; 1       ;
; converter:converting|HexDisplay_output[2]  ; 1       ;
; converter:converting|HexDisplay_output[3]  ; 1       ;
; converter:converting|HexDisplay_output[4]  ; 1       ;
; converter:converting|HexDisplay_output[5]  ; 1       ;
; converter:converting|HexDisplay_output[6]  ; 1       ;
; converter:converting|HexDisplay_output[7]  ; 1       ;
; converter:converting|HexDisplay_output[8]  ; 1       ;
; converter:converting|HexDisplay_output[9]  ; 1       ;
; converter:converting|HexDisplay_output[10] ; 1       ;
; converter:converting|HexDisplay_output[11] ; 1       ;
; converter:converting|HexDisplay_output[12] ; 1       ;
; converter:converting|HexDisplay_output[13] ; 1       ;
; converter:converting|HexDisplay_output[14] ; 1       ;
; converter:converting|HexDisplay_output[15] ; 1       ;
; converter:converting|HexDisplay_output[16] ; 1       ;
; converter:converting|HexDisplay_output[17] ; 1       ;
; converter:converting|HexDisplay_output[18] ; 1       ;
; converter:converting|HexDisplay_output[19] ; 1       ;
; converter:converting|HexDisplay_output[20] ; 1       ;
; converter:converting|HexDisplay_output[21] ; 1       ;
; converter:converting|HexDisplay_output[22] ; 1       ;
; converter:converting|HexDisplay_output[23] ; 1       ;
; converter:converting|HexDisplay_output[24] ; 1       ;
; converter:converting|HexDisplay_output[25] ; 1       ;
; converter:converting|HexDisplay_output[26] ; 1       ;
; converter:converting|HexDisplay_output[27] ; 1       ;
; converter:converting|HexDisplay_output[28] ; 1       ;
; converter:converting|HexDisplay_output[29] ; 1       ;
; converter:converting|HexDisplay_output[30] ; 1       ;
; converter:converting|HexDisplay_output[31] ; 1       ;
; converter:converting|HexDisplay_output[32] ; 1       ;
; converter:converting|HexDisplay_output[33] ; 1       ;
; converter:converting|HexDisplay_output[34] ; 1       ;
; converter:converting|HexDisplay_output[35] ; 1       ;
; converter:converting|HexDisplay_output[36] ; 1       ;
; converter:converting|HexDisplay_output[37] ; 1       ;
; converter:converting|HexDisplay_output[38] ; 1       ;
; converter:converting|HexDisplay_output[39] ; 1       ;
; converter:converting|HexDisplay_output[40] ; 1       ;
; converter:converting|HexDisplay_output[41] ; 1       ;
; Total number of inverted registers = 42    ;         ;
+--------------------------------------------+---------+


+---------------------------------------------------------------------------------------------------------------------------------------------------------------------------+
; Multiplexer Restructuring Statistics (Restructuring Performed)                                                                                                            ;
+--------------------+-----------+---------------+----------------------+------------------------+------------+-------------------------------------------------------------+
; Multiplexer Inputs ; Bus Width ; Baseline Area ; Area if Restructured ; Saving if Restructured ; Registered ; Example Multiplexer Output                                  ;
+--------------------+-----------+---------------+----------------------+------------------------+------------+-------------------------------------------------------------+
; 16:1               ; 2 bits    ; 20 LEs        ; 14 LEs               ; 6 LEs                  ; Yes        ; |read_rabbit_184|converter:converting|HexDisplay_output[55] ;
; 17:1               ; 2 bits    ; 22 LEs        ; 14 LEs               ; 8 LEs                  ; Yes        ; |read_rabbit_184|converter:converting|HexDisplay_output[46] ;
; 16:1               ; 2 bits    ; 20 LEs        ; 12 LEs               ; 8 LEs                  ; Yes        ; |read_rabbit_184|converter:converting|HexDisplay_output[4]  ;
; 17:1               ; 2 bits    ; 22 LEs        ; 14 LEs               ; 8 LEs                  ; Yes        ; |read_rabbit_184|converter:converting|HexDisplay_output[41] ;
; 17:1               ; 2 bits    ; 22 LEs        ; 14 LEs               ; 8 LEs                  ; Yes        ; |read_rabbit_184|converter:converting|HexDisplay_output[34] ;
; 17:1               ; 2 bits    ; 22 LEs        ; 14 LEs               ; 8 LEs                  ; Yes        ; |read_rabbit_184|converter:converting|HexDisplay_output[27] ;
; 17:1               ; 2 bits    ; 22 LEs        ; 14 LEs               ; 8 LEs                  ; Yes        ; |read_rabbit_184|converter:converting|HexDisplay_output[18] ;
; 17:1               ; 2 bits    ; 22 LEs        ; 14 LEs               ; 8 LEs                  ; Yes        ; |read_rabbit_184|converter:converting|HexDisplay_output[13] ;
; 26:1               ; 8 bits    ; 136 LEs       ; 128 LEs              ; 8 LEs                  ; No         ; |read_rabbit_184|converter:converting|BYTE3~19              ;
; 12:1               ; 8 bits    ; 64 LEs        ; 64 LEs               ; 0 LEs                  ; No         ; |read_rabbit_184|converter:converting|Mux1                  ;
; 14:1               ; 8 bits    ; 72 LEs        ; 64 LEs               ; 8 LEs                  ; No         ; |read_rabbit_184|converter:converting|BYTE2~8               ;
; 24:1               ; 8 bits    ; 128 LEs       ; 128 LEs              ; 0 LEs                  ; No         ; |read_rabbit_184|converter:converting|BYTE1~2               ;
+--------------------+-----------+---------------+----------------------+------------------------+------------+-------------------------------------------------------------+


+-------------------------------+
; Analysis & Synthesis Messages ;
+-------------------------------+
Info: *******************************************************************
Info: Running Quartus II Analysis & Synthesis
    Info: Version 7.1 Build 178 06/25/2007 Service Pack 1 SJ Full Version
    Info: Processing started: Fri Jul 02 17:49:22 2010
Info: Command: quartus_map --read_settings_files=on --write_settings_files=off read_rabbit_184 -c read_rabbit_184
Info: Found 1 design units, including 1 entities, in source file reader.v
    Info: Found entity 1: reader
Info: Found 1 design units, including 1 entities, in source file read_rabbit_184.v
    Info: Found entity 1: read_rabbit_184
Info: Found 1 design units, including 1 entities, in source file trigger.v
    Info: Found entity 1: trigger
Info: Found 1 design units, including 1 entities, in source file converter.v
    Info: Found entity 1: converter
Info: Elaborating entity "read_rabbit_184" for the top level hierarchy
Info: Elaborating entity "trigger" for hierarchy "trigger:triggering"
Info: Elaborating entity "reader" for hierarchy "reader:reading"
Info: Elaborating entity "converter" for hierarchy "converter:converting"
Warning (10230): Verilog HDL assignment warning at converter.v(70): truncated value with size 32 to match size of target (8)
Warning (10230): Verilog HDL assignment warning at converter.v(118): truncated value with size 32 to match size of target (4)
Warning (10230): Verilog HDL assignment warning at converter.v(123): truncated value with size 32 to match size of target (4)
Warning (10230): Verilog HDL assignment warning at converter.v(128): truncated value with size 32 to match size of target (4)
Warning (10230): Verilog HDL assignment warning at converter.v(133): truncated value with size 32 to match size of target (4)
Warning (10230): Verilog HDL assignment warning at converter.v(138): truncated value with size 32 to match size of target (4)
Warning (10230): Verilog HDL assignment warning at converter.v(143): truncated value with size 32 to match size of target (4)
Warning (10230): Verilog HDL assignment warning at converter.v(148): truncated value with size 32 to match size of target (4)
Warning (10230): Verilog HDL assignment warning at converter.v(153): truncated value with size 32 to match size of target (4)
Info: Duplicate registers merged to single register
    Info: Duplicate register "converter:converting|LED_8bit[7]" merged to single register "converter:converting|LED_8bit[0]"
    Info: Duplicate register "converter:converting|LED_8bit[6]" merged to single register "converter:converting|LED_8bit[0]"
    Info: Duplicate register "converter:converting|LED_8bit[5]" merged to single register "converter:converting|LED_8bit[0]"
    Info: Duplicate register "converter:converting|LED_8bit[4]" merged to single register "converter:converting|LED_8bit[0]"
    Info: Duplicate register "converter:converting|LED_8bit[3]" merged to single register "converter:converting|LED_8bit[0]"
    Info: Duplicate register "converter:converting|LED_8bit[2]" merged to single register "converter:converting|LED_8bit[0]"
    Info: Duplicate register "converter:converting|LED_8bit[1]" merged to single register "converter:converting|LED_8bit[0]"
Info: Duplicate registers merged to single register
    Info: Duplicate register "reader:reading|N[0]" merged to single register "reader:reading|M[0]"
    Info: Duplicate register "reader:reading|N[1]" merged to single register "reader:reading|M[1]"
    Info: Duplicate register "reader:reading|N[2]" merged to single register "reader:reading|M[2]"
    Info: Duplicate register "reader:reading|N[3]" merged to single register "reader:reading|M[3]"
    Info: Duplicate register "reader:reading|N[4]" merged to single register "reader:reading|M[4]"
    Info: Duplicate register "reader:reading|N[5]" merged to single register "reader:reading|M[5]"
    Info: Duplicate register "reader:reading|N[6]" merged to single register "reader:reading|M[6]"
    Info: Duplicate register "reader:reading|N[7]" merged to single register "reader:reading|M[7]"
    Info: Duplicate register "reader:reading|N[8]" merged to single register "reader:reading|M[8]"
    Info: Duplicate register "reader:reading|N[9]" merged to single register "reader:reading|M[9]"
    Info: Duplicate register "reader:reading|N[10]" merged to single register "reader:reading|M[10]"
    Info: Duplicate register "reader:reading|N[11]" merged to single register "reader:reading|M[11]"
    Info: Duplicate register "reader:reading|N[12]" merged to single register "reader:reading|M[12]"
    Info: Duplicate register "reader:reading|N[13]" merged to single register "reader:reading|M[13]"
    Info: Duplicate register "reader:reading|N[14]" merged to single register "reader:reading|M[14]"
    Info: Duplicate register "reader:reading|N[15]" merged to single register "reader:reading|M[15]"
    Info: Duplicate register "reader:reading|N[16]" merged to single register "reader:reading|M[16]"
    Info: Duplicate register "reader:reading|N[17]" merged to single register "reader:reading|M[17]"
    Info: Duplicate register "reader:reading|N[18]" merged to single register "reader:reading|M[18]"
    Info: Duplicate register "reader:reading|N[19]" merged to single register "reader:reading|M[19]"
Info: Duplicate registers merged to single register
    Info: Duplicate register "reader:reading|N[20]" merged to single register "reader:reading|M[20]"
    Info: Duplicate register "reader:reading|N[21]" merged to single register "reader:reading|M[21]"
    Info: Duplicate register "reader:reading|N[22]" merged to single register "reader:reading|M[22]"
    Info: Duplicate register "reader:reading|N[23]" merged to single register "reader:reading|M[23]"
    Info: Duplicate register "reader:reading|N[24]" merged to single register "reader:reading|M[24]"
    Info: Duplicate register "reader:reading|N[25]" merged to single register "reader:reading|M[25]"
    Info: Duplicate register "reader:reading|N[26]" merged to single register "reader:reading|M[26]"
    Info: Duplicate register "reader:reading|N[27]" merged to single register "reader:reading|M[27]"
    Info: Duplicate register "reader:reading|N[28]" merged to single register "reader:reading|M[28]"
    Info: Duplicate register "reader:reading|N[29]" merged to single register "reader:reading|M[29]"
    Info: Duplicate register "reader:reading|N[30]" merged to single register "reader:reading|M[30]"
    Info: Duplicate register "reader:reading|N[31]" merged to single register "reader:reading|M[31]"
Info: Generated suppressed messages file C:/altera/71/quartus/read_rabbit_184/read_rabbit_184.map.smsg
Info: Implemented 1250 device resources after synthesis - the final resource count might be different
    Info: Implemented 14 input pins
    Info: Implemented 65 output pins
    Info: Implemented 1171 logic cells
Info: Quartus II Analysis & Synthesis was successful. 0 errors, 9 warnings
    Info: Allocated 146 megabytes of memory during processing
    Info: Processing ended: Fri Jul 02 17:49:39 2010
    Info: Elapsed time: 00:00:17


+------------------------------------------+
; Analysis & Synthesis Suppressed Messages ;
+------------------------------------------+
The suppressed messages can be found in C:/altera/71/quartus/read_rabbit_184/read_rabbit_184.map.smsg.


