Analysis & Synthesis report for selection_storer
Tue Jun 22 14:45:42 2010
Quartus II Version 7.1 Build 178 06/25/2007 Service Pack 1 SJ Full Version


---------------------
; Table of Contents ;
---------------------
  1. Legal Notice
  2. Analysis & Synthesis Summary
  3. Analysis & Synthesis Settings
  4. Analysis & Synthesis Source Files Read
  5. Analysis & Synthesis Resource Usage Summary
  6. Analysis & Synthesis Resource Utilization by Entity
  7. Registers Removed During Synthesis
  8. General Register Statistics
  9. Multiplexer Restructuring Statistics (Restructuring Performed)
 10. Parameter Settings for User Entity Instance: Hex_displayer:Hex_displaying
 11. Parameter Settings for Inferred Entity Instance: Hex_displayer:Hex_displaying|lpm_divide:Mod0
 12. Parameter Settings for Inferred Entity Instance: Hex_displayer:Hex_displaying|lpm_divide:Div0
 13. Parameter Settings for Inferred Entity Instance: Hex_displayer:Hex_displaying|lpm_divide:Div1
 14. Parameter Settings for Inferred Entity Instance: Hex_displayer:Hex_displaying|lpm_divide:Div2
 15. Parameter Settings for Inferred Entity Instance: Hex_displayer:Hex_displaying|lpm_divide:Mod3
 16. Parameter Settings for Inferred Entity Instance: Hex_displayer:Hex_displaying|lpm_divide:Mod2
 17. Parameter Settings for Inferred Entity Instance: Hex_displayer:Hex_displaying|lpm_divide:Mod1
 18. Analysis & Synthesis Messages



----------------
; Legal Notice ;
----------------
Copyright (C) 1991-2007 Altera Corporation
Your use of Altera Corporation's design tools, logic functions 
and other software and tools, and its AMPP partner logic 
functions, and any output files from any of the foregoing 
(including device programming or simulation files), and any 
associated documentation or information are expressly subject 
to the terms and conditions of the Altera Program License 
Subscription Agreement, Altera MegaCore Function License 
Agreement, or other applicable license agreement, including, 
without limitation, that your use is for the sole purpose of 
programming logic devices manufactured by Altera and sold by 
Altera or its authorized distributors.  Please refer to the 
applicable agreement for further details.



+------------------------------------------------------------------------------------+
; Analysis & Synthesis Summary                                                       ;
+------------------------------------+-----------------------------------------------+
; Analysis & Synthesis Status        ; Successful - Tue Jun 22 14:45:42 2010         ;
; Quartus II Version                 ; 7.1 Build 178 06/25/2007 SP 1 SJ Full Version ;
; Revision Name                      ; selection_storer                              ;
; Top-level Entity Name              ; selection_storer                              ;
; Family                             ; Cyclone II                                    ;
; Total logic elements               ; 729                                           ;
;     Total combinational functions  ; 729                                           ;
;     Dedicated logic registers      ; 145                                           ;
; Total registers                    ; 145                                           ;
; Total pins                         ; 85                                            ;
; Total virtual pins                 ; 0                                             ;
; Total memory bits                  ; 0                                             ;
; Embedded Multiplier 9-bit elements ; 0                                             ;
; Total PLLs                         ; 0                                             ;
+------------------------------------+-----------------------------------------------+


+--------------------------------------------------------------------------------------------------------------------------+
; Analysis & Synthesis Settings                                                                                            ;
+--------------------------------------------------------------------------------+--------------------+--------------------+
; Option                                                                         ; Setting            ; Default Value      ;
+--------------------------------------------------------------------------------+--------------------+--------------------+
; Device                                                                         ; EP2C35F672C6       ;                    ;
; Top-level entity name                                                          ; selection_storer   ; selection_storer   ;
; Family name                                                                    ; Cyclone II         ; Stratix II         ;
; Restructure Multiplexers                                                       ; Auto               ; Auto               ;
; Create Debugging Nodes for IP Cores                                            ; Off                ; Off                ;
; Preserve fewer node names                                                      ; On                 ; On                 ;
; Disable OpenCore Plus hardware evaluation                                      ; Off                ; Off                ;
; Verilog Version                                                                ; Verilog_2001       ; Verilog_2001       ;
; VHDL Version                                                                   ; VHDL93             ; VHDL93             ;
; State Machine Processing                                                       ; Auto               ; Auto               ;
; Safe State Machine                                                             ; Off                ; Off                ;
; Extract Verilog State Machines                                                 ; On                 ; On                 ;
; Extract VHDL State Machines                                                    ; On                 ; On                 ;
; Ignore Verilog initial constructs                                              ; Off                ; Off                ;
; Add Pass-Through Logic to Inferred RAMs                                        ; On                 ; On                 ;
; DSP Block Balancing                                                            ; Auto               ; Auto               ;
; NOT Gate Push-Back                                                             ; On                 ; On                 ;
; Power-Up Don't Care                                                            ; On                 ; On                 ;
; Remove Redundant Logic Cells                                                   ; Off                ; Off                ;
; Remove Duplicate Registers                                                     ; On                 ; On                 ;
; Ignore CARRY Buffers                                                           ; Off                ; Off                ;
; Ignore CASCADE Buffers                                                         ; Off                ; Off                ;
; Ignore GLOBAL Buffers                                                          ; Off                ; Off                ;
; Ignore ROW GLOBAL Buffers                                                      ; Off                ; Off                ;
; Ignore LCELL Buffers                                                           ; Off                ; Off                ;
; Ignore SOFT Buffers                                                            ; On                 ; On                 ;
; Limit AHDL Integers to 32 Bits                                                 ; Off                ; Off                ;
; Optimization Technique -- Cyclone II/Cyclone III                               ; Balanced           ; Balanced           ;
; Carry Chain Length -- Stratix/Stratix GX/Cyclone/MAX II/Cyclone II/Cyclone III ; 70                 ; 70                 ;
; Auto Carry Chains                                                              ; On                 ; On                 ;
; Auto Open-Drain Pins                                                           ; On                 ; On                 ;
; Perform WYSIWYG Primitive Resynthesis                                          ; Off                ; Off                ;
; Perform gate-level register retiming                                           ; Off                ; Off                ;
; Allow register retiming to trade off Tsu/Tco with Fmax                         ; On                 ; On                 ;
; Auto ROM Replacement                                                           ; On                 ; On                 ;
; Auto RAM Replacement                                                           ; On                 ; On                 ;
; Auto Shift Register Replacement                                                ; Auto               ; Auto               ;
; Auto Clock Enable Replacement                                                  ; On                 ; On                 ;
; Allow Synchronous Control Signals                                              ; On                 ; On                 ;
; Force Use of Synchronous Clear Signals                                         ; Off                ; Off                ;
; Auto RAM to Logic Cell Conversion                                              ; Off                ; Off                ;
; Auto Resource Sharing                                                          ; Off                ; Off                ;
; Allow Any RAM Size For Recognition                                             ; Off                ; Off                ;
; Allow Any ROM Size For Recognition                                             ; Off                ; Off                ;
; Allow Any Shift Register Size For Recognition                                  ; Off                ; Off                ;
; Ignore translate_off and synthesis_off directives                              ; Off                ; Off                ;
; Show Parameter Settings Tables in Synthesis Report                             ; On                 ; On                 ;
; Ignore Maximum Fan-Out Assignments                                             ; Off                ; Off                ;
; Retiming Meta-Stability Register Sequence Length                               ; 2                  ; 2                  ;
; PowerPlay Power Optimization                                                   ; Normal compilation ; Normal compilation ;
; HDL message level                                                              ; Level2             ; Level2             ;
; Suppress Register Optimization Related Messages                                ; Off                ; Off                ;
; Number of Removed Registers Reported in Synthesis Report                       ; 100                ; 100                ;
; Clock MUX Protection                                                           ; On                 ; On                 ;
; Use smart compilation                                                          ; Off                ; Off                ;
+--------------------------------------------------------------------------------+--------------------+--------------------+


+------------------------------------------------------------------------------------------------------------------------------------------------------+
; Analysis & Synthesis Source Files Read                                                                                                               ;
+----------------------------------+-----------------+------------------------------+------------------------------------------------------------------+
; File Name with User-Entered Path ; Used in Netlist ; File Type                    ; File Name with Absolute Path                                     ;
+----------------------------------+-----------------+------------------------------+------------------------------------------------------------------+
; selection_storer.v               ; yes             ; User Verilog HDL File        ; C:/altera/71/quartus/selection_storer/selection_storer.v         ;
; clock_maker.v                    ; yes             ; User Verilog HDL File        ; C:/altera/71/quartus/selection_storer/clock_maker.v              ;
; Hex_displayer.v                  ; yes             ; User Verilog HDL File        ; C:/altera/71/quartus/selection_storer/Hex_displayer.v            ;
; data_switch_send.v               ; yes             ; User Verilog HDL File        ; C:/altera/71/quartus/selection_storer/data_switch_send.v         ;
; trigger_program.v                ; yes             ; User Verilog HDL File        ; C:/altera/71/quartus/selection_storer/trigger_program.v          ;
; data_read_write.v                ; yes             ; User Verilog HDL File        ; C:/altera/71/quartus/selection_storer/data_read_write.v          ;
; lpm_divide.tdf                   ; yes             ; Megafunction                 ; c:/altera/71/quartus/libraries/megafunctions/lpm_divide.tdf      ;
; abs_divider.inc                  ; yes             ; Megafunction                 ; c:/altera/71/quartus/libraries/megafunctions/abs_divider.inc     ;
; sign_div_unsign.inc              ; yes             ; Megafunction                 ; c:/altera/71/quartus/libraries/megafunctions/sign_div_unsign.inc ;
; aglobal71.inc                    ; yes             ; Megafunction                 ; c:/altera/71/quartus/libraries/megafunctions/aglobal71.inc       ;
; db/lpm_divide_f6m.tdf            ; yes             ; Auto-Generated Megafunction  ; C:/altera/71/quartus/selection_storer/db/lpm_divide_f6m.tdf      ;
; db/sign_div_unsign_mlh.tdf       ; yes             ; Auto-Generated Megafunction  ; C:/altera/71/quartus/selection_storer/db/sign_div_unsign_mlh.tdf ;
; db/alt_u_div_e2f.tdf             ; yes             ; Auto-Generated Megafunction  ; C:/altera/71/quartus/selection_storer/db/alt_u_div_e2f.tdf       ;
; db/add_sub_lkc.tdf               ; yes             ; Auto-Generated Megafunction  ; C:/altera/71/quartus/selection_storer/db/add_sub_lkc.tdf         ;
; db/add_sub_mkc.tdf               ; yes             ; Auto-Generated Megafunction  ; C:/altera/71/quartus/selection_storer/db/add_sub_mkc.tdf         ;
; db/lpm_divide_cem.tdf            ; yes             ; Auto-Generated Megafunction  ; C:/altera/71/quartus/selection_storer/db/lpm_divide_cem.tdf      ;
+----------------------------------+-----------------+------------------------------+------------------------------------------------------------------+


+--------------------------------------------------------------------------------------+
; Analysis & Synthesis Resource Usage Summary                                          ;
+---------------------------------------------+----------------------------------------+
; Resource                                    ; Usage                                  ;
+---------------------------------------------+----------------------------------------+
; Estimated Total logic elements              ; 729                                    ;
;                                             ;                                        ;
; Total combinational functions               ; 729                                    ;
; Logic element usage by number of LUT inputs ;                                        ;
;     -- 4 input functions                    ; 194                                    ;
;     -- 3 input functions                    ; 150                                    ;
;     -- <=2 input functions                  ; 385                                    ;
;                                             ;                                        ;
; Logic elements by mode                      ;                                        ;
;     -- normal mode                          ; 503                                    ;
;     -- arithmetic mode                      ; 226                                    ;
;                                             ;                                        ;
; Total registers                             ; 145                                    ;
;     -- Dedicated logic registers            ; 145                                    ;
;     -- I/O registers                        ; 0                                      ;
;                                             ;                                        ;
; I/O pins                                    ; 85                                     ;
; Maximum fan-out node                        ; clock_maker:clock_making|TenMHz_output ;
; Maximum fan-out                             ; 72                                     ;
; Total fan-out                               ; 2362                                   ;
; Average fan-out                             ; 2.46                                   ;
+---------------------------------------------+----------------------------------------+


+-----------------------------------------------------------------------------------------------------------------------------------------------------------------------------------------------------------------------------------------------------------------------------------------------------------------------+
; Analysis & Synthesis Resource Utilization by Entity                                                                                                                                                                                                                                                                   ;
+-------------------------------------------+-------------------+--------------+-------------+--------------+---------+-----------+------+--------------+------------------------------------------------------------------------------------------------------------------------------------------------+--------------+
; Compilation Hierarchy Node                ; LC Combinationals ; LC Registers ; Memory Bits ; DSP Elements ; DSP 9x9 ; DSP 18x18 ; Pins ; Virtual Pins ; Full Hierarchy Name                                                                                                                            ; Library Name ;
+-------------------------------------------+-------------------+--------------+-------------+--------------+---------+-----------+------+--------------+------------------------------------------------------------------------------------------------------------------------------------------------+--------------+
; |selection_storer                         ; 729 (0)           ; 145 (0)      ; 0           ; 0            ; 0       ; 0         ; 85   ; 0            ; |selection_storer                                                                                                                              ; work         ;
;    |Hex_displayer:Hex_displaying|         ; 499 (54)          ; 0 (0)        ; 0           ; 0            ; 0       ; 0         ; 0    ; 0            ; |selection_storer|Hex_displayer:Hex_displaying                                                                                                 ; work         ;
;       |lpm_divide:Div0|                   ; 108 (0)           ; 0 (0)        ; 0           ; 0            ; 0       ; 0         ; 0    ; 0            ; |selection_storer|Hex_displayer:Hex_displaying|lpm_divide:Div0                                                                                 ; work         ;
;          |lpm_divide_cem:auto_generated|  ; 108 (0)           ; 0 (0)        ; 0           ; 0            ; 0       ; 0         ; 0    ; 0            ; |selection_storer|Hex_displayer:Hex_displaying|lpm_divide:Div0|lpm_divide_cem:auto_generated                                                   ; work         ;
;             |sign_div_unsign_mlh:divider| ; 108 (0)           ; 0 (0)        ; 0           ; 0            ; 0       ; 0         ; 0    ; 0            ; |selection_storer|Hex_displayer:Hex_displaying|lpm_divide:Div0|lpm_divide_cem:auto_generated|sign_div_unsign_mlh:divider                       ; work         ;
;                |alt_u_div_e2f:divider|    ; 108 (108)         ; 0 (0)        ; 0           ; 0            ; 0       ; 0         ; 0    ; 0            ; |selection_storer|Hex_displayer:Hex_displaying|lpm_divide:Div0|lpm_divide_cem:auto_generated|sign_div_unsign_mlh:divider|alt_u_div_e2f:divider ; work         ;
;       |lpm_divide:Div1|                   ; 75 (0)            ; 0 (0)        ; 0           ; 0            ; 0       ; 0         ; 0    ; 0            ; |selection_storer|Hex_displayer:Hex_displaying|lpm_divide:Div1                                                                                 ; work         ;
;          |lpm_divide_cem:auto_generated|  ; 75 (0)            ; 0 (0)        ; 0           ; 0            ; 0       ; 0         ; 0    ; 0            ; |selection_storer|Hex_displayer:Hex_displaying|lpm_divide:Div1|lpm_divide_cem:auto_generated                                                   ; work         ;
;             |sign_div_unsign_mlh:divider| ; 75 (0)            ; 0 (0)        ; 0           ; 0            ; 0       ; 0         ; 0    ; 0            ; |selection_storer|Hex_displayer:Hex_displaying|lpm_divide:Div1|lpm_divide_cem:auto_generated|sign_div_unsign_mlh:divider                       ; work         ;
;                |alt_u_div_e2f:divider|    ; 75 (75)           ; 0 (0)        ; 0           ; 0            ; 0       ; 0         ; 0    ; 0            ; |selection_storer|Hex_displayer:Hex_displaying|lpm_divide:Div1|lpm_divide_cem:auto_generated|sign_div_unsign_mlh:divider|alt_u_div_e2f:divider ; work         ;
;       |lpm_divide:Div2|                   ; 33 (0)            ; 0 (0)        ; 0           ; 0            ; 0       ; 0         ; 0    ; 0            ; |selection_storer|Hex_displayer:Hex_displaying|lpm_divide:Div2                                                                                 ; work         ;
;          |lpm_divide_cem:auto_generated|  ; 33 (0)            ; 0 (0)        ; 0           ; 0            ; 0       ; 0         ; 0    ; 0            ; |selection_storer|Hex_displayer:Hex_displaying|lpm_divide:Div2|lpm_divide_cem:auto_generated                                                   ; work         ;
;             |sign_div_unsign_mlh:divider| ; 33 (0)            ; 0 (0)        ; 0           ; 0            ; 0       ; 0         ; 0    ; 0            ; |selection_storer|Hex_displayer:Hex_displaying|lpm_divide:Div2|lpm_divide_cem:auto_generated|sign_div_unsign_mlh:divider                       ; work         ;
;                |alt_u_div_e2f:divider|    ; 33 (33)           ; 0 (0)        ; 0           ; 0            ; 0       ; 0         ; 0    ; 0            ; |selection_storer|Hex_displayer:Hex_displaying|lpm_divide:Div2|lpm_divide_cem:auto_generated|sign_div_unsign_mlh:divider|alt_u_div_e2f:divider ; work         ;
;       |lpm_divide:Mod0|                   ; 111 (0)           ; 0 (0)        ; 0           ; 0            ; 0       ; 0         ; 0    ; 0            ; |selection_storer|Hex_displayer:Hex_displaying|lpm_divide:Mod0                                                                                 ; work         ;
;          |lpm_divide_f6m:auto_generated|  ; 111 (0)           ; 0 (0)        ; 0           ; 0            ; 0       ; 0         ; 0    ; 0            ; |selection_storer|Hex_displayer:Hex_displaying|lpm_divide:Mod0|lpm_divide_f6m:auto_generated                                                   ; work         ;
;             |sign_div_unsign_mlh:divider| ; 111 (0)           ; 0 (0)        ; 0           ; 0            ; 0       ; 0         ; 0    ; 0            ; |selection_storer|Hex_displayer:Hex_displaying|lpm_divide:Mod0|lpm_divide_f6m:auto_generated|sign_div_unsign_mlh:divider                       ; work         ;
;                |alt_u_div_e2f:divider|    ; 111 (111)         ; 0 (0)        ; 0           ; 0            ; 0       ; 0         ; 0    ; 0            ; |selection_storer|Hex_displayer:Hex_displaying|lpm_divide:Mod0|lpm_divide_f6m:auto_generated|sign_div_unsign_mlh:divider|alt_u_div_e2f:divider ; work         ;
;       |lpm_divide:Mod1|                   ; 80 (0)            ; 0 (0)        ; 0           ; 0            ; 0       ; 0         ; 0    ; 0            ; |selection_storer|Hex_displayer:Hex_displaying|lpm_divide:Mod1                                                                                 ; work         ;
;          |lpm_divide_f6m:auto_generated|  ; 80 (0)            ; 0 (0)        ; 0           ; 0            ; 0       ; 0         ; 0    ; 0            ; |selection_storer|Hex_displayer:Hex_displaying|lpm_divide:Mod1|lpm_divide_f6m:auto_generated                                                   ; work         ;
;             |sign_div_unsign_mlh:divider| ; 80 (0)            ; 0 (0)        ; 0           ; 0            ; 0       ; 0         ; 0    ; 0            ; |selection_storer|Hex_displayer:Hex_displaying|lpm_divide:Mod1|lpm_divide_f6m:auto_generated|sign_div_unsign_mlh:divider                       ; work         ;
;                |alt_u_div_e2f:divider|    ; 80 (80)           ; 0 (0)        ; 0           ; 0            ; 0       ; 0         ; 0    ; 0            ; |selection_storer|Hex_displayer:Hex_displaying|lpm_divide:Mod1|lpm_divide_f6m:auto_generated|sign_div_unsign_mlh:divider|alt_u_div_e2f:divider ; work         ;
;       |lpm_divide:Mod2|                   ; 38 (0)            ; 0 (0)        ; 0           ; 0            ; 0       ; 0         ; 0    ; 0            ; |selection_storer|Hex_displayer:Hex_displaying|lpm_divide:Mod2                                                                                 ; work         ;
;          |lpm_divide_f6m:auto_generated|  ; 38 (0)            ; 0 (0)        ; 0           ; 0            ; 0       ; 0         ; 0    ; 0            ; |selection_storer|Hex_displayer:Hex_displaying|lpm_divide:Mod2|lpm_divide_f6m:auto_generated                                                   ; work         ;
;             |sign_div_unsign_mlh:divider| ; 38 (0)            ; 0 (0)        ; 0           ; 0            ; 0       ; 0         ; 0    ; 0            ; |selection_storer|Hex_displayer:Hex_displaying|lpm_divide:Mod2|lpm_divide_f6m:auto_generated|sign_div_unsign_mlh:divider                       ; work         ;
;                |alt_u_div_e2f:divider|    ; 38 (38)           ; 0 (0)        ; 0           ; 0            ; 0       ; 0         ; 0    ; 0            ; |selection_storer|Hex_displayer:Hex_displaying|lpm_divide:Mod2|lpm_divide_f6m:auto_generated|sign_div_unsign_mlh:divider|alt_u_div_e2f:divider ; work         ;
;    |clock_maker:clock_making|             ; 1 (1)             ; 4 (4)        ; 0           ; 0            ; 0       ; 0         ; 0    ; 0            ; |selection_storer|clock_maker:clock_making                                                                                                     ; work         ;
;    |data_read_write:data_reading_writing| ; 103 (103)         ; 68 (68)      ; 0           ; 0            ; 0       ; 0         ; 0    ; 0            ; |selection_storer|data_read_write:data_reading_writing                                                                                         ; work         ;
;    |data_switch_send:data_switch_sending| ; 124 (124)         ; 71 (71)      ; 0           ; 0            ; 0       ; 0         ; 0    ; 0            ; |selection_storer|data_switch_send:data_switch_sending                                                                                         ; work         ;
;    |trigger_program:trigger_programming|  ; 2 (2)             ; 2 (2)        ; 0           ; 0            ; 0       ; 0         ; 0    ; 0            ; |selection_storer|trigger_program:trigger_programming                                                                                          ; work         ;
+-------------------------------------------+-------------------+--------------+-------------+--------------+---------+-----------+------+--------------+------------------------------------------------------------------------------------------------------------------------------------------------+--------------+
Note: For table entries with two numbers listed, the numbers in parentheses indicate the number of resources of the given type used by the specific entity alone. The numbers listed outside of parentheses indicate the total resources of the given type used by the specific entity and all of its sub-entities in the hierarchy.


+-----------------------------------------------------------------------------------+
; Registers Removed During Synthesis                                                ;
+---------------------------------------+-------------------------------------------+
; Register name                         ; Reason for Removal                        ;
+---------------------------------------+-------------------------------------------+
; data_switch_sending/clock_counter[0]  ; Merged with clock_making/clock_counter[0] ;
; data_switch_sending/clock_counter[1]  ; Merged with clock_making/clock_counter[1] ;
; data_switch_sending/clock_counter[2]  ; Merged with clock_making/clock_counter[2] ;
; data_switch_sending/ten_MHz_synch     ; Merged with clock_making/TenMHz_output    ;
; Total Number of Removed Registers = 4 ;                                           ;
+---------------------------------------+-------------------------------------------+


+------------------------------------------------------+
; General Register Statistics                          ;
+----------------------------------------------+-------+
; Statistic                                    ; Value ;
+----------------------------------------------+-------+
; Total registers                              ; 145   ;
; Number of registers using Synchronous Clear  ; 64    ;
; Number of registers using Synchronous Load   ; 0     ;
; Number of registers using Asynchronous Clear ; 0     ;
; Number of registers using Asynchronous Load  ; 0     ;
; Number of registers using Clock Enable       ; 76    ;
; Number of registers using Preset             ; 0     ;
+----------------------------------------------+-------+


+----------------------------------------------------------------------------------------------------------------------------------------------------------------------------------------+
; Multiplexer Restructuring Statistics (Restructuring Performed)                                                                                                                         ;
+--------------------+-----------+---------------+----------------------+------------------------+------------+--------------------------------------------------------------------------+
; Multiplexer Inputs ; Bus Width ; Baseline Area ; Area if Restructured ; Saving if Restructured ; Registered ; Example Multiplexer Output                                               ;
+--------------------+-----------+---------------+----------------------+------------------------+------------+--------------------------------------------------------------------------+
; 3:1                ; 12 bits   ; 24 LEs        ; 12 LEs               ; 12 LEs                 ; Yes        ; |selection_storer|data_read_write:data_reading_writing|Hex_display_no[4] ;
; 3:1                ; 23 bits   ; 46 LEs        ; 23 LEs               ; 23 LEs                 ; Yes        ; |selection_storer|data_switch_send:data_switch_sending|counter[0]        ;
; 4:1                ; 2 bits    ; 4 LEs         ; 4 LEs                ; 0 LEs                  ; No         ; |selection_storer|Hex_displayer:Hex_displaying|HexDisplay_output[0]      ;
; 16:1               ; 2 bits    ; 20 LEs        ; 10 LEs               ; 10 LEs                 ; No         ; |selection_storer|Hex_displayer:Hex_displaying|HexDisplay_output[6]      ;
; 16:1               ; 2 bits    ; 20 LEs        ; 12 LEs               ; 8 LEs                  ; No         ; |selection_storer|Hex_displayer:Hex_displaying|HexDisplay_output[25]     ;
; 5:1                ; 2 bits    ; 6 LEs         ; 6 LEs                ; 0 LEs                  ; No         ; |selection_storer|Hex_displayer:Hex_displaying|HexDisplay_output[17]     ;
; 5:1                ; 2 bits    ; 6 LEs         ; 6 LEs                ; 0 LEs                  ; No         ; |selection_storer|Hex_displayer:Hex_displaying|HexDisplay_output[21]     ;
; 5:1                ; 2 bits    ; 6 LEs         ; 6 LEs                ; 0 LEs                  ; No         ; |selection_storer|Hex_displayer:Hex_displaying|HexDisplay_output[10]     ;
; 17:1               ; 2 bits    ; 22 LEs        ; 12 LEs               ; 10 LEs                 ; No         ; |selection_storer|Hex_displayer:Hex_displaying|HexDisplay_output[20]     ;
; 17:1               ; 2 bits    ; 22 LEs        ; 12 LEs               ; 10 LEs                 ; No         ; |selection_storer|Hex_displayer:Hex_displaying|HexDisplay_output[11]     ;
+--------------------+-----------+---------------+----------------------+------------------------+------------+--------------------------------------------------------------------------+


+---------------------------------------------------------------------------+
; Parameter Settings for User Entity Instance: Hex_displayer:Hex_displaying ;
+----------------+------------------------------+---------------------------+
; Parameter Name ; Value                        ; Type                      ;
+----------------+------------------------------+---------------------------+
; display4       ; 1111111111111111111111111111 ; Unsigned Binary           ;
+----------------+------------------------------+---------------------------+
Note: In order to hide this table in the UI and the text report file, please set the "Show Parameter Settings Tables in Synthesis Report" option in "Analysis and Synthesis Settings -> More Settings" to "Off".


+-----------------------------------------------------------------------------------------------+
; Parameter Settings for Inferred Entity Instance: Hex_displayer:Hex_displaying|lpm_divide:Mod0 ;
+------------------------+----------------+-----------------------------------------------------+
; Parameter Name         ; Value          ; Type                                                ;
+------------------------+----------------+-----------------------------------------------------+
; LPM_WIDTHN             ; 12             ; Untyped                                             ;
; LPM_WIDTHD             ; 4              ; Untyped                                             ;
; LPM_NREPRESENTATION    ; UNSIGNED       ; Untyped                                             ;
; LPM_DREPRESENTATION    ; UNSIGNED       ; Untyped                                             ;
; LPM_PIPELINE           ; 0              ; Untyped                                             ;
; LPM_REMAINDERPOSITIVE  ; TRUE           ; Untyped                                             ;
; MAXIMIZE_SPEED         ; 5              ; Untyped                                             ;
; CBXI_PARAMETER         ; lpm_divide_f6m ; Untyped                                             ;
; CARRY_CHAIN            ; MANUAL         ; Untyped                                             ;
; OPTIMIZE_FOR_SPEED     ; 5              ; Untyped                                             ;
; AUTO_CARRY_CHAINS      ; ON             ; AUTO_CARRY                                          ;
; IGNORE_CARRY_BUFFERS   ; OFF            ; IGNORE_CARRY                                        ;
; AUTO_CASCADE_CHAINS    ; ON             ; AUTO_CASCADE                                        ;
; IGNORE_CASCADE_BUFFERS ; OFF            ; IGNORE_CASCADE                                      ;
+------------------------+----------------+-----------------------------------------------------+
Note: In order to hide this table in the UI and the text report file, please set the "Show Parameter Settings Tables in Synthesis Report" option in "Analysis and Synthesis Settings -> More Settings" to "Off".


+-----------------------------------------------------------------------------------------------+
; Parameter Settings for Inferred Entity Instance: Hex_displayer:Hex_displaying|lpm_divide:Div0 ;
+------------------------+----------------+-----------------------------------------------------+
; Parameter Name         ; Value          ; Type                                                ;
+------------------------+----------------+-----------------------------------------------------+
; LPM_WIDTHN             ; 12             ; Untyped                                             ;
; LPM_WIDTHD             ; 4              ; Untyped                                             ;
; LPM_NREPRESENTATION    ; UNSIGNED       ; Untyped                                             ;
; LPM_DREPRESENTATION    ; UNSIGNED       ; Untyped                                             ;
; LPM_PIPELINE           ; 0              ; Untyped                                             ;
; LPM_REMAINDERPOSITIVE  ; TRUE           ; Untyped                                             ;
; MAXIMIZE_SPEED         ; 5              ; Untyped                                             ;
; CBXI_PARAMETER         ; lpm_divide_cem ; Untyped                                             ;
; CARRY_CHAIN            ; MANUAL         ; Untyped                                             ;
; OPTIMIZE_FOR_SPEED     ; 5              ; Untyped                                             ;
; AUTO_CARRY_CHAINS      ; ON             ; AUTO_CARRY                                          ;
; IGNORE_CARRY_BUFFERS   ; OFF            ; IGNORE_CARRY                                        ;
; AUTO_CASCADE_CHAINS    ; ON             ; AUTO_CASCADE                                        ;
; IGNORE_CASCADE_BUFFERS ; OFF            ; IGNORE_CASCADE                                      ;
+------------------------+----------------+-----------------------------------------------------+
Note: In order to hide this table in the UI and the text report file, please set the "Show Parameter Settings Tables in Synthesis Report" option in "Analysis and Synthesis Settings -> More Settings" to "Off".


+-----------------------------------------------------------------------------------------------+
; Parameter Settings for Inferred Entity Instance: Hex_displayer:Hex_displaying|lpm_divide:Div1 ;
+------------------------+----------------+-----------------------------------------------------+
; Parameter Name         ; Value          ; Type                                                ;
+------------------------+----------------+-----------------------------------------------------+
; LPM_WIDTHN             ; 12             ; Untyped                                             ;
; LPM_WIDTHD             ; 4              ; Untyped                                             ;
; LPM_NREPRESENTATION    ; UNSIGNED       ; Untyped                                             ;
; LPM_DREPRESENTATION    ; UNSIGNED       ; Untyped                                             ;
; LPM_PIPELINE           ; 0              ; Untyped                                             ;
; LPM_REMAINDERPOSITIVE  ; TRUE           ; Untyped                                             ;
; MAXIMIZE_SPEED         ; 5              ; Untyped                                             ;
; CBXI_PARAMETER         ; lpm_divide_cem ; Untyped                                             ;
; CARRY_CHAIN            ; MANUAL         ; Untyped                                             ;
; OPTIMIZE_FOR_SPEED     ; 5              ; Untyped                                             ;
; AUTO_CARRY_CHAINS      ; ON             ; AUTO_CARRY                                          ;
; IGNORE_CARRY_BUFFERS   ; OFF            ; IGNORE_CARRY                                        ;
; AUTO_CASCADE_CHAINS    ; ON             ; AUTO_CASCADE                                        ;
; IGNORE_CASCADE_BUFFERS ; OFF            ; IGNORE_CASCADE                                      ;
+------------------------+----------------+-----------------------------------------------------+
Note: In order to hide this table in the UI and the text report file, please set the "Show Parameter Settings Tables in Synthesis Report" option in "Analysis and Synthesis Settings -> More Settings" to "Off".


+-----------------------------------------------------------------------------------------------+
; Parameter Settings for Inferred Entity Instance: Hex_displayer:Hex_displaying|lpm_divide:Div2 ;
+------------------------+----------------+-----------------------------------------------------+
; Parameter Name         ; Value          ; Type                                                ;
+------------------------+----------------+-----------------------------------------------------+
; LPM_WIDTHN             ; 12             ; Untyped                                             ;
; LPM_WIDTHD             ; 4              ; Untyped                                             ;
; LPM_NREPRESENTATION    ; UNSIGNED       ; Untyped                                             ;
; LPM_DREPRESENTATION    ; UNSIGNED       ; Untyped                                             ;
; LPM_PIPELINE           ; 0              ; Untyped                                             ;
; LPM_REMAINDERPOSITIVE  ; TRUE           ; Untyped                                             ;
; MAXIMIZE_SPEED         ; 5              ; Untyped                                             ;
; CBXI_PARAMETER         ; lpm_divide_cem ; Untyped                                             ;
; CARRY_CHAIN            ; MANUAL         ; Untyped                                             ;
; OPTIMIZE_FOR_SPEED     ; 5              ; Untyped                                             ;
; AUTO_CARRY_CHAINS      ; ON             ; AUTO_CARRY                                          ;
; IGNORE_CARRY_BUFFERS   ; OFF            ; IGNORE_CARRY                                        ;
; AUTO_CASCADE_CHAINS    ; ON             ; AUTO_CASCADE                                        ;
; IGNORE_CASCADE_BUFFERS ; OFF            ; IGNORE_CASCADE                                      ;
+------------------------+----------------+-----------------------------------------------------+
Note: In order to hide this table in the UI and the text report file, please set the "Show Parameter Settings Tables in Synthesis Report" option in "Analysis and Synthesis Settings -> More Settings" to "Off".


+-----------------------------------------------------------------------------------------------+
; Parameter Settings for Inferred Entity Instance: Hex_displayer:Hex_displaying|lpm_divide:Mod3 ;
+------------------------+----------------+-----------------------------------------------------+
; Parameter Name         ; Value          ; Type                                                ;
+------------------------+----------------+-----------------------------------------------------+
; LPM_WIDTHN             ; 12             ; Untyped                                             ;
; LPM_WIDTHD             ; 4              ; Untyped                                             ;
; LPM_NREPRESENTATION    ; UNSIGNED       ; Untyped                                             ;
; LPM_DREPRESENTATION    ; UNSIGNED       ; Untyped                                             ;
; LPM_PIPELINE           ; 0              ; Untyped                                             ;
; LPM_REMAINDERPOSITIVE  ; TRUE           ; Untyped                                             ;
; MAXIMIZE_SPEED         ; 5              ; Untyped                                             ;
; CBXI_PARAMETER         ; lpm_divide_f6m ; Untyped                                             ;
; CARRY_CHAIN            ; MANUAL         ; Untyped                                             ;
; OPTIMIZE_FOR_SPEED     ; 5              ; Untyped                                             ;
; AUTO_CARRY_CHAINS      ; ON             ; AUTO_CARRY                                          ;
; IGNORE_CARRY_BUFFERS   ; OFF            ; IGNORE_CARRY                                        ;
; AUTO_CASCADE_CHAINS    ; ON             ; AUTO_CASCADE                                        ;
; IGNORE_CASCADE_BUFFERS ; OFF            ; IGNORE_CASCADE                                      ;
+------------------------+----------------+-----------------------------------------------------+
Note: In order to hide this table in the UI and the text report file, please set the "Show Parameter Settings Tables in Synthesis Report" option in "Analysis and Synthesis Settings -> More Settings" to "Off".


+-----------------------------------------------------------------------------------------------+
; Parameter Settings for Inferred Entity Instance: Hex_displayer:Hex_displaying|lpm_divide:Mod2 ;
+------------------------+----------------+-----------------------------------------------------+
; Parameter Name         ; Value          ; Type                                                ;
+------------------------+----------------+-----------------------------------------------------+
; LPM_WIDTHN             ; 12             ; Untyped                                             ;
; LPM_WIDTHD             ; 4              ; Untyped                                             ;
; LPM_NREPRESENTATION    ; UNSIGNED       ; Untyped                                             ;
; LPM_DREPRESENTATION    ; UNSIGNED       ; Untyped                                             ;
; LPM_PIPELINE           ; 0              ; Untyped                                             ;
; LPM_REMAINDERPOSITIVE  ; TRUE           ; Untyped                                             ;
; MAXIMIZE_SPEED         ; 5              ; Untyped                                             ;
; CBXI_PARAMETER         ; lpm_divide_f6m ; Untyped                                             ;
; CARRY_CHAIN            ; MANUAL         ; Untyped                                             ;
; OPTIMIZE_FOR_SPEED     ; 5              ; Untyped                                             ;
; AUTO_CARRY_CHAINS      ; ON             ; AUTO_CARRY                                          ;
; IGNORE_CARRY_BUFFERS   ; OFF            ; IGNORE_CARRY                                        ;
; AUTO_CASCADE_CHAINS    ; ON             ; AUTO_CASCADE                                        ;
; IGNORE_CASCADE_BUFFERS ; OFF            ; IGNORE_CASCADE                                      ;
+------------------------+----------------+-----------------------------------------------------+
Note: In order to hide this table in the UI and the text report file, please set the "Show Parameter Settings Tables in Synthesis Report" option in "Analysis and Synthesis Settings -> More Settings" to "Off".


+-----------------------------------------------------------------------------------------------+
; Parameter Settings for Inferred Entity Instance: Hex_displayer:Hex_displaying|lpm_divide:Mod1 ;
+------------------------+----------------+-----------------------------------------------------+
; Parameter Name         ; Value          ; Type                                                ;
+------------------------+----------------+-----------------------------------------------------+
; LPM_WIDTHN             ; 12             ; Untyped                                             ;
; LPM_WIDTHD             ; 4              ; Untyped                                             ;
; LPM_NREPRESENTATION    ; UNSIGNED       ; Untyped                                             ;
; LPM_DREPRESENTATION    ; UNSIGNED       ; Untyped                                             ;
; LPM_PIPELINE           ; 0              ; Untyped                                             ;
; LPM_REMAINDERPOSITIVE  ; TRUE           ; Untyped                                             ;
; MAXIMIZE_SPEED         ; 5              ; Untyped                                             ;
; CBXI_PARAMETER         ; lpm_divide_f6m ; Untyped                                             ;
; CARRY_CHAIN            ; MANUAL         ; Untyped                                             ;
; OPTIMIZE_FOR_SPEED     ; 5              ; Untyped                                             ;
; AUTO_CARRY_CHAINS      ; ON             ; AUTO_CARRY                                          ;
; IGNORE_CARRY_BUFFERS   ; OFF            ; IGNORE_CARRY                                        ;
; AUTO_CASCADE_CHAINS    ; ON             ; AUTO_CASCADE                                        ;
; IGNORE_CASCADE_BUFFERS ; OFF            ; IGNORE_CASCADE                                      ;
+------------------------+----------------+-----------------------------------------------------+
Note: In order to hide this table in the UI and the text report file, please set the "Show Parameter Settings Tables in Synthesis Report" option in "Analysis and Synthesis Settings -> More Settings" to "Off".


+-------------------------------+
; Analysis & Synthesis Messages ;
+-------------------------------+
Info: *******************************************************************
Info: Running Quartus II Analysis & Synthesis
    Info: Version 7.1 Build 178 06/25/2007 Service Pack 1 SJ Full Version
    Info: Processing started: Tue Jun 22 14:45:33 2010
Info: Command: quartus_map --read_settings_files=on --write_settings_files=off selection_storer -c selection_storer
Info: Found 1 design units, including 1 entities, in source file selection_storer.v
    Info: Found entity 1: selection_storer
Info: Found 1 design units, including 1 entities, in source file clock_maker.v
    Info: Found entity 1: clock_maker
Warning (10229): Verilog HDL Expression warning at Hex_displayer.v(27): truncated literal to match 55 bits
Info: Found 1 design units, including 1 entities, in source file Hex_displayer.v
    Info: Found entity 1: Hex_displayer
Info: Found 1 design units, including 1 entities, in source file data_switch_send.v
    Info: Found entity 1: data_switch_send
Info: Found 1 design units, including 1 entities, in source file trigger_program.v
    Info: Found entity 1: trigger_program
Info: Found 1 design units, including 1 entities, in source file data_read_write.v
    Info: Found entity 1: data_read_write
Info: Elaborating entity "selection_storer" for the top level hierarchy
Info: Elaborating entity "data_switch_send" for hierarchy "data_switch_send:data_switch_sending"
Info: Elaborating entity "clock_maker" for hierarchy "clock_maker:clock_making"
Info: Elaborating entity "data_read_write" for hierarchy "data_read_write:data_reading_writing"
Info: Elaborating entity "Hex_displayer" for hierarchy "Hex_displayer:Hex_displaying"
Warning (10230): Verilog HDL assignment warning at Hex_displayer.v(36): truncated value with size 12 to match size of target (4)
Warning (10230): Verilog HDL assignment warning at Hex_displayer.v(41): truncated value with size 12 to match size of target (4)
Warning (10230): Verilog HDL assignment warning at Hex_displayer.v(46): truncated value with size 12 to match size of target (4)
Warning (10230): Verilog HDL assignment warning at Hex_displayer.v(51): truncated value with size 12 to match size of target (4)
Info: Elaborating entity "trigger_program" for hierarchy "trigger_program:trigger_programming"
Info: Duplicate registers merged to single register
    Info: Duplicate register "data_switch_send:data_switch_sending|clock_counter[0]" merged to single register "clock_maker:clock_making|clock_counter[0]"
    Info: Duplicate register "data_switch_send:data_switch_sending|clock_counter[1]" merged to single register "clock_maker:clock_making|clock_counter[1]"
    Info: Duplicate register "data_switch_send:data_switch_sending|clock_counter[2]" merged to single register "clock_maker:clock_making|clock_counter[2]"
Info: Duplicate registers merged to single register
    Info: Duplicate register "data_switch_send:data_switch_sending|ten_MHz_synch" merged to single register "clock_maker:clock_making|TenMHz_output"
Info: Found 1 design units, including 1 entities, in source file ../libraries/megafunctions/lpm_divide.tdf
    Info: Found entity 1: lpm_divide
Info: Elaborated megafunction instantiation "Hex_displayer:Hex_displaying|lpm_divide:Mod0"
Info: Found 1 design units, including 1 entities, in source file db/lpm_divide_f6m.tdf
    Info: Found entity 1: lpm_divide_f6m
Info: Found 1 design units, including 1 entities, in source file db/sign_div_unsign_mlh.tdf
    Info: Found entity 1: sign_div_unsign_mlh
Info: Found 1 design units, including 1 entities, in source file db/alt_u_div_e2f.tdf
    Info: Found entity 1: alt_u_div_e2f
Info: Found 1 design units, including 1 entities, in source file db/add_sub_lkc.tdf
    Info: Found entity 1: add_sub_lkc
Info: Found 1 design units, including 1 entities, in source file db/add_sub_mkc.tdf
    Info: Found entity 1: add_sub_mkc
Info: Elaborated megafunction instantiation "Hex_displayer:Hex_displaying|lpm_divide:Div0"
Info: Found 1 design units, including 1 entities, in source file db/lpm_divide_cem.tdf
    Info: Found entity 1: lpm_divide_cem
Warning: Output pins are stuck at VCC or GND
    Warning: Pin "Hex_displays[28]" stuck at VCC
    Warning: Pin "Hex_displays[29]" stuck at VCC
    Warning: Pin "Hex_displays[30]" stuck at VCC
    Warning: Pin "Hex_displays[31]" stuck at VCC
    Warning: Pin "Hex_displays[32]" stuck at VCC
    Warning: Pin "Hex_displays[33]" stuck at VCC
    Warning: Pin "Hex_displays[34]" stuck at VCC
    Warning: Pin "Hex_displays[35]" stuck at VCC
    Warning: Pin "Hex_displays[36]" stuck at VCC
    Warning: Pin "Hex_displays[37]" stuck at VCC
    Warning: Pin "Hex_displays[38]" stuck at VCC
    Warning: Pin "Hex_displays[39]" stuck at VCC
    Warning: Pin "Hex_displays[40]" stuck at VCC
    Warning: Pin "Hex_displays[41]" stuck at VCC
    Warning: Pin "Hex_displays[42]" stuck at VCC
    Warning: Pin "Hex_displays[43]" stuck at VCC
    Warning: Pin "Hex_displays[44]" stuck at VCC
    Warning: Pin "Hex_displays[45]" stuck at VCC
    Warning: Pin "Hex_displays[46]" stuck at VCC
    Warning: Pin "Hex_displays[47]" stuck at VCC
    Warning: Pin "Hex_displays[48]" stuck at VCC
    Warning: Pin "Hex_displays[49]" stuck at VCC
    Warning: Pin "Hex_displays[50]" stuck at VCC
    Warning: Pin "Hex_displays[51]" stuck at VCC
    Warning: Pin "Hex_displays[52]" stuck at VCC
    Warning: Pin "Hex_displays[53]" stuck at VCC
    Warning: Pin "Hex_displays[54]" stuck at VCC
    Warning: Pin "Hex_displays[55]" stuck at VCC
Info: Found the following redundant logic cells in design
    Info: Logic cell "Hex_displayer:Hex_displaying|lpm_divide:Mod1|lpm_divide_f6m:auto_generated|sign_div_unsign_mlh:divider|alt_u_div_e2f:divider|add_sub_6_result_int[0]~22"
    Info: Logic cell "Hex_displayer:Hex_displaying|lpm_divide:Mod1|lpm_divide_f6m:auto_generated|sign_div_unsign_mlh:divider|alt_u_div_e2f:divider|add_sub_7_result_int[0]~22"
    Info: Logic cell "Hex_displayer:Hex_displaying|lpm_divide:Mod1|lpm_divide_f6m:auto_generated|sign_div_unsign_mlh:divider|alt_u_div_e2f:divider|add_sub_8_result_int[0]~22"
    Info: Logic cell "Hex_displayer:Hex_displaying|lpm_divide:Mod1|lpm_divide_f6m:auto_generated|sign_div_unsign_mlh:divider|alt_u_div_e2f:divider|add_sub_9_result_int[0]~22"
    Info: Logic cell "Hex_displayer:Hex_displaying|lpm_divide:Mod1|lpm_divide_f6m:auto_generated|sign_div_unsign_mlh:divider|alt_u_div_e2f:divider|add_sub_10_result_int[0]~22"
    Info: Logic cell "Hex_displayer:Hex_displaying|lpm_divide:Mod1|lpm_divide_f6m:auto_generated|sign_div_unsign_mlh:divider|alt_u_div_e2f:divider|add_sub_11_result_int[0]~22"
    Info: Logic cell "Hex_displayer:Hex_displaying|lpm_divide:Div1|lpm_divide_cem:auto_generated|sign_div_unsign_mlh:divider|alt_u_div_e2f:divider|add_sub_6_result_int[0]~22"
    Info: Logic cell "Hex_displayer:Hex_displaying|lpm_divide:Div1|lpm_divide_cem:auto_generated|sign_div_unsign_mlh:divider|alt_u_div_e2f:divider|add_sub_7_result_int[0]~22"
    Info: Logic cell "Hex_displayer:Hex_displaying|lpm_divide:Div1|lpm_divide_cem:auto_generated|sign_div_unsign_mlh:divider|alt_u_div_e2f:divider|add_sub_8_result_int[0]~22"
    Info: Logic cell "Hex_displayer:Hex_displaying|lpm_divide:Div2|lpm_divide_cem:auto_generated|sign_div_unsign_mlh:divider|alt_u_div_e2f:divider|add_sub_9_result_int[0]~41"
    Info: Logic cell "Hex_displayer:Hex_displaying|lpm_divide:Div1|lpm_divide_cem:auto_generated|sign_div_unsign_mlh:divider|alt_u_div_e2f:divider|add_sub_9_result_int[0]~22"
    Info: Logic cell "Hex_displayer:Hex_displaying|lpm_divide:Div2|lpm_divide_cem:auto_generated|sign_div_unsign_mlh:divider|alt_u_div_e2f:divider|add_sub_10_result_int[0]~37"
    Info: Logic cell "Hex_displayer:Hex_displaying|lpm_divide:Mod2|lpm_divide_f6m:auto_generated|sign_div_unsign_mlh:divider|alt_u_div_e2f:divider|add_sub_9_result_int[0]~22"
    Info: Logic cell "Hex_displayer:Hex_displaying|lpm_divide:Mod2|lpm_divide_f6m:auto_generated|sign_div_unsign_mlh:divider|alt_u_div_e2f:divider|add_sub_10_result_int[0]~22"
    Info: Logic cell "Hex_displayer:Hex_displaying|lpm_divide:Div1|lpm_divide_cem:auto_generated|sign_div_unsign_mlh:divider|alt_u_div_e2f:divider|add_sub_10_result_int[0]~22"
    Info: Logic cell "Hex_displayer:Hex_displaying|lpm_divide:Mod2|lpm_divide_f6m:auto_generated|sign_div_unsign_mlh:divider|alt_u_div_e2f:divider|add_sub_11_result_int[0]~22"
Info: Implemented 827 device resources after synthesis - the final resource count might be different
    Info: Implemented 24 input pins
    Info: Implemented 61 output pins
    Info: Implemented 742 logic cells
Info: Quartus II Analysis & Synthesis was successful. 0 errors, 34 warnings
    Info: Allocated 145 megabytes of memory during processing
    Info: Processing ended: Tue Jun 22 14:45:42 2010
    Info: Elapsed time: 00:00:09


