Flow report for selection_storer
Tue Jun 22 14:46:15 2010
Quartus II Version 7.1 Build 178 06/25/2007 Service Pack 1 SJ Full Version


---------------------
; Table of Contents ;
---------------------
  1. Legal Notice
  2. Flow Summary
  3. Flow Settings
  4. Flow Non-Default Global Settings
  5. Flow Elapsed Time
  6. Flow Log



----------------
; Legal Notice ;
----------------
Copyright (C) 1991-2007 Altera Corporation
Your use of Altera Corporation's design tools, logic functions 
and other software and tools, and its AMPP partner logic 
functions, and any output files from any of the foregoing 
(including device programming or simulation files), and any 
associated documentation or information are expressly subject 
to the terms and conditions of the Altera Program License 
Subscription Agreement, Altera MegaCore Function License 
Agreement, or other applicable license agreement, including, 
without limitation, that your use is for the sole purpose of 
programming logic devices manufactured by Altera and sold by 
Altera or its authorized distributors.  Please refer to the 
applicable agreement for further details.



+------------------------------------------------------------------------------------+
; Flow Summary                                                                       ;
+------------------------------------+-----------------------------------------------+
; Flow Status                        ; Successful - Tue Jun 22 14:46:15 2010         ;
; Quartus II Version                 ; 7.1 Build 178 06/25/2007 SP 1 SJ Full Version ;
; Revision Name                      ; selection_storer                              ;
; Top-level Entity Name              ; selection_storer                              ;
; Family                             ; Cyclone II                                    ;
; Device                             ; EP2C35F672C6                                  ;
; Timing Models                      ; Final                                         ;
; Met timing requirements            ; Yes                                           ;
; Total logic elements               ; 735 / 33,216 ( 2 % )                          ;
;     Total combinational functions  ; 729 / 33,216 ( 2 % )                          ;
;     Dedicated logic registers      ; 145 / 33,216 ( < 1 % )                        ;
; Total registers                    ; 145                                           ;
; Total pins                         ; 85 / 475 ( 18 % )                             ;
; Total virtual pins                 ; 0                                             ;
; Total memory bits                  ; 0 / 483,840 ( 0 % )                           ;
; Embedded Multiplier 9-bit elements ; 0 / 70 ( 0 % )                                ;
; Total PLLs                         ; 0 / 4 ( 0 % )                                 ;
+------------------------------------+-----------------------------------------------+


+-----------------------------------------+
; Flow Settings                           ;
+-------------------+---------------------+
; Option            ; Setting             ;
+-------------------+---------------------+
; Start date & time ; 06/22/2010 14:45:34 ;
; Main task         ; Compilation         ;
; Revision Name     ; selection_storer    ;
+-------------------+---------------------+


+----------------------------------------------------------------------------+
; Flow Non-Default Global Settings                                           ;
+------------------------+--------+---------------+-------------+------------+
; Assignment Name        ; Value  ; Default Value ; Entity Name ; Section Id ;
+------------------------+--------+---------------+-------------+------------+
; PARTITION_NETLIST_TYPE ; SOURCE ; --            ; --          ; Top        ;
+------------------------+--------+---------------+-------------+------------+


+----------------------------------------+
; Flow Elapsed Time                      ;
+-------------------------+--------------+
; Module Name             ; Elapsed Time ;
+-------------------------+--------------+
; Analysis & Synthesis    ; 00:00:08     ;
; Fitter                  ; 00:00:15     ;
; Assembler               ; 00:00:13     ;
; Classic Timing Analyzer ; 00:00:01     ;
; Total                   ; 00:00:37     ;
+-------------------------+--------------+


------------
; Flow Log ;
------------
quartus_map --read_settings_files=on --write_settings_files=off selection_storer -c selection_storer
quartus_fit --read_settings_files=off --write_settings_files=off selection_storer -c selection_storer
quartus_asm --read_settings_files=off --write_settings_files=off selection_storer -c selection_storer
quartus_tan --read_settings_files=off --write_settings_files=off selection_storer -c selection_storer --timing_analysis_only



