Flow report for new_decision
Fri Aug 13 10:11:27 2010
Quartus II Version 7.1 Build 178 06/25/2007 Service Pack 1 SJ Full Version


---------------------
; Table of Contents ;
---------------------
  1. Legal Notice
  2. Flow Summary
  3. Flow Settings
  4. Flow Non-Default Global Settings
  5. Flow Elapsed Time
  6. Flow Log



----------------
; Legal Notice ;
----------------
Copyright (C) 1991-2007 Altera Corporation
Your use of Altera Corporation's design tools, logic functions 
and other software and tools, and its AMPP partner logic 
functions, and any output files from any of the foregoing 
(including device programming or simulation files), and any 
associated documentation or information are expressly subject 
to the terms and conditions of the Altera Program License 
Subscription Agreement, Altera MegaCore Function License 
Agreement, or other applicable license agreement, including, 
without limitation, that your use is for the sole purpose of 
programming logic devices manufactured by Altera and sold by 
Altera or its authorized distributors.  Please refer to the 
applicable agreement for further details.



+-------------------------------------------------------------------------------+
; Flow Summary                                                                  ;
+-------------------------------+-----------------------------------------------+
; Flow Status                   ; Successful - Fri Aug 13 10:11:26 2010         ;
; Quartus II Version            ; 7.1 Build 178 06/25/2007 SP 1 SJ Full Version ;
; Revision Name                 ; new_decision                                  ;
; Top-level Entity Name         ; new_decision                                  ;
; Family                        ; Stratix II                                    ;
; Met timing requirements       ; Yes                                           ;
; Logic utilization             ; 29 %                                          ;
;     Combinational ALUTs       ; 7,779 / 27,104 ( 29 % )                       ;
;     Dedicated logic registers ; 5,628 / 27,104 ( 21 % )                       ;
; Total registers               ; 5628                                          ;
; Total pins                    ; 23 / 343 ( 7 % )                              ;
; Total virtual pins            ; 0                                             ;
; Total block memory bits       ; 256 / 1,369,728 ( < 1 % )                     ;
; DSP block 9-bit elements      ; 0 / 128 ( 0 % )                               ;
; Total PLLs                    ; 0 / 6 ( 0 % )                                 ;
; Total DLLs                    ; 0 / 2 ( 0 % )                                 ;
; Device                        ; EP2S30F484C3                                  ;
; Timing Models                 ; Final                                         ;
+-------------------------------+-----------------------------------------------+


+-----------------------------------------+
; Flow Settings                           ;
+-------------------+---------------------+
; Option            ; Setting             ;
+-------------------+---------------------+
; Start date & time ; 08/13/2010 10:06:56 ;
; Main task         ; Compilation         ;
; Revision Name     ; new_decision        ;
+-------------------+---------------------+


+----------------------------------------------------------------------------+
; Flow Non-Default Global Settings                                           ;
+------------------------+--------+---------------+-------------+------------+
; Assignment Name        ; Value  ; Default Value ; Entity Name ; Section Id ;
+------------------------+--------+---------------+-------------+------------+
; PARTITION_NETLIST_TYPE ; SOURCE ; --            ; --          ; Top        ;
+------------------------+--------+---------------+-------------+------------+


+----------------------------------------+
; Flow Elapsed Time                      ;
+-------------------------+--------------+
; Module Name             ; Elapsed Time ;
+-------------------------+--------------+
; Analysis & Synthesis    ; 00:02:17     ;
; Fitter                  ; 00:01:43     ;
; Assembler               ; 00:00:18     ;
; Classic Timing Analyzer ; 00:00:03     ;
; Total                   ; 00:04:21     ;
+-------------------------+--------------+


------------
; Flow Log ;
------------
quartus_map --read_settings_files=on --write_settings_files=off new_decision -c new_decision
quartus_fit --read_settings_files=off --write_settings_files=off new_decision -c new_decision
quartus_asm --read_settings_files=off --write_settings_files=off new_decision -c new_decision
quartus_tan --read_settings_files=off --write_settings_files=off new_decision -c new_decision --timing_analysis_only



